<?xml version="1.0" encoding="UTF-8"?>
<coverage generated="1735701328692" clover="3.2.0">
  <project timestamp="1735701328692" name="All files">
    <metrics statements="915" coveredstatements="639" conditionals="736" coveredconditionals="458" methods="299" coveredmethods="230" elements="1950" coveredelements="1327" complexity="0" loc="915" ncloc="915" packages="6" files="53" classes="53"/>
    <package name="src.configuration">
      <metrics statements="96" coveredstatements="83" conditionals="126" coveredconditionals="59" methods="52" coveredmethods="52"/>
      <file name="class-configuration.ts" path="Z:\Personal\cli-typescript-class-organizer\src\configuration\class-configuration.ts">
        <metrics statements="0" coveredstatements="0" conditionals="0" coveredconditionals="0" methods="1" coveredmethods="1"/>
      </file>
      <file name="class-member-configuration.ts" path="Z:\Personal\cli-typescript-class-organizer\src\configuration\class-member-configuration.ts">
        <metrics statements="0" coveredstatements="0" conditionals="0" coveredconditionals="0" methods="1" coveredmethods="1"/>
      </file>
      <file name="class-member-group-configuration.ts" path="Z:\Personal\cli-typescript-class-organizer\src\configuration\class-member-group-configuration.ts">
        <metrics statements="0" coveredstatements="0" conditionals="0" coveredconditionals="0" methods="1" coveredmethods="1"/>
      </file>
      <file name="configuration.ts" path="Z:\Personal\cli-typescript-class-organizer\src\configuration\configuration.ts">
        <metrics statements="96" coveredstatements="83" conditionals="126" coveredconditionals="59" methods="39" coveredmethods="39"/>
        <line num="43" count="1" type="stmt"/>
        <line num="44" count="1" type="stmt"/>
        <line num="46" count="1" type="stmt"/>
        <line num="48" count="1" type="cond" truecount="1" falsecount="1"/>
        <line num="50" count="1" type="stmt"/>
        <line num="55" count="0" type="stmt"/>
        <line num="58" count="1" type="stmt"/>
        <line num="72" count="10" type="cond" truecount="1" falsecount="1"/>
        <line num="90" count="40" type="cond" truecount="1" falsecount="1"/>
        <line num="105" count="4" type="cond" truecount="1" falsecount="1"/>
        <line num="119" count="3" type="cond" truecount="1" falsecount="1"/>
        <line num="126" count="1" type="stmt"/>
        <line num="140" count="7" type="cond" truecount="1" falsecount="1"/>
        <line num="158" count="17" type="cond" truecount="1" falsecount="1"/>
        <line num="173" count="4" type="cond" truecount="1" falsecount="1"/>
        <line num="187" count="3" type="cond" truecount="1" falsecount="1"/>
        <line num="198" count="40" type="stmt"/>
        <line num="199" count="17" type="stmt"/>
        <line num="200" count="38" type="stmt"/>
        <line num="201" count="1" type="stmt"/>
        <line num="204" count="1" type="stmt"/>
        <line num="206" count="40" type="stmt"/>
        <line num="210" count="1" type="stmt"/>
        <line num="212" count="0" type="stmt"/>
        <line num="215" count="1" type="stmt"/>
        <line num="220" count="4" type="stmt"/>
        <line num="221" count="4" type="stmt"/>
        <line num="222" count="5" type="stmt"/>
        <line num="223" count="1" type="stmt"/>
        <line num="226" count="1" type="stmt"/>
        <line num="228" count="4" type="stmt"/>
        <line num="232" count="1" type="stmt"/>
        <line num="234" count="0" type="stmt"/>
        <line num="237" count="1" type="stmt"/>
        <line num="242" count="10" type="stmt"/>
        <line num="243" count="7" type="stmt"/>
        <line num="244" count="10" type="stmt"/>
        <line num="245" count="1" type="stmt"/>
        <line num="248" count="1" type="stmt"/>
        <line num="250" count="10" type="stmt"/>
        <line num="254" count="1" type="stmt"/>
        <line num="256" count="0" type="stmt"/>
        <line num="259" count="1" type="stmt"/>
        <line num="264" count="3" type="stmt"/>
        <line num="265" count="3" type="stmt"/>
        <line num="266" count="3" type="stmt"/>
        <line num="267" count="1" type="stmt"/>
        <line num="270" count="1" type="stmt"/>
        <line num="272" count="3" type="stmt"/>
        <line num="276" count="1" type="stmt"/>
        <line num="278" count="0" type="stmt"/>
        <line num="281" count="1" type="stmt"/>
        <line num="286" count="57" type="cond" truecount="1" falsecount="1"/>
        <line num="287" count="57" type="cond" truecount="1" falsecount="1"/>
        <line num="288" count="57" type="cond" truecount="1" falsecount="1"/>
        <line num="289" count="80" type="cond" truecount="1" falsecount="1"/>
        <line num="290" count="57" type="cond" truecount="1" falsecount="1"/>
        <line num="291" count="57" type="cond" truecount="1" falsecount="1"/>
        <line num="292" count="57" type="cond" truecount="1" falsecount="1"/>
        <line num="294" count="57" type="stmt"/>
        <line num="296" count="0" type="cond" truecount="0" falsecount="2"/>
        <line num="299" count="0" type="stmt"/>
        <line num="303" count="57" type="stmt"/>
        <line num="308" count="8" type="cond" truecount="1" falsecount="1"/>
        <line num="309" count="8" type="cond" truecount="1" falsecount="1"/>
        <line num="310" count="8" type="cond" truecount="1" falsecount="1"/>
        <line num="311" count="10" type="cond" truecount="1" falsecount="1"/>
        <line num="312" count="8" type="cond" truecount="1" falsecount="1"/>
        <line num="313" count="8" type="cond" truecount="1" falsecount="1"/>
        <line num="314" count="8" type="cond" truecount="1" falsecount="1"/>
        <line num="316" count="8" type="stmt"/>
        <line num="318" count="0" type="cond" truecount="0" falsecount="2"/>
        <line num="321" count="0" type="stmt"/>
        <line num="325" count="8" type="stmt"/>
        <line num="330" count="17" type="cond" truecount="1" falsecount="1"/>
        <line num="331" count="17" type="cond" truecount="1" falsecount="1"/>
        <line num="332" count="17" type="cond" truecount="1" falsecount="1"/>
        <line num="333" count="20" type="cond" truecount="1" falsecount="1"/>
        <line num="334" count="17" type="cond" truecount="1" falsecount="1"/>
        <line num="335" count="17" type="cond" truecount="1" falsecount="1"/>
        <line num="336" count="17" type="cond" truecount="1" falsecount="1"/>
        <line num="338" count="17" type="stmt"/>
        <line num="340" count="0" type="cond" truecount="0" falsecount="2"/>
        <line num="343" count="0" type="stmt"/>
        <line num="347" count="17" type="stmt"/>
        <line num="352" count="6" type="cond" truecount="1" falsecount="1"/>
        <line num="353" count="6" type="cond" truecount="1" falsecount="1"/>
        <line num="354" count="6" type="cond" truecount="1" falsecount="1"/>
        <line num="355" count="6" type="cond" truecount="1" falsecount="1"/>
        <line num="356" count="6" type="cond" truecount="1" falsecount="1"/>
        <line num="357" count="6" type="cond" truecount="1" falsecount="1"/>
        <line num="358" count="6" type="cond" truecount="1" falsecount="1"/>
        <line num="360" count="6" type="stmt"/>
        <line num="362" count="0" type="cond" truecount="0" falsecount="2"/>
        <line num="365" count="0" type="stmt"/>
        <line num="369" count="6" type="stmt"/>
      </file>
      <file name="interface-configuration.ts" path="Z:\Personal\cli-typescript-class-organizer\src\configuration\interface-configuration.ts">
        <metrics statements="0" coveredstatements="0" conditionals="0" coveredconditionals="0" methods="1" coveredmethods="1"/>
      </file>
      <file name="interface-member-configuration.ts" path="Z:\Personal\cli-typescript-class-organizer\src\configuration\interface-member-configuration.ts">
        <metrics statements="0" coveredstatements="0" conditionals="0" coveredconditionals="0" methods="1" coveredmethods="1"/>
      </file>
      <file name="interface-member-group-configuration.ts" path="Z:\Personal\cli-typescript-class-organizer\src\configuration\interface-member-group-configuration.ts">
        <metrics statements="0" coveredstatements="0" conditionals="0" coveredconditionals="0" methods="1" coveredmethods="1"/>
      </file>
      <file name="module-configuration.ts" path="Z:\Personal\cli-typescript-class-organizer\src\configuration\module-configuration.ts">
        <metrics statements="0" coveredstatements="0" conditionals="0" coveredconditionals="0" methods="1" coveredmethods="1"/>
      </file>
      <file name="module-member-configuration.ts" path="Z:\Personal\cli-typescript-class-organizer\src\configuration\module-member-configuration.ts">
        <metrics statements="0" coveredstatements="0" conditionals="0" coveredconditionals="0" methods="1" coveredmethods="1"/>
      </file>
      <file name="module-member-group-configuration.ts" path="Z:\Personal\cli-typescript-class-organizer\src\configuration\module-member-group-configuration.ts">
        <metrics statements="0" coveredstatements="0" conditionals="0" coveredconditionals="0" methods="1" coveredmethods="1"/>
      </file>
      <file name="region-configuration.ts" path="Z:\Personal\cli-typescript-class-organizer\src\configuration\region-configuration.ts">
        <metrics statements="0" coveredstatements="0" conditionals="0" coveredconditionals="0" methods="1" coveredmethods="1"/>
      </file>
      <file name="type-configuration.ts" path="Z:\Personal\cli-typescript-class-organizer\src\configuration\type-configuration.ts">
        <metrics statements="0" coveredstatements="0" conditionals="0" coveredconditionals="0" methods="1" coveredmethods="1"/>
      </file>
      <file name="type-member-configuration.ts" path="Z:\Personal\cli-typescript-class-organizer\src\configuration\type-member-configuration.ts">
        <metrics statements="0" coveredstatements="0" conditionals="0" coveredconditionals="0" methods="1" coveredmethods="1"/>
      </file>
      <file name="type-member-group-configuration.ts" path="Z:\Personal\cli-typescript-class-organizer\src\configuration\type-member-group-configuration.ts">
        <metrics statements="0" coveredstatements="0" conditionals="0" coveredconditionals="0" methods="1" coveredmethods="1"/>
      </file>
    </package>
    <package name="src.elements">
      <metrics statements="331" coveredstatements="211" conditionals="305" coveredconditionals="220" methods="109" coveredmethods="89"/>
      <file name="accessor-node.ts" path="Z:\Personal\cli-typescript-class-organizer\src\elements\accessor-node.ts">
        <metrics statements="6" coveredstatements="6" conditionals="2" coveredconditionals="1" methods="1" coveredmethods="1"/>
        <line num="22" count="20" type="stmt"/>
        <line num="24" count="20" type="cond" truecount="1" falsecount="1"/>
        <line num="26" count="20" type="stmt"/>
        <line num="27" count="20" type="stmt"/>
        <line num="29" count="20" type="stmt"/>
        <line num="30" count="20" type="stmt"/>
      </file>
      <file name="class-node.ts" path="Z:\Personal\cli-typescript-class-organizer\src\elements\class-node.ts">
        <metrics statements="162" coveredstatements="162" conditionals="212" coveredconditionals="208" methods="75" coveredmethods="75"/>
        <line num="19" count="1" type="stmt"/>
        <line num="20" count="1" type="stmt"/>
        <line num="22" count="1" type="stmt"/>
        <line num="25" count="1" type="stmt"/>
        <line num="26" count="1" type="stmt"/>
        <line num="27" count="1" type="stmt"/>
        <line num="29" count="1" type="stmt"/>
        <line num="30" count="1" type="stmt"/>
        <line num="31" count="1" type="stmt"/>
        <line num="39" count="1" type="stmt"/>
        <line num="41" count="1" type="stmt"/>
        <line num="43" count="1" type="cond" truecount="3" falsecount="1"/>
        <line num="45" count="1" type="stmt"/>
        <line num="46" count="1" type="stmt"/>
        <line num="49" count="1" type="stmt"/>
        <line num="51" count="1" type="stmt"/>
        <line num="52" count="1" type="stmt"/>
        <line num="55" count="1" type="stmt"/>
        <line num="57" count="126" type="cond" truecount="2" falsecount="0"/>
        <line num="59" count="1" type="stmt"/>
        <line num="61" count="125" type="cond" truecount="2" falsecount="0"/>
        <line num="63" count="1" type="stmt"/>
        <line num="65" count="124" type="cond" truecount="2" falsecount="0"/>
        <line num="67" count="20" type="stmt"/>
        <line num="69" count="104" type="cond" truecount="2" falsecount="0"/>
        <line num="71" count="44" type="cond" truecount="4" falsecount="0"/>
        <line num="73" count="4" type="stmt"/>
        <line num="77" count="40" type="stmt"/>
        <line num="80" count="60" type="cond" truecount="2" falsecount="0"/>
        <line num="82" count="18" type="stmt"/>
        <line num="84" count="42" type="cond" truecount="2" falsecount="0"/>
        <line num="86" count="18" type="stmt"/>
        <line num="88" count="24" type="cond" truecount="1" falsecount="1"/>
        <line num="90" count="24" type="stmt"/>
        <line num="101" count="1" type="stmt"/>
        <line num="103" count="1" type="stmt"/>
        <line num="105" count="40" type="stmt"/>
        <line num="106" count="40" type="stmt"/>
        <line num="107" count="40" type="stmt"/>
        <line num="108" count="40" type="stmt"/>
        <line num="109" count="40" type="stmt"/>
        <line num="111" count="40" type="stmt"/>
        <line num="113" count="38" type="stmt"/>
        <line num="115" count="38" type="cond" truecount="2" falsecount="0"/>
        <line num="117" count="1" type="stmt"/>
        <line num="119" count="37" type="cond" truecount="2" falsecount="0"/>
        <line num="121" count="1" type="stmt"/>
        <line num="123" count="36" type="cond" truecount="2" falsecount="0"/>
        <line num="125" count="1" type="stmt"/>
        <line num="127" count="35" type="cond" truecount="2" falsecount="0"/>
        <line num="129" count="1" type="stmt"/>
        <line num="131" count="34" type="cond" truecount="2" falsecount="0"/>
        <line num="133" count="1" type="stmt"/>
        <line num="135" count="33" type="cond" truecount="2" falsecount="0"/>
        <line num="137" count="1" type="stmt"/>
        <line num="139" count="32" type="cond" truecount="2" falsecount="0"/>
        <line num="141" count="1" type="stmt"/>
        <line num="143" count="31" type="cond" truecount="2" falsecount="0"/>
        <line num="145" count="1" type="stmt"/>
        <line num="147" count="30" type="cond" truecount="2" falsecount="0"/>
        <line num="149" count="1" type="stmt"/>
        <line num="151" count="29" type="cond" truecount="2" falsecount="0"/>
        <line num="153" count="1" type="stmt"/>
        <line num="155" count="28" type="cond" truecount="2" falsecount="0"/>
        <line num="157" count="1" type="stmt"/>
        <line num="159" count="27" type="cond" truecount="2" falsecount="0"/>
        <line num="161" count="1" type="stmt"/>
        <line num="163" count="26" type="cond" truecount="2" falsecount="0"/>
        <line num="165" count="1" type="stmt"/>
        <line num="167" count="25" type="cond" truecount="2" falsecount="0"/>
        <line num="169" count="1" type="stmt"/>
        <line num="171" count="24" type="cond" truecount="2" falsecount="0"/>
        <line num="173" count="1" type="stmt"/>
        <line num="175" count="23" type="cond" truecount="2" falsecount="0"/>
        <line num="177" count="1" type="stmt"/>
        <line num="179" count="22" type="cond" truecount="2" falsecount="0"/>
        <line num="181" count="1" type="stmt"/>
        <line num="183" count="21" type="cond" truecount="2" falsecount="0"/>
        <line num="185" count="1" type="stmt"/>
        <line num="187" count="20" type="cond" truecount="2" falsecount="0"/>
        <line num="189" count="1" type="stmt"/>
        <line num="191" count="19" type="cond" truecount="2" falsecount="0"/>
        <line num="193" count="1" type="stmt"/>
        <line num="195" count="18" type="cond" truecount="2" falsecount="0"/>
        <line num="197" count="1" type="stmt"/>
        <line num="199" count="17" type="cond" truecount="2" falsecount="0"/>
        <line num="201" count="1" type="stmt"/>
        <line num="203" count="16" type="cond" truecount="2" falsecount="0"/>
        <line num="205" count="1" type="stmt"/>
        <line num="207" count="15" type="cond" truecount="2" falsecount="0"/>
        <line num="209" count="1" type="stmt"/>
        <line num="211" count="14" type="cond" truecount="2" falsecount="0"/>
        <line num="213" count="1" type="stmt"/>
        <line num="215" count="13" type="cond" truecount="2" falsecount="0"/>
        <line num="217" count="1" type="stmt"/>
        <line num="219" count="12" type="cond" truecount="2" falsecount="0"/>
        <line num="221" count="1" type="stmt"/>
        <line num="223" count="11" type="cond" truecount="2" falsecount="0"/>
        <line num="225" count="1" type="stmt"/>
        <line num="227" count="10" type="cond" truecount="2" falsecount="0"/>
        <line num="229" count="1" type="stmt"/>
        <line num="231" count="9" type="cond" truecount="2" falsecount="0"/>
        <line num="233" count="1" type="stmt"/>
        <line num="235" count="8" type="cond" truecount="2" falsecount="0"/>
        <line num="237" count="1" type="stmt"/>
        <line num="239" count="7" type="cond" truecount="2" falsecount="0"/>
        <line num="241" count="1" type="stmt"/>
        <line num="243" count="6" type="cond" truecount="2" falsecount="0"/>
        <line num="245" count="1" type="stmt"/>
        <line num="247" count="5" type="cond" truecount="2" falsecount="0"/>
        <line num="249" count="1" type="stmt"/>
        <line num="251" count="4" type="cond" truecount="2" falsecount="0"/>
        <line num="253" count="1" type="stmt"/>
        <line num="255" count="3" type="cond" truecount="2" falsecount="0"/>
        <line num="257" count="1" type="stmt"/>
        <line num="259" count="2" type="cond" truecount="2" falsecount="0"/>
        <line num="261" count="1" type="stmt"/>
        <line num="263" count="1" type="cond" truecount="1" falsecount="1"/>
        <line num="265" count="1" type="stmt"/>
        <line num="268" count="38" type="cond" truecount="1" falsecount="1"/>
        <line num="270" count="38" type="stmt"/>
        <line num="274" count="40" type="cond" truecount="2" falsecount="0"/>
        <line num="276" count="38" type="cond" truecount="2" falsecount="0"/>
        <line num="278" count="26" type="stmt"/>
        <line num="282" count="12" type="stmt"/>
        <line num="287" count="1" type="stmt"/>
        <line num="296" count="20" type="cond" truecount="3" falsecount="0"/>
        <line num="301" count="36" type="cond" truecount="3" falsecount="0"/>
        <line num="306" count="28" type="cond" truecount="3" falsecount="0"/>
        <line num="311" count="40" type="cond" truecount="3" falsecount="0"/>
        <line num="316" count="40" type="cond" truecount="3" falsecount="0"/>
        <line num="321" count="20" type="cond" truecount="3" falsecount="0"/>
        <line num="326" count="36" type="cond" truecount="3" falsecount="0"/>
        <line num="331" count="28" type="cond" truecount="3" falsecount="0"/>
        <line num="336" count="40" type="cond" truecount="3" falsecount="0"/>
        <line num="341" count="40" type="cond" truecount="3" falsecount="0"/>
        <line num="346" count="20" type="cond" truecount="3" falsecount="0"/>
        <line num="351" count="36" type="cond" truecount="3" falsecount="0"/>
        <line num="356" count="28" type="cond" truecount="3" falsecount="0"/>
        <line num="361" count="20" type="cond" truecount="3" falsecount="0"/>
        <line num="366" count="36" type="cond" truecount="3" falsecount="0"/>
        <line num="371" count="28" type="cond" truecount="3" falsecount="0"/>
        <line num="376" count="40" type="cond" truecount="3" falsecount="0"/>
        <line num="381" count="40" type="cond" truecount="3" falsecount="0"/>
        <line num="386" count="20" type="cond" truecount="3" falsecount="0"/>
        <line num="391" count="36" type="cond" truecount="3" falsecount="0"/>
        <line num="396" count="28" type="cond" truecount="3" falsecount="0"/>
        <line num="401" count="40" type="cond" truecount="3" falsecount="0"/>
        <line num="406" count="40" type="cond" truecount="3" falsecount="0"/>
        <line num="411" count="20" type="cond" truecount="3" falsecount="0"/>
        <line num="416" count="36" type="cond" truecount="3" falsecount="0"/>
        <line num="421" count="28" type="cond" truecount="3" falsecount="0"/>
        <line num="426" count="20" type="cond" truecount="3" falsecount="0"/>
        <line num="431" count="36" type="cond" truecount="3" falsecount="0"/>
        <line num="436" count="28" type="cond" truecount="3" falsecount="0"/>
        <line num="441" count="40" type="cond" truecount="3" falsecount="0"/>
        <line num="446" count="40" type="cond" truecount="3" falsecount="0"/>
        <line num="451" count="20" type="cond" truecount="3" falsecount="0"/>
        <line num="456" count="36" type="cond" truecount="3" falsecount="0"/>
        <line num="461" count="28" type="cond" truecount="3" falsecount="0"/>
        <line num="466" count="40" type="cond" truecount="3" falsecount="0"/>
        <line num="471" count="40" type="cond" truecount="3" falsecount="0"/>
      </file>
      <file name="constructor-node.ts" path="Z:\Personal\cli-typescript-class-organizer\src\elements\constructor-node.ts">
        <metrics statements="3" coveredstatements="3" conditionals="0" coveredconditionals="0" methods="1" coveredmethods="1"/>
        <line num="19" count="1" type="stmt"/>
        <line num="21" count="1" type="stmt"/>
        <line num="22" count="1" type="stmt"/>
      </file>
      <file name="element-node-group.ts" path="Z:\Personal\cli-typescript-class-organizer\src\elements\element-node-group.ts">
        <metrics statements="1" coveredstatements="1" conditionals="0" coveredconditionals="0" methods="3" coveredmethods="3"/>
        <line num="18" count="282" type="stmt"/>
      </file>
      <file name="element-node.ts" path="Z:\Personal\cli-typescript-class-organizer\src\elements\element-node.ts">
        <metrics statements="5" coveredstatements="5" conditionals="2" coveredconditionals="2" methods="2" coveredmethods="2"/>
        <line num="16" count="128" type="stmt"/>
        <line num="25" count="128" type="stmt"/>
        <line num="27" count="128" type="cond" truecount="2" falsecount="0"/>
        <line num="29" count="326" type="stmt"/>
        <line num="32" count="128" type="stmt"/>
      </file>
      <file name="enum-node.ts" path="Z:\Personal\cli-typescript-class-organizer\src\elements\enum-node.ts">
        <metrics statements="2" coveredstatements="0" conditionals="2" coveredconditionals="0" methods="1" coveredmethods="0"/>
        <line num="16" count="0" type="stmt"/>
        <line num="18" count="0" type="cond" truecount="0" falsecount="2"/>
      </file>
      <file name="expression-node.ts" path="Z:\Personal\cli-typescript-class-organizer\src\elements\expression-node.ts">
        <metrics statements="2" coveredstatements="0" conditionals="0" coveredconditionals="0" methods="1" coveredmethods="0"/>
        <line num="17" count="0" type="stmt"/>
        <line num="19" count="0" type="stmt"/>
      </file>
      <file name="function-node.ts" path="Z:\Personal\cli-typescript-class-organizer\src\elements\function-node.ts">
        <metrics statements="3" coveredstatements="0" conditionals="0" coveredconditionals="0" methods="1" coveredmethods="0"/>
        <line num="18" count="0" type="stmt"/>
        <line num="20" count="0" type="stmt"/>
        <line num="22" count="0" type="stmt"/>
      </file>
      <file name="getter-node.ts" path="Z:\Personal\cli-typescript-class-organizer\src\elements\getter-node.ts">
        <metrics statements="6" coveredstatements="6" conditionals="2" coveredconditionals="1" methods="1" coveredmethods="1"/>
        <line num="22" count="18" type="stmt"/>
        <line num="24" count="18" type="cond" truecount="1" falsecount="1"/>
        <line num="26" count="18" type="stmt"/>
        <line num="27" count="18" type="stmt"/>
        <line num="29" count="18" type="stmt"/>
        <line num="30" count="18" type="stmt"/>
      </file>
      <file name="import-node.ts" path="Z:\Personal\cli-typescript-class-organizer\src\elements\import-node.ts">
        <metrics statements="2" coveredstatements="2" conditionals="0" coveredconditionals="0" methods="1" coveredmethods="1"/>
        <line num="17" count="1" type="stmt"/>
        <line num="19" count="1" type="stmt"/>
      </file>
      <file name="index-signature-node.ts" path="Z:\Personal\cli-typescript-class-organizer\src\elements\index-signature-node.ts">
        <metrics statements="3" coveredstatements="0" conditionals="0" coveredconditionals="0" methods="1" coveredmethods="0"/>
        <line num="20" count="0" type="stmt"/>
        <line num="22" count="0" type="stmt"/>
        <line num="24" count="0" type="stmt"/>
      </file>
      <file name="interface-node.ts" path="Z:\Personal\cli-typescript-class-organizer\src\elements\interface-node.ts">
        <metrics statements="55" coveredstatements="0" conditionals="36" coveredconditionals="0" methods="8" coveredmethods="0"/>
        <line num="19" count="0" type="stmt"/>
        <line num="20" count="0" type="stmt"/>
        <line num="21" count="0" type="stmt"/>
        <line num="22" count="0" type="stmt"/>
        <line num="23" count="0" type="stmt"/>
        <line num="25" count="0" type="stmt"/>
        <line num="26" count="0" type="stmt"/>
        <line num="34" count="0" type="stmt"/>
        <line num="36" count="0" type="cond" truecount="0" falsecount="2"/>
        <line num="38" count="0" type="cond" truecount="0" falsecount="4"/>
        <line num="40" count="0" type="stmt"/>
        <line num="41" count="0" type="stmt"/>
        <line num="45" count="0" type="stmt"/>
        <line num="47" count="0" type="cond" truecount="0" falsecount="2"/>
        <line num="49" count="0" type="stmt"/>
        <line num="51" count="0" type="cond" truecount="0" falsecount="4"/>
        <line num="53" count="0" type="stmt"/>
        <line num="57" count="0" type="stmt"/>
        <line num="60" count="0" type="cond" truecount="0" falsecount="2"/>
        <line num="62" count="0" type="stmt"/>
        <line num="64" count="0" type="cond" truecount="0" falsecount="2"/>
        <line num="66" count="0" type="stmt"/>
        <line num="68" count="0" type="cond" truecount="0" falsecount="2"/>
        <line num="70" count="0" type="stmt"/>
        <line num="72" count="0" type="cond" truecount="0" falsecount="2"/>
        <line num="74" count="0" type="stmt"/>
        <line num="85" count="0" type="stmt"/>
        <line num="87" count="0" type="stmt"/>
        <line num="89" count="0" type="stmt"/>
        <line num="90" count="0" type="stmt"/>
        <line num="91" count="0" type="stmt"/>
        <line num="92" count="0" type="stmt"/>
        <line num="93" count="0" type="stmt"/>
        <line num="95" count="0" type="stmt"/>
        <line num="97" count="0" type="stmt"/>
        <line num="99" count="0" type="cond" truecount="0" falsecount="2"/>
        <line num="101" count="0" type="stmt"/>
        <line num="103" count="0" type="cond" truecount="0" falsecount="2"/>
        <line num="105" count="0" type="stmt"/>
        <line num="107" count="0" type="cond" truecount="0" falsecount="2"/>
        <line num="109" count="0" type="stmt"/>
        <line num="111" count="0" type="cond" truecount="0" falsecount="2"/>
        <line num="113" count="0" type="stmt"/>
        <line num="115" count="0" type="cond" truecount="0" falsecount="2"/>
        <line num="117" count="0" type="stmt"/>
        <line num="120" count="0" type="cond" truecount="0" falsecount="2"/>
        <line num="122" count="0" type="stmt"/>
        <line num="126" count="0" type="cond" truecount="0" falsecount="2"/>
        <line num="128" count="0" type="cond" truecount="0" falsecount="2"/>
        <line num="130" count="0" type="stmt"/>
        <line num="134" count="0" type="stmt"/>
        <line num="139" count="0" type="stmt"/>
        <line num="148" count="0" type="stmt"/>
        <line num="153" count="0" type="stmt"/>
        <line num="158" count="0" type="stmt"/>
      </file>
      <file name="method-node.ts" path="Z:\Personal\cli-typescript-class-organizer\src\elements\method-node.ts">
        <metrics statements="7" coveredstatements="7" conditionals="4" coveredconditionals="2" methods="1" coveredmethods="1"/>
        <line num="23" count="24" type="stmt"/>
        <line num="25" count="24" type="cond" truecount="1" falsecount="1"/>
        <line num="28" count="24" type="cond" truecount="1" falsecount="1"/>
        <line num="29" count="24" type="stmt"/>
        <line num="31" count="24" type="stmt"/>
        <line num="32" count="24" type="stmt"/>
        <line num="33" count="24" type="stmt"/>
      </file>
      <file name="method-signature-node.ts" path="Z:\Personal\cli-typescript-class-organizer\src\elements\method-signature-node.ts">
        <metrics statements="2" coveredstatements="0" conditionals="2" coveredconditionals="0" methods="1" coveredmethods="0"/>
        <line num="16" count="0" type="stmt"/>
        <line num="18" count="0" type="cond" truecount="0" falsecount="2"/>
      </file>
      <file name="property-node.ts" path="Z:\Personal\cli-typescript-class-organizer\src\elements\property-node.ts">
        <metrics statements="11" coveredstatements="11" conditionals="6" coveredconditionals="5" methods="2" coveredmethods="2"/>
        <line num="25" count="44" type="stmt"/>
        <line num="27" count="44" type="cond" truecount="1" falsecount="1"/>
        <line num="29" count="44" type="stmt"/>
        <line num="30" count="44" type="stmt"/>
        <line num="32" count="44" type="cond" truecount="2" falsecount="0"/>
        <line num="35" count="2" type="stmt"/>
        <line num="38" count="44" type="stmt"/>
        <line num="39" count="44" type="stmt"/>
        <line num="40" count="44" type="stmt"/>
        <line num="42" count="44" type="stmt"/>
        <line num="51" count="44" type="cond" truecount="2" falsecount="0"/>
      </file>
      <file name="property-signature-node.ts" path="Z:\Personal\cli-typescript-class-organizer\src\elements\property-signature-node.ts">
        <metrics statements="3" coveredstatements="0" conditionals="0" coveredconditionals="0" methods="1" coveredmethods="0"/>
        <line num="19" count="0" type="stmt"/>
        <line num="21" count="0" type="stmt"/>
        <line num="23" count="0" type="stmt"/>
      </file>
      <file name="setter-node.ts" path="Z:\Personal\cli-typescript-class-organizer\src\elements\setter-node.ts">
        <metrics statements="6" coveredstatements="6" conditionals="2" coveredconditionals="1" methods="1" coveredmethods="1"/>
        <line num="22" count="18" type="stmt"/>
        <line num="24" count="18" type="cond" truecount="1" falsecount="1"/>
        <line num="26" count="18" type="stmt"/>
        <line num="27" count="18" type="stmt"/>
        <line num="29" count="18" type="stmt"/>
        <line num="30" count="18" type="stmt"/>
      </file>
      <file name="static-block-declaration-node.ts" path="Z:\Personal\cli-typescript-class-organizer\src\elements\static-block-declaration-node.ts">
        <metrics statements="2" coveredstatements="2" conditionals="0" coveredconditionals="0" methods="1" coveredmethods="1"/>
        <line num="17" count="1" type="stmt"/>
        <line num="19" count="1" type="stmt"/>
      </file>
      <file name="type-alias-node.ts" path="Z:\Personal\cli-typescript-class-organizer\src\elements\type-alias-node.ts">
        <metrics statements="43" coveredstatements="0" conditionals="28" coveredconditionals="0" methods="3" coveredmethods="0"/>
        <line num="15" count="0" type="stmt"/>
        <line num="16" count="0" type="stmt"/>
        <line num="17" count="0" type="stmt"/>
        <line num="19" count="0" type="stmt"/>
        <line num="20" count="0" type="stmt"/>
        <line num="28" count="0" type="stmt"/>
        <line num="30" count="0" type="cond" truecount="0" falsecount="2"/>
        <line num="32" count="0" type="stmt"/>
        <line num="34" count="0" type="cond" truecount="0" falsecount="2"/>
        <line num="36" count="0" type="stmt"/>
        <line num="38" count="0" type="cond" truecount="0" falsecount="4"/>
        <line num="40" count="0" type="stmt"/>
        <line num="41" count="0" type="stmt"/>
        <line num="44" count="0" type="stmt"/>
        <line num="46" count="0" type="cond" truecount="0" falsecount="2"/>
        <line num="48" count="0" type="stmt"/>
        <line num="50" count="0" type="cond" truecount="0" falsecount="4"/>
        <line num="52" count="0" type="stmt"/>
        <line num="56" count="0" type="stmt"/>
        <line num="59" count="0" type="cond" truecount="0" falsecount="2"/>
        <line num="61" count="0" type="stmt"/>
        <line num="75" count="0" type="stmt"/>
        <line num="77" count="0" type="stmt"/>
        <line num="79" count="0" type="stmt"/>
        <line num="80" count="0" type="stmt"/>
        <line num="81" count="0" type="stmt"/>
        <line num="82" count="0" type="stmt"/>
        <line num="83" count="0" type="stmt"/>
        <line num="85" count="0" type="stmt"/>
        <line num="87" count="0" type="stmt"/>
        <line num="89" count="0" type="cond" truecount="0" falsecount="2"/>
        <line num="91" count="0" type="stmt"/>
        <line num="93" count="0" type="cond" truecount="0" falsecount="2"/>
        <line num="95" count="0" type="stmt"/>
        <line num="97" count="0" type="cond" truecount="0" falsecount="2"/>
        <line num="99" count="0" type="stmt"/>
        <line num="102" count="0" type="cond" truecount="0" falsecount="2"/>
        <line num="104" count="0" type="stmt"/>
        <line num="108" count="0" type="cond" truecount="0" falsecount="2"/>
        <line num="110" count="0" type="cond" truecount="0" falsecount="2"/>
        <line num="112" count="0" type="stmt"/>
        <line num="116" count="0" type="stmt"/>
        <line num="121" count="0" type="stmt"/>
      </file>
      <file name="variable-node.ts" path="Z:\Personal\cli-typescript-class-organizer\src\elements\variable-node.ts">
        <metrics statements="7" coveredstatements="0" conditionals="7" coveredconditionals="0" methods="3" coveredmethods="0"/>
        <line num="21" count="0" type="stmt"/>
        <line num="23" count="0" type="stmt"/>
        <line num="25" count="0" type="stmt"/>
        <line num="26" count="0" type="stmt"/>
        <line num="29" count="0" type="stmt"/>
        <line num="31" count="0" type="cond" truecount="0" falsecount="2"/>
        <line num="40" count="0" type="cond" truecount="0" falsecount="5"/>
      </file>
    </package>
    <package name="src.enums">
      <metrics statements="0" coveredstatements="0" conditionals="0" coveredconditionals="0" methods="0" coveredmethods="0"/>
      <file name="access-modifier.ts" path="Z:\Personal\cli-typescript-class-organizer\src\enums\access-modifier.ts">
        <metrics statements="0" coveredstatements="0" conditionals="0" coveredconditionals="0" methods="0" coveredmethods="0"/>
      </file>
      <file name="class-member-type.ts" path="Z:\Personal\cli-typescript-class-organizer\src\enums\class-member-type.ts">
        <metrics statements="0" coveredstatements="0" conditionals="0" coveredconditionals="0" methods="0" coveredmethods="0"/>
      </file>
      <file name="interface-member-type.ts" path="Z:\Personal\cli-typescript-class-organizer\src\enums\interface-member-type.ts">
        <metrics statements="0" coveredstatements="0" conditionals="0" coveredconditionals="0" methods="0" coveredmethods="0"/>
      </file>
      <file name="module-member-type.ts" path="Z:\Personal\cli-typescript-class-organizer\src\enums\module-member-type.ts">
        <metrics statements="0" coveredstatements="0" conditionals="0" coveredconditionals="0" methods="0" coveredmethods="0"/>
      </file>
      <file name="type-member-type.ts" path="Z:\Personal\cli-typescript-class-organizer\src\enums\type-member-type.ts">
        <metrics statements="0" coveredstatements="0" conditionals="0" coveredconditionals="0" methods="0" coveredmethods="0"/>
      </file>
      <file name="write-modifier.ts" path="Z:\Personal\cli-typescript-class-organizer\src\enums\write-modifier.ts">
        <metrics statements="0" coveredstatements="0" conditionals="0" coveredconditionals="0" methods="0" coveredmethods="0"/>
      </file>
    </package>
    <package name="src.helpers">
      <metrics statements="137" coveredstatements="90" conditionals="115" coveredconditionals="60" methods="78" coveredmethods="51"/>
      <file name="array-helper.ts" path="Z:\Personal\cli-typescript-class-organizer\src\helpers\array-helper.ts">
        <metrics statements="1" coveredstatements="1" conditionals="0" coveredconditionals="0" methods="2" coveredmethods="2"/>
        <line num="5" count="264" type="stmt"/>
      </file>
      <file name="comparing-helper.ts" path="Z:\Personal\cli-typescript-class-organizer\src\helpers\comparing-helper.ts">
        <metrics statements="10" coveredstatements="5" conditionals="8" coveredconditionals="4" methods="2" coveredmethods="1"/>
        <line num="5" count="0" type="cond" truecount="0" falsecount="2"/>
        <line num="7" count="0" type="stmt"/>
        <line num="9" count="0" type="cond" truecount="0" falsecount="2"/>
        <line num="11" count="0" type="stmt"/>
        <line num="15" count="0" type="stmt"/>
        <line num="21" count="183" type="cond" truecount="2" falsecount="0"/>
        <line num="23" count="81" type="stmt"/>
        <line num="25" count="102" type="cond" truecount="2" falsecount="0"/>
        <line num="27" count="82" type="stmt"/>
        <line num="31" count="20" type="stmt"/>
      </file>
      <file name="file-system-helper.ts" path="Z:\Personal\cli-typescript-class-organizer\src\helpers\file-system-helper.ts">
        <metrics statements="18" coveredstatements="10" conditionals="7" coveredconditionals="1" methods="7" coveredmethods="5"/>
        <line num="5" count="0" type="cond" truecount="0" falsecount="2"/>
        <line num="7" count="0" type="stmt"/>
        <line num="13" count="3" type="stmt"/>
        <line num="15" count="3" type="stmt"/>
        <line num="17" count="0" type="stmt"/>
        <line num="21" count="3" type="stmt"/>
        <line num="27" count="0" type="stmt"/>
        <line num="32" count="154" type="stmt"/>
        <line num="37" count="77" type="stmt"/>
        <line num="42" count="3" type="stmt"/>
        <line num="47" count="1" type="cond" truecount="1" falsecount="1"/>
        <line num="49" count="0" type="cond" truecount="0" falsecount="2"/>
        <line num="51" count="0" type="stmt"/>
        <line num="52" count="0" type="stmt"/>
        <line num="56" count="0" type="stmt"/>
        <line num="61" count="1" type="stmt"/>
        <line num="69" count="1" type="stmt"/>
        <line num="70" count="1" type="stmt"/>
      </file>
      <file name="node-helper.ts" path="Z:\Personal\cli-typescript-class-organizer\src\helpers\node-helper.ts">
        <metrics statements="101" coveredstatements="72" conditionals="90" coveredconditionals="51" methods="60" coveredmethods="42"/>
        <line num="27" count="124" type="stmt"/>
        <line num="28" count="124" type="stmt"/>
        <line num="31" count="124" type="cond" truecount="4" falsecount="0"/>
        <line num="34" count="152" type="stmt"/>
        <line num="36" count="118" type="cond" truecount="2" falsecount="0"/>
        <line num="38" count="105" type="cond" truecount="2" falsecount="0"/>
        <line num="40" count="25" type="stmt"/>
        <line num="42" count="80" type="cond" truecount="2" falsecount="0"/>
        <line num="44" count="42" type="stmt"/>
        <line num="46" count="38" type="cond" truecount="1" falsecount="1"/>
        <line num="48" count="38" type="stmt"/>
        <line num="53" count="124" type="stmt"/>
        <line num="58" count="2" type="stmt"/>
        <line num="63" count="259" type="cond" truecount="1" falsecount="1"/>
        <line num="68" count="0" type="stmt"/>
        <line num="73" count="2" type="stmt"/>
        <line num="79" count="2" type="stmt"/>
        <line num="84" count="4" type="stmt"/>
        <line num="85" count="0" type="stmt"/>
        <line num="86" count="0" type="stmt"/>
        <line num="87" count="0" type="stmt"/>
        <line num="88" count="2" type="cond" truecount="1" falsecount="1"/>
        <line num="90" count="2" type="stmt"/>
        <line num="95" count="2" type="stmt"/>
        <line num="100" count="2" type="stmt"/>
        <line num="105" count="251" type="stmt"/>
        <line num="110" count="38" type="stmt"/>
        <line num="115" count="0" type="stmt"/>
        <line num="117" count="0" type="cond" truecount="0" falsecount="4"/>
        <line num="120" count="0" type="stmt"/>
        <line num="122" count="0" type="cond" truecount="0" falsecount="4"/>
        <line num="125" count="0" type="stmt"/>
        <line num="129" count="0" type="stmt"/>
        <line num="134" count="244" type="stmt"/>
        <line num="141" count="444" type="cond" truecount="2" falsecount="0"/>
        <line num="143" count="3" type="stmt"/>
        <line num="145" count="441" type="cond" truecount="2" falsecount="0"/>
        <line num="147" count="54" type="stmt"/>
        <line num="149" count="387" type="cond" truecount="2" falsecount="0"/>
        <line num="151" count="54" type="stmt"/>
        <line num="153" count="333" type="cond" truecount="2" falsecount="0"/>
        <line num="155" count="236" type="stmt"/>
        <line num="157" count="97" type="cond" truecount="2" falsecount="0"/>
        <line num="159" count="96" type="stmt"/>
        <line num="161" count="1" type="cond" truecount="1" falsecount="1"/>
        <line num="165" count="1" type="cond" truecount="1" falsecount="1"/>
        <line num="167" count="1" type="stmt"/>
        <line num="169" count="0" type="cond" truecount="0" falsecount="2"/>
        <line num="171" count="0" type="stmt"/>
        <line num="173" count="0" type="cond" truecount="0" falsecount="2"/>
        <line num="175" count="0" type="stmt"/>
        <line num="177" count="0" type="cond" truecount="0" falsecount="2"/>
        <line num="179" count="0" type="stmt"/>
        <line num="181" count="0" type="cond" truecount="0" falsecount="2"/>
        <line num="183" count="0" type="stmt"/>
        <line num="185" count="0" type="cond" truecount="0" falsecount="2"/>
        <line num="187" count="0" type="stmt"/>
        <line num="189" count="0" type="cond" truecount="0" falsecount="2"/>
        <line num="191" count="0" type="stmt"/>
        <line num="193" count="0" type="cond" truecount="0" falsecount="2"/>
        <line num="195" count="0" type="stmt"/>
        <line num="198" count="444" type="cond" truecount="2" falsecount="0"/>
        <line num="203" count="366" type="cond" truecount="2" falsecount="0"/>
        <line num="204" count="366" type="stmt"/>
        <line num="206" count="366" type="cond" truecount="7" falsecount="1"/>
        <line num="213" count="366" type="cond" truecount="2" falsecount="2"/>
        <line num="216" count="366" type="stmt"/>
        <line num="221" count="2" type="stmt"/>
        <line num="226" count="8" type="stmt"/>
        <line num="228" count="4" type="cond" truecount="1" falsecount="1"/>
        <line num="230" count="0" type="stmt"/>
        <line num="233" count="4" type="cond" truecount="0" falsecount="2"/>
        <line num="234" count="0" type="stmt"/>
        <line num="235" count="0" type="stmt"/>
        <line num="240" count="44" type="stmt"/>
        <line num="241" count="44" type="stmt"/>
        <line num="242" count="88" type="stmt"/>
        <line num="244" count="44" type="cond" truecount="2" falsecount="0"/>
        <line num="246" count="19" type="cond" truecount="1" falsecount="1"/>
        <line num="248" count="0" type="stmt"/>
        <line num="250" count="19" type="cond" truecount="1" falsecount="1"/>
        <line num="252" count="19" type="stmt"/>
        <line num="256" count="44" type="stmt"/>
        <line num="261" count="328" type="stmt"/>
        <line num="266" count="412" type="stmt"/>
        <line num="271" count="412" type="cond" truecount="2" falsecount="0"/>
        <line num="276" count="80" type="stmt"/>
        <line num="281" count="80" type="stmt"/>
        <line num="286" count="51" type="stmt"/>
        <line num="287" count="51" type="stmt"/>
        <line num="288" count="51" type="stmt"/>
        <line num="289" count="51" type="stmt"/>
        <line num="291" count="51" type="cond" truecount="1" falsecount="1"/>
        <line num="293" count="183" type="stmt"/>
        <line num="295" count="51" type="cond" truecount="1" falsecount="1"/>
        <line num="297" count="0" type="stmt"/>
        <line num="301" count="51" type="stmt"/>
        <line num="306" count="166" type="cond" truecount="1" falsecount="1"/>
        <line num="307" count="166" type="cond" truecount="1" falsecount="1"/>
        <line num="308" count="166" type="cond" truecount="2" falsecount="0"/>
        <line num="310" count="51" type="stmt"/>
      </file>
      <file name="sorting-helper.ts" path="Z:\Personal\cli-typescript-class-organizer\src\helpers\sorting-helper.ts">
        <metrics statements="3" coveredstatements="2" conditionals="6" coveredconditionals="4" methods="5" coveredmethods="1"/>
        <line num="7" count="102" type="cond" truecount="4" falsecount="2"/>
        <line num="9" count="0" type="stmt"/>
        <line num="13" count="102" type="stmt"/>
      </file>
      <file name="string-helper.ts" path="Z:\Personal\cli-typescript-class-organizer\src\helpers\string-helper.ts">
        <metrics statements="4" coveredstatements="0" conditionals="4" coveredconditionals="0" methods="2" coveredmethods="0"/>
        <line num="5" count="0" type="cond" truecount="0" falsecount="4"/>
        <line num="8" count="0" type="stmt"/>
        <line num="9" count="0" type="stmt"/>
        <line num="12" count="0" type="stmt"/>
      </file>
    </package>
    <package name="src.source-code">
      <metrics statements="312" coveredstatements="216" conditionals="190" coveredconditionals="119" methods="58" coveredmethods="36"/>
      <file name="source-code-analyzer.ts" path="Z:\Personal\cli-typescript-class-organizer\src\source-code\source-code-analyzer.ts">
        <metrics statements="24" coveredstatements="18" conditionals="16" coveredconditionals="10" methods="2" coveredmethods="2"/>
        <line num="20" count="1" type="stmt"/>
        <line num="23" count="1" type="stmt"/>
        <line num="25" count="2" type="stmt"/>
        <line num="28" count="1" type="stmt"/>
        <line num="37" count="4" type="stmt"/>
        <line num="39" count="4" type="cond" truecount="2" falsecount="0"/>
        <line num="42" count="1" type="stmt"/>
        <line num="44" count="3" type="cond" truecount="1" falsecount="1"/>
        <line num="47" count="0" type="stmt"/>
        <line num="49" count="3" type="cond" truecount="1" falsecount="1"/>
        <line num="52" count="0" type="stmt"/>
        <line num="54" count="3" type="cond" truecount="2" falsecount="0"/>
        <line num="57" count="1" type="stmt"/>
        <line num="59" count="2" type="cond" truecount="1" falsecount="1"/>
        <line num="62" count="0" type="stmt"/>
        <line num="64" count="2" type="cond" truecount="1" falsecount="1"/>
        <line num="67" count="0" type="stmt"/>
        <line num="69" count="2" type="cond" truecount="1" falsecount="1"/>
        <line num="72" count="0" type="stmt"/>
        <line num="74" count="2" type="cond" truecount="1" falsecount="1"/>
        <line num="77" count="0" type="stmt"/>
        <line num="82" count="2" type="stmt"/>
        <line num="84" count="2" type="stmt"/>
        <line num="88" count="4" type="stmt"/>
      </file>
      <file name="source-code-organizer.ts" path="Z:\Personal\cli-typescript-class-organizer\src\source-code\source-code-organizer.ts">
        <metrics statements="75" coveredstatements="61" conditionals="48" coveredconditionals="39" methods="4" coveredmethods="2"/>
        <line num="20" count="1" type="stmt"/>
        <line num="21" count="1" type="stmt"/>
        <line num="23" count="1" type="cond" truecount="4" falsecount="1"/>
        <line num="27" count="1" type="stmt"/>
        <line num="29" count="1" type="stmt"/>
        <line num="30" count="1" type="stmt"/>
        <line num="32" count="1" type="stmt"/>
        <line num="33" count="1" type="stmt"/>
        <line num="34" count="1" type="stmt"/>
        <line num="36" count="1" type="stmt"/>
        <line num="40" count="0" type="stmt"/>
        <line num="44" count="0" type="stmt"/>
        <line num="49" count="0" type="stmt"/>
        <line num="50" count="0" type="stmt"/>
        <line num="52" count="0" type="stmt"/>
        <line num="54" count="0" type="stmt"/>
        <line num="58" count="0" type="stmt"/>
        <line num="61" count="0" type="stmt"/>
        <line num="63" count="0" type="stmt"/>
        <line num="67" count="0" type="stmt"/>
        <line num="70" count="0" type="cond" truecount="0" falsecount="2"/>
        <line num="72" count="0" type="stmt"/>
        <line num="82" count="1" type="stmt"/>
        <line num="83" count="1" type="stmt"/>
        <line num="84" count="1" type="stmt"/>
        <line num="85" count="1" type="stmt"/>
        <line num="86" count="1" type="stmt"/>
        <line num="87" count="1" type="stmt"/>
        <line num="88" count="1" type="stmt"/>
        <line num="89" count="1" type="stmt"/>
        <line num="90" count="1" type="cond" truecount="1" falsecount="1"/>
        <line num="91" count="1" type="cond" truecount="1" falsecount="1"/>
        <line num="92" count="1" type="stmt"/>
        <line num="93" count="1" type="stmt"/>
        <line num="94" count="1" type="stmt"/>
        <line num="96" count="1" type="cond" truecount="1" falsecount="1"/>
        <line num="98" count="1" type="stmt"/>
        <line num="101" count="1" type="stmt"/>
        <line num="103" count="10" type="stmt"/>
        <line num="104" count="10" type="stmt"/>
        <line num="105" count="10" type="stmt"/>
        <line num="106" count="10" type="stmt"/>
        <line num="107" count="10" type="stmt"/>
        <line num="109" count="10" type="stmt"/>
        <line num="111" count="10" type="stmt"/>
        <line num="113" count="10" type="cond" truecount="2" falsecount="0"/>
        <line num="115" count="1" type="stmt"/>
        <line num="117" count="9" type="cond" truecount="2" falsecount="0"/>
        <line num="119" count="1" type="stmt"/>
        <line num="121" count="8" type="cond" truecount="2" falsecount="0"/>
        <line num="123" count="1" type="stmt"/>
        <line num="125" count="7" type="cond" truecount="2" falsecount="0"/>
        <line num="127" count="1" type="stmt"/>
        <line num="129" count="6" type="cond" truecount="2" falsecount="0"/>
        <line num="131" count="1" type="stmt"/>
        <line num="133" count="5" type="cond" truecount="2" falsecount="0"/>
        <line num="135" count="1" type="stmt"/>
        <line num="137" count="4" type="cond" truecount="2" falsecount="0"/>
        <line num="139" count="1" type="stmt"/>
        <line num="141" count="3" type="cond" truecount="2" falsecount="0"/>
        <line num="143" count="1" type="stmt"/>
        <line num="145" count="2" type="cond" truecount="2" falsecount="0"/>
        <line num="147" count="1" type="stmt"/>
        <line num="149" count="1" type="cond" truecount="1" falsecount="1"/>
        <line num="151" count="1" type="stmt"/>
        <line num="154" count="10" type="cond" truecount="2" falsecount="0"/>
        <line num="156" count="1" type="stmt"/>
        <line num="160" count="10" type="cond" truecount="2" falsecount="0"/>
        <line num="162" count="1" type="cond" truecount="7" falsecount="0"/>
        <line num="170" count="1" type="cond" truecount="1" falsecount="1"/>
        <line num="172" count="1" type="stmt"/>
        <line num="176" count="0" type="stmt"/>
        <line num="181" count="1" type="cond" truecount="1" falsecount="1"/>
        <line num="184" count="0" type="stmt"/>
        <line num="187" count="1" type="stmt"/>
      </file>
      <file name="source-code-printer.ts" path="Z:\Personal\cli-typescript-class-organizer\src\source-code\source-code-printer.ts">
        <metrics statements="74" coveredstatements="49" conditionals="33" coveredconditionals="27" methods="18" coveredmethods="11"/>
        <line num="22" count="1" type="stmt"/>
        <line num="24" count="1" type="stmt"/>
        <line num="25" count="1" type="stmt"/>
        <line num="26" count="1" type="stmt"/>
        <line num="28" count="1" type="stmt"/>
        <line num="37" count="1" type="stmt"/>
        <line num="38" count="1" type="stmt"/>
        <line num="39" count="1" type="stmt"/>
        <line num="40" count="1" type="stmt"/>
        <line num="42" count="1" type="cond" truecount="1" falsecount="1"/>
        <line num="45" count="40" type="stmt"/>
        <line num="46" count="28" type="stmt"/>
        <line num="47" count="18" type="stmt"/>
        <line num="48" count="18" type="stmt"/>
        <line num="49" count="20" type="stmt"/>
        <line num="52" count="1" type="cond" truecount="1" falsecount="1"/>
        <line num="55" count="0" type="stmt"/>
        <line num="56" count="0" type="stmt"/>
        <line num="57" count="0" type="stmt"/>
        <line num="58" count="0" type="stmt"/>
        <line num="59" count="0" type="stmt"/>
        <line num="62" count="1" type="stmt"/>
        <line num="63" count="1" type="stmt"/>
        <line num="64" count="1" type="stmt"/>
        <line num="65" count="1" type="stmt"/>
        <line num="67" count="1" type="stmt"/>
        <line num="72" count="0" type="stmt"/>
        <line num="73" count="0" type="stmt"/>
        <line num="74" count="0" type="stmt"/>
        <line num="75" count="0" type="stmt"/>
        <line num="77" count="0" type="stmt"/>
        <line num="78" count="0" type="stmt"/>
        <line num="79" count="0" type="stmt"/>
        <line num="80" count="0" type="stmt"/>
        <line num="82" count="0" type="stmt"/>
        <line num="87" count="128" type="stmt"/>
        <line num="89" count="128" type="cond" truecount="1" falsecount="1"/>
        <line num="91" count="0" type="stmt"/>
        <line num="93" count="128" type="cond" truecount="2" falsecount="0"/>
        <line num="95" count="1" type="stmt"/>
        <line num="97" count="127" type="cond" truecount="1" falsecount="1"/>
        <line num="99" count="0" type="stmt"/>
        <line num="102" count="128" type="cond" truecount="2" falsecount="0"/>
        <line num="105" count="44" type="cond" truecount="2" falsecount="0"/>
        <line num="108" count="128" type="stmt"/>
        <line num="110" count="128" type="stmt"/>
        <line num="115" count="67" type="stmt"/>
        <line num="116" count="67" type="stmt"/>
        <line num="119" count="67" type="stmt"/>
        <line num="122" count="67" type="stmt"/>
        <line num="124" count="128" type="stmt"/>
        <line num="126" count="128" type="cond" truecount="5" falsecount="0"/>
        <line num="130" count="60" type="cond" truecount="2" falsecount="0"/>
        <line num="133" count="46" type="stmt"/>
        <line num="138" count="67" type="cond" truecount="4" falsecount="0"/>
        <line num="141" count="38" type="cond" truecount="1" falsecount="1"/>
        <line num="144" count="67" type="stmt"/>
        <line num="149" count="69" type="stmt"/>
        <line num="150" count="69" type="stmt"/>
        <line num="152" count="69" type="stmt"/>
        <line num="154" count="67" type="cond" truecount="1" falsecount="1"/>
        <line num="156" count="67" type="stmt"/>
        <line num="158" count="67" type="cond" truecount="4" falsecount="0"/>
        <line num="162" count="38" type="stmt"/>
        <line num="167" count="69" type="stmt"/>
        <line num="172" count="0" type="stmt"/>
        <line num="173" count="0" type="stmt"/>
        <line num="174" count="0" type="stmt"/>
        <line num="175" count="0" type="stmt"/>
        <line num="177" count="0" type="stmt"/>
        <line num="178" count="0" type="stmt"/>
        <line num="179" count="0" type="stmt"/>
        <line num="180" count="0" type="stmt"/>
        <line num="182" count="0" type="stmt"/>
      </file>
      <file name="source-code.ts" path="Z:\Personal\cli-typescript-class-organizer\src\source-code\source-code.ts">
        <metrics statements="139" coveredstatements="88" conditionals="93" coveredconditionals="43" methods="34" coveredmethods="21"/>
        <line num="15" count="266" type="stmt"/>
        <line num="31" count="711" type="cond" truecount="2" falsecount="0"/>
        <line num="33" count="263" type="stmt"/>
        <line num="37" count="448" type="stmt"/>
        <line num="43" count="0" type="cond" truecount="0" falsecount="4"/>
        <line num="45" count="0" type="stmt"/>
        <line num="47" count="0" type="stmt"/>
        <line num="48" count="0" type="stmt"/>
        <line num="49" count="0" type="stmt"/>
        <line num="55" count="370" type="stmt"/>
        <line num="60" count="44" type="cond" truecount="2" falsecount="0"/>
        <line num="62" count="4" type="stmt"/>
        <line num="68" count="0" type="stmt"/>
        <line num="69" count="0" type="cond" truecount="0" falsecount="2"/>
        <line num="70" count="0" type="cond" truecount="0" falsecount="2"/>
        <line num="71" count="0" type="cond" truecount="0" falsecount="2"/>
        <line num="72" count="0" type="cond" truecount="0" falsecount="2"/>
        <line num="73" count="0" type="stmt"/>
        <line num="74" count="0" type="stmt"/>
        <line num="75" count="0" type="stmt"/>
        <line num="77" count="0" type="cond" truecount="0" falsecount="4"/>
        <line num="79" count="0" type="stmt"/>
        <line num="80" count="0" type="stmt"/>
        <line num="82" count="0" type="cond" truecount="0" falsecount="2"/>
        <line num="84" count="0" type="stmt"/>
        <line num="85" count="0" type="stmt"/>
        <line num="87" count="0" type="cond" truecount="0" falsecount="2"/>
        <line num="89" count="0" type="stmt"/>
        <line num="90" count="0" type="stmt"/>
        <line num="92" count="0" type="cond" truecount="0" falsecount="2"/>
        <line num="94" count="0" type="stmt"/>
        <line num="95" count="0" type="stmt"/>
        <line num="97" count="0" type="cond" truecount="0" falsecount="2"/>
        <line num="99" count="0" type="stmt"/>
        <line num="100" count="0" type="stmt"/>
        <line num="102" count="0" type="cond" truecount="0" falsecount="2"/>
        <line num="104" count="0" type="stmt"/>
        <line num="105" count="0" type="stmt"/>
        <line num="108" count="0" type="cond" truecount="0" falsecount="4"/>
        <line num="110" count="0" type="cond" truecount="0" falsecount="2"/>
        <line num="111" count="0" type="stmt"/>
        <line num="112" count="0" type="stmt"/>
        <line num="113" count="0" type="stmt"/>
        <line num="115" count="0" type="stmt"/>
        <line num="116" count="0" type="stmt"/>
        <line num="123" count="124" type="stmt"/>
        <line num="124" count="124" type="cond" truecount="1" falsecount="1"/>
        <line num="125" count="124" type="cond" truecount="2" falsecount="0"/>
        <line num="126" count="124" type="cond" truecount="2" falsecount="0"/>
        <line num="127" count="124" type="cond" truecount="2" falsecount="0"/>
        <line num="128" count="124" type="stmt"/>
        <line num="129" count="124" type="stmt"/>
        <line num="131" count="124" type="cond" truecount="4" falsecount="0"/>
        <line num="133" count="17" type="stmt"/>
        <line num="134" count="17" type="stmt"/>
        <line num="136" count="17" type="cond" truecount="2" falsecount="0"/>
        <line num="138" count="6" type="stmt"/>
        <line num="139" count="6" type="stmt"/>
        <line num="141" count="11" type="cond" truecount="2" falsecount="0"/>
        <line num="143" count="6" type="stmt"/>
        <line num="144" count="6" type="stmt"/>
        <line num="146" count="5" type="cond" truecount="1" falsecount="1"/>
        <line num="148" count="0" type="stmt"/>
        <line num="149" count="0" type="stmt"/>
        <line num="151" count="5" type="cond" truecount="2" falsecount="0"/>
        <line num="153" count="2" type="stmt"/>
        <line num="154" count="2" type="stmt"/>
        <line num="156" count="3" type="cond" truecount="1" falsecount="1"/>
        <line num="158" count="3" type="stmt"/>
        <line num="159" count="3" type="stmt"/>
        <line num="162" count="17" type="cond" truecount="3" falsecount="1"/>
        <line num="164" count="17" type="cond" truecount="2" falsecount="0"/>
        <line num="165" count="17" type="stmt"/>
        <line num="166" count="17" type="stmt"/>
        <line num="167" count="17" type="stmt"/>
        <line num="169" count="17" type="stmt"/>
        <line num="176" count="38" type="stmt"/>
        <line num="177" count="38" type="stmt"/>
        <line num="178" count="38" type="stmt"/>
        <line num="179" count="38" type="stmt"/>
        <line num="181" count="38" type="stmt"/>
        <line num="182" count="38" type="stmt"/>
        <line num="183" count="38" type="stmt"/>
        <line num="184" count="38" type="cond" truecount="1" falsecount="1"/>
        <line num="185" count="38" type="stmt"/>
        <line num="187" count="38" type="stmt"/>
        <line num="188" count="38" type="stmt"/>
        <line num="189" count="38" type="cond" truecount="1" falsecount="1"/>
        <line num="190" count="38" type="stmt"/>
        <line num="192" count="38" type="stmt"/>
        <line num="193" count="38" type="stmt"/>
        <line num="194" count="38" type="stmt"/>
        <line num="195" count="38" type="stmt"/>
        <line num="196" count="38" type="stmt"/>
        <line num="197" count="38" type="stmt"/>
        <line num="198" count="38" type="stmt"/>
        <line num="203" count="1" type="stmt"/>
        <line num="204" count="1" type="stmt"/>
        <line num="205" count="1" type="stmt"/>
        <line num="206" count="1" type="stmt"/>
        <line num="207" count="1" type="stmt"/>
        <line num="209" count="1" type="stmt"/>
        <line num="211" count="1" type="stmt"/>
        <line num="213" count="542" type="cond" truecount="2" falsecount="2"/>
        <line num="217" count="0" type="stmt"/>
        <line num="219" count="0" type="stmt"/>
        <line num="221" count="542" type="cond" truecount="2" falsecount="2"/>
        <line num="225" count="0" type="stmt"/>
        <line num="227" count="0" type="stmt"/>
        <line num="229" count="542" type="cond" truecount="2" falsecount="2"/>
        <line num="232" count="0" type="stmt"/>
        <line num="234" count="0" type="stmt"/>
        <line num="238" count="1" type="stmt"/>
        <line num="243" count="1" type="stmt"/>
        <line num="244" count="1" type="stmt"/>
        <line num="245" count="1" type="stmt"/>
        <line num="246" count="1" type="stmt"/>
        <line num="247" count="1" type="stmt"/>
        <line num="248" count="1" type="stmt"/>
        <line num="250" count="1" type="stmt"/>
        <line num="251" count="1" type="stmt"/>
        <line num="252" count="1" type="stmt"/>
        <line num="253" count="1" type="stmt"/>
        <line num="255" count="1" type="stmt"/>
        <line num="257" count="338" type="cond" truecount="3" falsecount="1"/>
        <line num="260" count="338" type="stmt"/>
        <line num="264" count="0" type="cond" truecount="0" falsecount="2"/>
        <line num="267" count="0" type="stmt"/>
        <line num="270" count="0" type="cond" truecount="0" falsecount="2"/>
        <line num="273" count="0" type="stmt"/>
        <line num="278" count="1" type="stmt"/>
        <line num="283" count="265" type="stmt"/>
        <line num="288" count="1" type="stmt"/>
        <line num="297" count="38" type="stmt"/>
        <line num="298" count="38" type="stmt"/>
        <line num="300" count="38" type="stmt"/>
        <line num="302" count="38" type="cond" truecount="3" falsecount="1"/>
        <line num="304" count="38" type="stmt"/>
        <line num="308" count="0" type="stmt"/>
      </file>
    </package>
    <package name="test.helpers">
      <metrics statements="39" coveredstatements="39" conditionals="0" coveredconditionals="0" methods="2" coveredmethods="2"/>
      <file name="configuration-helper.ts" path="Z:\Personal\cli-typescript-class-organizer\test\helpers\configuration-helper.ts">
        <metrics statements="12" coveredstatements="12" conditionals="0" coveredconditionals="0" methods="0" coveredmethods="0"/>
        <line num="1" count="1" type="stmt"/>
        <line num="2" count="1" type="stmt"/>
        <line num="3" count="1" type="stmt"/>
        <line num="4" count="1" type="stmt"/>
        <line num="5" count="1" type="stmt"/>
        <line num="6" count="1" type="stmt"/>
        <line num="7" count="1" type="stmt"/>
        <line num="8" count="1" type="stmt"/>
        <line num="9" count="1" type="stmt"/>
        <line num="10" count="1" type="stmt"/>
        <line num="11" count="1" type="stmt"/>
        <line num="12" count="1" type="stmt"/>
      </file>
      <file name="organize-test-helper.ts" path="Z:\Personal\cli-typescript-class-organizer\test\helpers\organize-test-helper.ts">
        <metrics statements="27" coveredstatements="27" conditionals="0" coveredconditionals="0" methods="1" coveredmethods="1"/>
        <line num="9" count="1" type="stmt"/>
        <line num="22" count="1" type="stmt"/>
        <line num="31" count="1" type="stmt"/>
        <line num="33" count="1" type="stmt"/>
        <line num="35" count="7" type="stmt"/>
        <line num="37" count="77" type="stmt"/>
        <line num="38" count="77" type="stmt"/>
        <line num="39" count="77" type="stmt"/>
        <line num="40" count="77" type="stmt"/>
        <line num="42" count="77" type="stmt"/>
        <line num="46" count="1" type="stmt"/>
        <line num="53" count="1" type="stmt"/>
        <line num="54" count="1" type="stmt"/>
        <line num="55" count="1" type="stmt"/>
        <line num="56" count="1" type="stmt"/>
        <line num="57" count="1" type="stmt"/>
        <line num="58" count="1" type="stmt"/>
        <line num="59" count="1" type="stmt"/>
        <line num="60" count="1" type="stmt"/>
        <line num="61" count="1" type="stmt"/>
        <line num="62" count="1" type="stmt"/>
        <line num="63" count="1" type="stmt"/>
        <line num="64" count="1" type="stmt"/>
        <line num="65" count="1" type="stmt"/>
        <line num="66" count="1" type="stmt"/>
        <line num="67" count="1" type="stmt"/>
        <line num="68" count="1" type="stmt"/>
      </file>
      <file name="organize-test-parameters.ts" path="Z:\Personal\cli-typescript-class-organizer\test\helpers\organize-test-parameters.ts">
        <metrics statements="0" coveredstatements="0" conditionals="0" coveredconditionals="0" methods="1" coveredmethods="1"/>
      </file>
    </package>
  </project>
</coverage>
