{"Z:\\Personal\\cli-typescript-class-organizer\\src\\configuration\\class-configuration.ts": {"path":"Z:\\Personal\\cli-typescript-class-organizer\\src\\configuration\\class-configuration.ts","statementMap":{},"fnMap":{"0":{"name":"(anonymous_0)","decl":{"start":{"line":7,"column":4},"end":{"line":7,"column":5}},"loc":{"start":{"line":11,"column":4},"end":{"line":12,"column":5}},"line":11}},"branchMap":{},"s":{},"f":{"0":2},"b":{},"_coverageSchema":"1a1c01bbd47fc00a2c39e90264f33305004495a9","hash":"7159e7d01e0c41584b1283d3e073db77bc252a48"}
,"Z:\\Personal\\cli-typescript-class-organizer\\src\\configuration\\class-member-configuration.ts": {"path":"Z:\\Personal\\cli-typescript-class-organizer\\src\\configuration\\class-member-configuration.ts","statementMap":{},"fnMap":{"0":{"name":"(anonymous_0)","decl":{"start":{"line":8,"column":4},"end":{"line":8,"column":5}},"loc":{"start":{"line":14,"column":4},"end":{"line":15,"column":5}},"line":14}},"branchMap":{},"s":{},"f":{"0":2},"b":{},"_coverageSchema":"1a1c01bbd47fc00a2c39e90264f33305004495a9","hash":"075be9c65649f377ca93ad7e5df05a7e509b8b52"}
,"Z:\\Personal\\cli-typescript-class-organizer\\src\\configuration\\class-member-group-configuration.ts": {"path":"Z:\\Personal\\cli-typescript-class-organizer\\src\\configuration\\class-member-group-configuration.ts","statementMap":{},"fnMap":{"0":{"name":"(anonymous_0)","decl":{"start":{"line":7,"column":4},"end":{"line":7,"column":5}},"loc":{"start":{"line":15,"column":6},"end":{"line":15,"column":9}},"line":15}},"branchMap":{},"s":{},"f":{"0":57},"b":{},"_coverageSchema":"1a1c01bbd47fc00a2c39e90264f33305004495a9","hash":"c0ad0678af96bb1ccd802da2fc47e52b2baca876"}
,"Z:\\Personal\\cli-typescript-class-organizer\\src\\configuration\\configuration.ts": {"path":"Z:\\Personal\\cli-typescript-class-organizer\\src\\configuration\\configuration.ts","statementMap":{"0":{"start":{"line":43,"column":35},"end":{"line":43,"column":71}},"1":{"start":{"line":44,"column":28},"end":{"line":44,"column":48}},"2":{"start":{"line":46,"column":8},"end":{"line":56,"column":9}},"3":{"start":{"line":48,"column":12},"end":{"line":51,"column":13}},"4":{"start":{"line":50,"column":16},"end":{"line":50,"column":82}},"5":{"start":{"line":55,"column":12},"end":{"line":55,"column":33}},"6":{"start":{"line":58,"column":8},"end":{"line":121,"column":10}},"7":{"start":{"line":72,"column":140},"end":{"line":72,"column":189}},"8":{"start":{"line":90,"column":139},"end":{"line":90,"column":187}},"9":{"start":{"line":105,"column":149},"end":{"line":105,"column":201}},"10":{"start":{"line":119,"column":134},"end":{"line":119,"column":181}},"11":{"start":{"line":126,"column":8},"end":{"line":189,"column":10}},"12":{"start":{"line":140,"column":71},"end":{"line":140,"column":120}},"13":{"start":{"line":158,"column":71},"end":{"line":158,"column":119}},"14":{"start":{"line":173,"column":74},"end":{"line":173,"column":126}},"15":{"start":{"line":187,"column":69},"end":{"line":187,"column":116}},"16":{"start":{"line":198,"column":28},"end":{"line":198,"column":75}},"17":{"start":{"line":198,"column":59},"end":{"line":198,"column":74}},"18":{"start":{"line":199,"column":31},"end":{"line":199,"column":83}},"19":{"start":{"line":199,"column":68},"end":{"line":199,"column":82}},"20":{"start":{"line":200,"column":35},"end":{"line":200,"column":89}},"21":{"start":{"line":200,"column":63},"end":{"line":200,"column":88}},"22":{"start":{"line":201,"column":70},"end":{"line":201,"column":72}},"23":{"start":{"line":204,"column":8},"end":{"line":207,"column":9}},"24":{"start":{"line":206,"column":12},"end":{"line":206,"column":64}},"25":{"start":{"line":210,"column":8},"end":{"line":213,"column":9}},"26":{"start":{"line":212,"column":12},"end":{"line":212,"column":187}},"27":{"start":{"line":215,"column":8},"end":{"line":215,"column":36}},"28":{"start":{"line":220,"column":28},"end":{"line":220,"column":75}},"29":{"start":{"line":220,"column":59},"end":{"line":220,"column":74}},"30":{"start":{"line":221,"column":31},"end":{"line":221,"column":83}},"31":{"start":{"line":221,"column":68},"end":{"line":221,"column":82}},"32":{"start":{"line":222,"column":35},"end":{"line":222,"column":89}},"33":{"start":{"line":222,"column":63},"end":{"line":222,"column":88}},"34":{"start":{"line":223,"column":74},"end":{"line":223,"column":76}},"35":{"start":{"line":226,"column":8},"end":{"line":229,"column":9}},"36":{"start":{"line":228,"column":12},"end":{"line":228,"column":64}},"37":{"start":{"line":232,"column":8},"end":{"line":235,"column":9}},"38":{"start":{"line":234,"column":12},"end":{"line":234,"column":195}},"39":{"start":{"line":237,"column":8},"end":{"line":237,"column":36}},"40":{"start":{"line":242,"column":28},"end":{"line":242,"column":75}},"41":{"start":{"line":242,"column":59},"end":{"line":242,"column":74}},"42":{"start":{"line":243,"column":31},"end":{"line":243,"column":83}},"43":{"start":{"line":243,"column":68},"end":{"line":243,"column":82}},"44":{"start":{"line":244,"column":35},"end":{"line":244,"column":89}},"45":{"start":{"line":244,"column":63},"end":{"line":244,"column":88}},"46":{"start":{"line":245,"column":71},"end":{"line":245,"column":73}},"47":{"start":{"line":248,"column":8},"end":{"line":251,"column":9}},"48":{"start":{"line":250,"column":12},"end":{"line":250,"column":64}},"49":{"start":{"line":254,"column":8},"end":{"line":257,"column":9}},"50":{"start":{"line":256,"column":12},"end":{"line":256,"column":189}},"51":{"start":{"line":259,"column":8},"end":{"line":259,"column":36}},"52":{"start":{"line":264,"column":28},"end":{"line":264,"column":75}},"53":{"start":{"line":264,"column":59},"end":{"line":264,"column":74}},"54":{"start":{"line":265,"column":31},"end":{"line":265,"column":83}},"55":{"start":{"line":265,"column":68},"end":{"line":265,"column":82}},"56":{"start":{"line":266,"column":35},"end":{"line":266,"column":89}},"57":{"start":{"line":266,"column":63},"end":{"line":266,"column":88}},"58":{"start":{"line":267,"column":69},"end":{"line":267,"column":71}},"59":{"start":{"line":270,"column":8},"end":{"line":273,"column":9}},"60":{"start":{"line":272,"column":12},"end":{"line":272,"column":64}},"61":{"start":{"line":276,"column":8},"end":{"line":279,"column":9}},"62":{"start":{"line":278,"column":12},"end":{"line":278,"column":185}},"63":{"start":{"line":281,"column":8},"end":{"line":281,"column":36}},"64":{"start":{"line":286,"column":21},"end":{"line":286,"column":63}},"65":{"start":{"line":287,"column":30},"end":{"line":287,"column":100}},"66":{"start":{"line":288,"column":24},"end":{"line":288,"column":73}},"67":{"start":{"line":289,"column":28},"end":{"line":289,"column":186}},"68":{"start":{"line":289,"column":107},"end":{"line":289,"column":157}},"69":{"start":{"line":289,"column":171},"end":{"line":289,"column":185}},"70":{"start":{"line":290,"column":35},"end":{"line":290,"column":91}},"71":{"start":{"line":291,"column":27},"end":{"line":291,"column":95}},"72":{"start":{"line":292,"column":27},"end":{"line":292,"column":95}},"73":{"start":{"line":294,"column":8},"end":{"line":301,"column":9}},"74":{"start":{"line":296,"column":12},"end":{"line":300,"column":13}},"75":{"start":{"line":299,"column":16},"end":{"line":299,"column":61}},"76":{"start":{"line":303,"column":8},"end":{"line":303,"column":136}},"77":{"start":{"line":308,"column":21},"end":{"line":308,"column":67}},"78":{"start":{"line":309,"column":30},"end":{"line":309,"column":104}},"79":{"start":{"line":310,"column":24},"end":{"line":310,"column":77}},"80":{"start":{"line":311,"column":28},"end":{"line":311,"column":198}},"81":{"start":{"line":311,"column":111},"end":{"line":311,"column":169}},"82":{"start":{"line":311,"column":183},"end":{"line":311,"column":197}},"83":{"start":{"line":312,"column":35},"end":{"line":312,"column":95}},"84":{"start":{"line":313,"column":27},"end":{"line":313,"column":99}},"85":{"start":{"line":314,"column":27},"end":{"line":314,"column":99}},"86":{"start":{"line":316,"column":8},"end":{"line":323,"column":9}},"87":{"start":{"line":318,"column":12},"end":{"line":322,"column":13}},"88":{"start":{"line":321,"column":16},"end":{"line":321,"column":61}},"89":{"start":{"line":325,"column":8},"end":{"line":325,"column":140}},"90":{"start":{"line":330,"column":21},"end":{"line":330,"column":64}},"91":{"start":{"line":331,"column":30},"end":{"line":331,"column":101}},"92":{"start":{"line":332,"column":24},"end":{"line":332,"column":74}},"93":{"start":{"line":333,"column":28},"end":{"line":333,"column":189}},"94":{"start":{"line":333,"column":108},"end":{"line":333,"column":160}},"95":{"start":{"line":333,"column":174},"end":{"line":333,"column":188}},"96":{"start":{"line":334,"column":35},"end":{"line":334,"column":92}},"97":{"start":{"line":335,"column":27},"end":{"line":335,"column":96}},"98":{"start":{"line":336,"column":27},"end":{"line":336,"column":96}},"99":{"start":{"line":338,"column":8},"end":{"line":345,"column":9}},"100":{"start":{"line":340,"column":12},"end":{"line":344,"column":13}},"101":{"start":{"line":343,"column":16},"end":{"line":343,"column":61}},"102":{"start":{"line":347,"column":8},"end":{"line":347,"column":137}},"103":{"start":{"line":352,"column":21},"end":{"line":352,"column":62}},"104":{"start":{"line":353,"column":30},"end":{"line":353,"column":99}},"105":{"start":{"line":354,"column":24},"end":{"line":354,"column":72}},"106":{"start":{"line":355,"column":28},"end":{"line":355,"column":183}},"107":{"start":{"line":355,"column":106},"end":{"line":355,"column":154}},"108":{"start":{"line":355,"column":168},"end":{"line":355,"column":182}},"109":{"start":{"line":356,"column":35},"end":{"line":356,"column":90}},"110":{"start":{"line":357,"column":27},"end":{"line":357,"column":94}},"111":{"start":{"line":358,"column":27},"end":{"line":358,"column":94}},"112":{"start":{"line":360,"column":8},"end":{"line":367,"column":9}},"113":{"start":{"line":362,"column":12},"end":{"line":366,"column":13}},"114":{"start":{"line":365,"column":16},"end":{"line":365,"column":61}},"115":{"start":{"line":369,"column":8},"end":{"line":369,"column":135}}},"fnMap":{"0":{"name":"(anonymous_0)","decl":{"start":{"line":27,"column":4},"end":{"line":27,"column":5}},"loc":{"start":{"line":34,"column":4},"end":{"line":35,"column":5}},"line":34},"1":{"name":"(anonymous_1)","decl":{"start":{"line":41,"column":4},"end":{"line":41,"column":5}},"loc":{"start":{"line":42,"column":4},"end":{"line":122,"column":5}},"line":42},"2":{"name":"(anonymous_2)","decl":{"start":{"line":72,"column":135},"end":{"line":72,"column":136}},"loc":{"start":{"line":72,"column":140},"end":{"line":72,"column":189}},"line":72},"3":{"name":"(anonymous_3)","decl":{"start":{"line":90,"column":134},"end":{"line":90,"column":135}},"loc":{"start":{"line":90,"column":139},"end":{"line":90,"column":187}},"line":90},"4":{"name":"(anonymous_4)","decl":{"start":{"line":105,"column":144},"end":{"line":105,"column":145}},"loc":{"start":{"line":105,"column":149},"end":{"line":105,"column":201}},"line":105},"5":{"name":"(anonymous_5)","decl":{"start":{"line":119,"column":129},"end":{"line":119,"column":130}},"loc":{"start":{"line":119,"column":134},"end":{"line":119,"column":181}},"line":119},"6":{"name":"(anonymous_6)","decl":{"start":{"line":124,"column":4},"end":{"line":124,"column":5}},"loc":{"start":{"line":125,"column":4},"end":{"line":190,"column":5}},"line":125},"7":{"name":"(anonymous_7)","decl":{"start":{"line":140,"column":66},"end":{"line":140,"column":67}},"loc":{"start":{"line":140,"column":71},"end":{"line":140,"column":120}},"line":140},"8":{"name":"(anonymous_8)","decl":{"start":{"line":158,"column":66},"end":{"line":158,"column":67}},"loc":{"start":{"line":158,"column":71},"end":{"line":158,"column":119}},"line":158},"9":{"name":"(anonymous_9)","decl":{"start":{"line":173,"column":69},"end":{"line":173,"column":70}},"loc":{"start":{"line":173,"column":74},"end":{"line":173,"column":126}},"line":173},"10":{"name":"(anonymous_10)","decl":{"start":{"line":187,"column":64},"end":{"line":187,"column":65}},"loc":{"start":{"line":187,"column":69},"end":{"line":187,"column":116}},"line":187},"11":{"name":"(anonymous_11)","decl":{"start":{"line":196,"column":4},"end":{"line":196,"column":5}},"loc":{"start":{"line":197,"column":4},"end":{"line":216,"column":5}},"line":197},"12":{"name":"(anonymous_12)","decl":{"start":{"line":198,"column":52},"end":{"line":198,"column":53}},"loc":{"start":{"line":198,"column":59},"end":{"line":198,"column":74}},"line":198},"13":{"name":"(anonymous_13)","decl":{"start":{"line":199,"column":62},"end":{"line":199,"column":63}},"loc":{"start":{"line":199,"column":68},"end":{"line":199,"column":82}},"line":199},"14":{"name":"(anonymous_14)","decl":{"start":{"line":200,"column":57},"end":{"line":200,"column":58}},"loc":{"start":{"line":200,"column":63},"end":{"line":200,"column":88}},"line":200},"15":{"name":"(anonymous_15)","decl":{"start":{"line":218,"column":4},"end":{"line":218,"column":5}},"loc":{"start":{"line":219,"column":4},"end":{"line":238,"column":5}},"line":219},"16":{"name":"(anonymous_16)","decl":{"start":{"line":220,"column":52},"end":{"line":220,"column":53}},"loc":{"start":{"line":220,"column":59},"end":{"line":220,"column":74}},"line":220},"17":{"name":"(anonymous_17)","decl":{"start":{"line":221,"column":62},"end":{"line":221,"column":63}},"loc":{"start":{"line":221,"column":68},"end":{"line":221,"column":82}},"line":221},"18":{"name":"(anonymous_18)","decl":{"start":{"line":222,"column":57},"end":{"line":222,"column":58}},"loc":{"start":{"line":222,"column":63},"end":{"line":222,"column":88}},"line":222},"19":{"name":"(anonymous_19)","decl":{"start":{"line":240,"column":4},"end":{"line":240,"column":5}},"loc":{"start":{"line":241,"column":4},"end":{"line":260,"column":5}},"line":241},"20":{"name":"(anonymous_20)","decl":{"start":{"line":242,"column":52},"end":{"line":242,"column":53}},"loc":{"start":{"line":242,"column":59},"end":{"line":242,"column":74}},"line":242},"21":{"name":"(anonymous_21)","decl":{"start":{"line":243,"column":62},"end":{"line":243,"column":63}},"loc":{"start":{"line":243,"column":68},"end":{"line":243,"column":82}},"line":243},"22":{"name":"(anonymous_22)","decl":{"start":{"line":244,"column":57},"end":{"line":244,"column":58}},"loc":{"start":{"line":244,"column":63},"end":{"line":244,"column":88}},"line":244},"23":{"name":"(anonymous_23)","decl":{"start":{"line":262,"column":4},"end":{"line":262,"column":5}},"loc":{"start":{"line":263,"column":4},"end":{"line":282,"column":5}},"line":263},"24":{"name":"(anonymous_24)","decl":{"start":{"line":264,"column":52},"end":{"line":264,"column":53}},"loc":{"start":{"line":264,"column":59},"end":{"line":264,"column":74}},"line":264},"25":{"name":"(anonymous_25)","decl":{"start":{"line":265,"column":62},"end":{"line":265,"column":63}},"loc":{"start":{"line":265,"column":68},"end":{"line":265,"column":82}},"line":265},"26":{"name":"(anonymous_26)","decl":{"start":{"line":266,"column":57},"end":{"line":266,"column":58}},"loc":{"start":{"line":266,"column":63},"end":{"line":266,"column":88}},"line":266},"27":{"name":"(anonymous_27)","decl":{"start":{"line":284,"column":4},"end":{"line":284,"column":5}},"loc":{"start":{"line":285,"column":4},"end":{"line":304,"column":5}},"line":285},"28":{"name":"(anonymous_28)","decl":{"start":{"line":289,"column":102},"end":{"line":289,"column":103}},"loc":{"start":{"line":289,"column":107},"end":{"line":289,"column":157}},"line":289},"29":{"name":"(anonymous_29)","decl":{"start":{"line":289,"column":166},"end":{"line":289,"column":167}},"loc":{"start":{"line":289,"column":171},"end":{"line":289,"column":185}},"line":289},"30":{"name":"(anonymous_30)","decl":{"start":{"line":306,"column":4},"end":{"line":306,"column":5}},"loc":{"start":{"line":307,"column":4},"end":{"line":326,"column":5}},"line":307},"31":{"name":"(anonymous_31)","decl":{"start":{"line":311,"column":106},"end":{"line":311,"column":107}},"loc":{"start":{"line":311,"column":111},"end":{"line":311,"column":169}},"line":311},"32":{"name":"(anonymous_32)","decl":{"start":{"line":311,"column":178},"end":{"line":311,"column":179}},"loc":{"start":{"line":311,"column":183},"end":{"line":311,"column":197}},"line":311},"33":{"name":"(anonymous_33)","decl":{"start":{"line":328,"column":4},"end":{"line":328,"column":5}},"loc":{"start":{"line":329,"column":4},"end":{"line":348,"column":5}},"line":329},"34":{"name":"(anonymous_34)","decl":{"start":{"line":333,"column":103},"end":{"line":333,"column":104}},"loc":{"start":{"line":333,"column":108},"end":{"line":333,"column":160}},"line":333},"35":{"name":"(anonymous_35)","decl":{"start":{"line":333,"column":169},"end":{"line":333,"column":170}},"loc":{"start":{"line":333,"column":174},"end":{"line":333,"column":188}},"line":333},"36":{"name":"(anonymous_36)","decl":{"start":{"line":350,"column":4},"end":{"line":350,"column":5}},"loc":{"start":{"line":351,"column":4},"end":{"line":370,"column":5}},"line":351},"37":{"name":"(anonymous_37)","decl":{"start":{"line":355,"column":101},"end":{"line":355,"column":102}},"loc":{"start":{"line":355,"column":106},"end":{"line":355,"column":154}},"line":355},"38":{"name":"(anonymous_38)","decl":{"start":{"line":355,"column":163},"end":{"line":355,"column":164}},"loc":{"start":{"line":355,"column":168},"end":{"line":355,"column":182}},"line":355}},"branchMap":{"0":{"loc":{"start":{"line":48,"column":12},"end":{"line":51,"column":13}},"type":"if","locations":[{"start":{"line":48,"column":12},"end":{"line":51,"column":13}},{"start":{},"end":{}}],"line":48},"1":{"loc":{"start":{"line":63,"column":28},"end":{"line":63,"column":120}},"type":"binary-expr","locations":[{"start":{"line":63,"column":28},"end":{"line":63,"column":69}},{"start":{"line":63,"column":73},"end":{"line":63,"column":120}}],"line":63},"2":{"loc":{"start":{"line":64,"column":28},"end":{"line":64,"column":152}},"type":"binary-expr","locations":[{"start":{"line":64,"column":28},"end":{"line":64,"column":85}},{"start":{"line":64,"column":89},"end":{"line":64,"column":152}}],"line":64},"3":{"loc":{"start":{"line":65,"column":28},"end":{"line":65,"column":154}},"type":"binary-expr","locations":[{"start":{"line":65,"column":28},"end":{"line":65,"column":86}},{"start":{"line":65,"column":90},"end":{"line":65,"column":154}}],"line":65},"4":{"loc":{"start":{"line":69,"column":28},"end":{"line":69,"column":174}},"type":"binary-expr","locations":[{"start":{"line":69,"column":28},"end":{"line":69,"column":96}},{"start":{"line":69,"column":100},"end":{"line":69,"column":174}}],"line":69},"5":{"loc":{"start":{"line":70,"column":28},"end":{"line":70,"column":184}},"type":"binary-expr","locations":[{"start":{"line":70,"column":28},"end":{"line":70,"column":101}},{"start":{"line":70,"column":105},"end":{"line":70,"column":184}}],"line":70},"6":{"loc":{"start":{"line":72,"column":140},"end":{"line":72,"column":189}},"type":"binary-expr","locations":[{"start":{"line":72,"column":140},"end":{"line":72,"column":183}},{"start":{"line":72,"column":187},"end":{"line":72,"column":189}}],"line":72},"7":{"loc":{"start":{"line":78,"column":28},"end":{"line":78,"column":120}},"type":"binary-expr","locations":[{"start":{"line":78,"column":28},"end":{"line":78,"column":69}},{"start":{"line":78,"column":73},"end":{"line":78,"column":120}}],"line":78},"8":{"loc":{"start":{"line":79,"column":28},"end":{"line":79,"column":152}},"type":"binary-expr","locations":[{"start":{"line":79,"column":28},"end":{"line":79,"column":85}},{"start":{"line":79,"column":89},"end":{"line":79,"column":152}}],"line":79},"9":{"loc":{"start":{"line":80,"column":28},"end":{"line":80,"column":154}},"type":"binary-expr","locations":[{"start":{"line":80,"column":28},"end":{"line":80,"column":86}},{"start":{"line":80,"column":90},"end":{"line":80,"column":154}}],"line":80},"10":{"loc":{"start":{"line":84,"column":28},"end":{"line":84,"column":152}},"type":"binary-expr","locations":[{"start":{"line":84,"column":28},"end":{"line":84,"column":85}},{"start":{"line":84,"column":89},"end":{"line":84,"column":152}}],"line":84},"11":{"loc":{"start":{"line":85,"column":28},"end":{"line":85,"column":172}},"type":"binary-expr","locations":[{"start":{"line":85,"column":28},"end":{"line":85,"column":95}},{"start":{"line":85,"column":99},"end":{"line":85,"column":172}}],"line":85},"12":{"loc":{"start":{"line":86,"column":28},"end":{"line":86,"column":152}},"type":"binary-expr","locations":[{"start":{"line":86,"column":28},"end":{"line":86,"column":85}},{"start":{"line":86,"column":89},"end":{"line":86,"column":152}}],"line":86},"13":{"loc":{"start":{"line":87,"column":28},"end":{"line":87,"column":174}},"type":"binary-expr","locations":[{"start":{"line":87,"column":28},"end":{"line":87,"column":96}},{"start":{"line":87,"column":100},"end":{"line":87,"column":174}}],"line":87},"14":{"loc":{"start":{"line":88,"column":28},"end":{"line":88,"column":190}},"type":"binary-expr","locations":[{"start":{"line":88,"column":28},"end":{"line":88,"column":104}},{"start":{"line":88,"column":108},"end":{"line":88,"column":190}}],"line":88},"15":{"loc":{"start":{"line":90,"column":139},"end":{"line":90,"column":187}},"type":"binary-expr","locations":[{"start":{"line":90,"column":139},"end":{"line":90,"column":181}},{"start":{"line":90,"column":185},"end":{"line":90,"column":187}}],"line":90},"16":{"loc":{"start":{"line":96,"column":28},"end":{"line":96,"column":126}},"type":"binary-expr","locations":[{"start":{"line":96,"column":28},"end":{"line":96,"column":72}},{"start":{"line":96,"column":76},"end":{"line":96,"column":126}}],"line":96},"17":{"loc":{"start":{"line":97,"column":28},"end":{"line":97,"column":158}},"type":"binary-expr","locations":[{"start":{"line":97,"column":28},"end":{"line":97,"column":88}},{"start":{"line":97,"column":92},"end":{"line":97,"column":158}}],"line":97},"18":{"loc":{"start":{"line":98,"column":28},"end":{"line":98,"column":160}},"type":"binary-expr","locations":[{"start":{"line":98,"column":28},"end":{"line":98,"column":89}},{"start":{"line":98,"column":93},"end":{"line":98,"column":160}}],"line":98},"19":{"loc":{"start":{"line":102,"column":28},"end":{"line":102,"column":180}},"type":"binary-expr","locations":[{"start":{"line":102,"column":28},"end":{"line":102,"column":99}},{"start":{"line":102,"column":103},"end":{"line":102,"column":180}}],"line":102},"20":{"loc":{"start":{"line":103,"column":28},"end":{"line":103,"column":196}},"type":"binary-expr","locations":[{"start":{"line":103,"column":28},"end":{"line":103,"column":107}},{"start":{"line":103,"column":111},"end":{"line":103,"column":196}}],"line":103},"21":{"loc":{"start":{"line":105,"column":149},"end":{"line":105,"column":201}},"type":"binary-expr","locations":[{"start":{"line":105,"column":149},"end":{"line":105,"column":195}},{"start":{"line":105,"column":199},"end":{"line":105,"column":201}}],"line":105},"22":{"loc":{"start":{"line":111,"column":28},"end":{"line":111,"column":116}},"type":"binary-expr","locations":[{"start":{"line":111,"column":28},"end":{"line":111,"column":67}},{"start":{"line":111,"column":71},"end":{"line":111,"column":116}}],"line":111},"23":{"loc":{"start":{"line":112,"column":28},"end":{"line":112,"column":148}},"type":"binary-expr","locations":[{"start":{"line":112,"column":28},"end":{"line":112,"column":83}},{"start":{"line":112,"column":87},"end":{"line":112,"column":148}}],"line":112},"24":{"loc":{"start":{"line":113,"column":28},"end":{"line":113,"column":150}},"type":"binary-expr","locations":[{"start":{"line":113,"column":28},"end":{"line":113,"column":84}},{"start":{"line":113,"column":88},"end":{"line":113,"column":150}}],"line":113},"25":{"loc":{"start":{"line":117,"column":28},"end":{"line":117,"column":170}},"type":"binary-expr","locations":[{"start":{"line":117,"column":28},"end":{"line":117,"column":94}},{"start":{"line":117,"column":98},"end":{"line":117,"column":170}}],"line":117},"26":{"loc":{"start":{"line":119,"column":134},"end":{"line":119,"column":181}},"type":"binary-expr","locations":[{"start":{"line":119,"column":134},"end":{"line":119,"column":175}},{"start":{"line":119,"column":179},"end":{"line":119,"column":181}}],"line":119},"27":{"loc":{"start":{"line":140,"column":71},"end":{"line":140,"column":120}},"type":"binary-expr","locations":[{"start":{"line":140,"column":71},"end":{"line":140,"column":114}},{"start":{"line":140,"column":118},"end":{"line":140,"column":120}}],"line":140},"28":{"loc":{"start":{"line":158,"column":71},"end":{"line":158,"column":119}},"type":"binary-expr","locations":[{"start":{"line":158,"column":71},"end":{"line":158,"column":113}},{"start":{"line":158,"column":117},"end":{"line":158,"column":119}}],"line":158},"29":{"loc":{"start":{"line":173,"column":74},"end":{"line":173,"column":126}},"type":"binary-expr","locations":[{"start":{"line":173,"column":74},"end":{"line":173,"column":120}},{"start":{"line":173,"column":124},"end":{"line":173,"column":126}}],"line":173},"30":{"loc":{"start":{"line":187,"column":69},"end":{"line":187,"column":116}},"type":"binary-expr","locations":[{"start":{"line":187,"column":69},"end":{"line":187,"column":110}},{"start":{"line":187,"column":114},"end":{"line":187,"column":116}}],"line":187},"31":{"loc":{"start":{"line":286,"column":21},"end":{"line":286,"column":63}},"type":"binary-expr","locations":[{"start":{"line":286,"column":21},"end":{"line":286,"column":55}},{"start":{"line":286,"column":59},"end":{"line":286,"column":63}}],"line":286},"32":{"loc":{"start":{"line":287,"column":30},"end":{"line":287,"column":100}},"type":"cond-expr","locations":[{"start":{"line":287,"column":86},"end":{"line":287,"column":91}},{"start":{"line":287,"column":94},"end":{"line":287,"column":100}}],"line":287},"33":{"loc":{"start":{"line":288,"column":24},"end":{"line":288,"column":73}},"type":"binary-expr","locations":[{"start":{"line":288,"column":24},"end":{"line":288,"column":61}},{"start":{"line":288,"column":65},"end":{"line":288,"column":73}}],"line":288},"34":{"loc":{"start":{"line":289,"column":37},"end":{"line":289,"column":96}},"type":"binary-expr","locations":[{"start":{"line":289,"column":37},"end":{"line":289,"column":90}},{"start":{"line":289,"column":94},"end":{"line":289,"column":96}}],"line":289},"35":{"loc":{"start":{"line":290,"column":35},"end":{"line":290,"column":91}},"type":"binary-expr","locations":[{"start":{"line":290,"column":35},"end":{"line":290,"column":83}},{"start":{"line":290,"column":87},"end":{"line":290,"column":91}}],"line":290},"36":{"loc":{"start":{"line":291,"column":36},"end":{"line":291,"column":94}},"type":"binary-expr","locations":[{"start":{"line":291,"column":36},"end":{"line":291,"column":88}},{"start":{"line":291,"column":92},"end":{"line":291,"column":94}}],"line":291},"37":{"loc":{"start":{"line":292,"column":36},"end":{"line":292,"column":94}},"type":"binary-expr","locations":[{"start":{"line":292,"column":36},"end":{"line":292,"column":88}},{"start":{"line":292,"column":92},"end":{"line":292,"column":94}}],"line":292},"38":{"loc":{"start":{"line":296,"column":12},"end":{"line":300,"column":13}},"type":"if","locations":[{"start":{"line":296,"column":12},"end":{"line":300,"column":13}},{"start":{},"end":{}}],"line":296},"39":{"loc":{"start":{"line":308,"column":21},"end":{"line":308,"column":67}},"type":"binary-expr","locations":[{"start":{"line":308,"column":21},"end":{"line":308,"column":59}},{"start":{"line":308,"column":63},"end":{"line":308,"column":67}}],"line":308},"40":{"loc":{"start":{"line":309,"column":30},"end":{"line":309,"column":104}},"type":"cond-expr","locations":[{"start":{"line":309,"column":90},"end":{"line":309,"column":95}},{"start":{"line":309,"column":98},"end":{"line":309,"column":104}}],"line":309},"41":{"loc":{"start":{"line":310,"column":24},"end":{"line":310,"column":77}},"type":"binary-expr","locations":[{"start":{"line":310,"column":24},"end":{"line":310,"column":65}},{"start":{"line":310,"column":69},"end":{"line":310,"column":77}}],"line":310},"42":{"loc":{"start":{"line":311,"column":37},"end":{"line":311,"column":100}},"type":"binary-expr","locations":[{"start":{"line":311,"column":37},"end":{"line":311,"column":94}},{"start":{"line":311,"column":98},"end":{"line":311,"column":100}}],"line":311},"43":{"loc":{"start":{"line":312,"column":35},"end":{"line":312,"column":95}},"type":"binary-expr","locations":[{"start":{"line":312,"column":35},"end":{"line":312,"column":87}},{"start":{"line":312,"column":91},"end":{"line":312,"column":95}}],"line":312},"44":{"loc":{"start":{"line":313,"column":36},"end":{"line":313,"column":98}},"type":"binary-expr","locations":[{"start":{"line":313,"column":36},"end":{"line":313,"column":92}},{"start":{"line":313,"column":96},"end":{"line":313,"column":98}}],"line":313},"45":{"loc":{"start":{"line":314,"column":36},"end":{"line":314,"column":98}},"type":"binary-expr","locations":[{"start":{"line":314,"column":36},"end":{"line":314,"column":92}},{"start":{"line":314,"column":96},"end":{"line":314,"column":98}}],"line":314},"46":{"loc":{"start":{"line":318,"column":12},"end":{"line":322,"column":13}},"type":"if","locations":[{"start":{"line":318,"column":12},"end":{"line":322,"column":13}},{"start":{},"end":{}}],"line":318},"47":{"loc":{"start":{"line":330,"column":21},"end":{"line":330,"column":64}},"type":"binary-expr","locations":[{"start":{"line":330,"column":21},"end":{"line":330,"column":56}},{"start":{"line":330,"column":60},"end":{"line":330,"column":64}}],"line":330},"48":{"loc":{"start":{"line":331,"column":30},"end":{"line":331,"column":101}},"type":"cond-expr","locations":[{"start":{"line":331,"column":87},"end":{"line":331,"column":92}},{"start":{"line":331,"column":95},"end":{"line":331,"column":101}}],"line":331},"49":{"loc":{"start":{"line":332,"column":24},"end":{"line":332,"column":74}},"type":"binary-expr","locations":[{"start":{"line":332,"column":24},"end":{"line":332,"column":62}},{"start":{"line":332,"column":66},"end":{"line":332,"column":74}}],"line":332},"50":{"loc":{"start":{"line":333,"column":37},"end":{"line":333,"column":97}},"type":"binary-expr","locations":[{"start":{"line":333,"column":37},"end":{"line":333,"column":91}},{"start":{"line":333,"column":95},"end":{"line":333,"column":97}}],"line":333},"51":{"loc":{"start":{"line":334,"column":35},"end":{"line":334,"column":92}},"type":"binary-expr","locations":[{"start":{"line":334,"column":35},"end":{"line":334,"column":84}},{"start":{"line":334,"column":88},"end":{"line":334,"column":92}}],"line":334},"52":{"loc":{"start":{"line":335,"column":36},"end":{"line":335,"column":95}},"type":"binary-expr","locations":[{"start":{"line":335,"column":36},"end":{"line":335,"column":89}},{"start":{"line":335,"column":93},"end":{"line":335,"column":95}}],"line":335},"53":{"loc":{"start":{"line":336,"column":36},"end":{"line":336,"column":95}},"type":"binary-expr","locations":[{"start":{"line":336,"column":36},"end":{"line":336,"column":89}},{"start":{"line":336,"column":93},"end":{"line":336,"column":95}}],"line":336},"54":{"loc":{"start":{"line":340,"column":12},"end":{"line":344,"column":13}},"type":"if","locations":[{"start":{"line":340,"column":12},"end":{"line":344,"column":13}},{"start":{},"end":{}}],"line":340},"55":{"loc":{"start":{"line":352,"column":21},"end":{"line":352,"column":62}},"type":"binary-expr","locations":[{"start":{"line":352,"column":21},"end":{"line":352,"column":54}},{"start":{"line":352,"column":58},"end":{"line":352,"column":62}}],"line":352},"56":{"loc":{"start":{"line":353,"column":30},"end":{"line":353,"column":99}},"type":"cond-expr","locations":[{"start":{"line":353,"column":85},"end":{"line":353,"column":90}},{"start":{"line":353,"column":93},"end":{"line":353,"column":99}}],"line":353},"57":{"loc":{"start":{"line":354,"column":24},"end":{"line":354,"column":72}},"type":"binary-expr","locations":[{"start":{"line":354,"column":24},"end":{"line":354,"column":60}},{"start":{"line":354,"column":64},"end":{"line":354,"column":72}}],"line":354},"58":{"loc":{"start":{"line":355,"column":37},"end":{"line":355,"column":95}},"type":"binary-expr","locations":[{"start":{"line":355,"column":37},"end":{"line":355,"column":89}},{"start":{"line":355,"column":93},"end":{"line":355,"column":95}}],"line":355},"59":{"loc":{"start":{"line":356,"column":35},"end":{"line":356,"column":90}},"type":"binary-expr","locations":[{"start":{"line":356,"column":35},"end":{"line":356,"column":82}},{"start":{"line":356,"column":86},"end":{"line":356,"column":90}}],"line":356},"60":{"loc":{"start":{"line":357,"column":36},"end":{"line":357,"column":93}},"type":"binary-expr","locations":[{"start":{"line":357,"column":36},"end":{"line":357,"column":87}},{"start":{"line":357,"column":91},"end":{"line":357,"column":93}}],"line":357},"61":{"loc":{"start":{"line":358,"column":36},"end":{"line":358,"column":93}},"type":"binary-expr","locations":[{"start":{"line":358,"column":36},"end":{"line":358,"column":87}},{"start":{"line":358,"column":91},"end":{"line":358,"column":93}}],"line":358},"62":{"loc":{"start":{"line":362,"column":12},"end":{"line":366,"column":13}},"type":"if","locations":[{"start":{"line":362,"column":12},"end":{"line":366,"column":13}},{"start":{},"end":{}}],"line":362}},"s":{"0":1,"1":1,"2":1,"3":1,"4":1,"5":0,"6":1,"7":10,"8":40,"9":4,"10":3,"11":1,"12":7,"13":17,"14":4,"15":3,"16":1,"17":40,"18":1,"19":17,"20":1,"21":38,"22":1,"23":1,"24":40,"25":1,"26":0,"27":1,"28":1,"29":4,"30":1,"31":4,"32":1,"33":5,"34":1,"35":1,"36":4,"37":1,"38":0,"39":1,"40":1,"41":10,"42":1,"43":7,"44":1,"45":10,"46":1,"47":1,"48":10,"49":1,"50":0,"51":1,"52":1,"53":3,"54":1,"55":3,"56":1,"57":3,"58":1,"59":1,"60":3,"61":1,"62":0,"63":1,"64":57,"65":57,"66":57,"67":57,"68":80,"69":80,"70":57,"71":57,"72":57,"73":57,"74":0,"75":0,"76":57,"77":8,"78":8,"79":8,"80":8,"81":10,"82":10,"83":8,"84":8,"85":8,"86":8,"87":0,"88":0,"89":8,"90":17,"91":17,"92":17,"93":17,"94":20,"95":20,"96":17,"97":17,"98":17,"99":17,"100":0,"101":0,"102":17,"103":6,"104":6,"105":6,"106":6,"107":6,"108":6,"109":6,"110":6,"111":6,"112":6,"113":0,"114":0,"115":6},"f":{"0":2,"1":1,"2":10,"3":40,"4":4,"5":3,"6":1,"7":7,"8":17,"9":4,"10":3,"11":1,"12":40,"13":17,"14":38,"15":1,"16":4,"17":4,"18":5,"19":1,"20":10,"21":7,"22":10,"23":1,"24":3,"25":3,"26":3,"27":57,"28":80,"29":80,"30":8,"31":10,"32":10,"33":17,"34":20,"35":20,"36":6,"37":6,"38":6},"b":{"0":[1,0],"1":[1,0],"2":[1,0],"3":[1,0],"4":[1,0],"5":[1,0],"6":[10,0],"7":[1,0],"8":[1,0],"9":[1,0],"10":[1,0],"11":[1,0],"12":[1,0],"13":[1,0],"14":[1,0],"15":[40,0],"16":[1,0],"17":[1,0],"18":[1,0],"19":[1,0],"20":[1,0],"21":[4,0],"22":[1,0],"23":[1,0],"24":[1,0],"25":[1,0],"26":[3,0],"27":[7,0],"28":[17,0],"29":[4,0],"30":[3,0],"31":[57,0],"32":[57,0],"33":[57,0],"34":[57,0],"35":[57,0],"36":[57,0],"37":[57,0],"38":[0,0],"39":[8,0],"40":[8,0],"41":[8,0],"42":[8,0],"43":[8,0],"44":[8,0],"45":[8,0],"46":[0,0],"47":[17,0],"48":[17,0],"49":[17,0],"50":[17,0],"51":[17,0],"52":[17,0],"53":[17,0],"54":[0,0],"55":[6,0],"56":[6,0],"57":[6,0],"58":[6,0],"59":[6,0],"60":[6,0],"61":[6,0],"62":[0,0]},"_coverageSchema":"1a1c01bbd47fc00a2c39e90264f33305004495a9","hash":"b9c87e17d5927d6c6d44ac70a2dd38530baf1928"}
,"Z:\\Personal\\cli-typescript-class-organizer\\src\\configuration\\interface-configuration.ts": {"path":"Z:\\Personal\\cli-typescript-class-organizer\\src\\configuration\\interface-configuration.ts","statementMap":{},"fnMap":{"0":{"name":"(anonymous_0)","decl":{"start":{"line":7,"column":4},"end":{"line":7,"column":5}},"loc":{"start":{"line":11,"column":4},"end":{"line":12,"column":5}},"line":11}},"branchMap":{},"s":{},"f":{"0":2},"b":{},"_coverageSchema":"1a1c01bbd47fc00a2c39e90264f33305004495a9","hash":"00983db2e06825ac245735580b0d9e64e4ac5c28"}
,"Z:\\Personal\\cli-typescript-class-organizer\\src\\configuration\\interface-member-configuration.ts": {"path":"Z:\\Personal\\cli-typescript-class-organizer\\src\\configuration\\interface-member-configuration.ts","statementMap":{},"fnMap":{"0":{"name":"(anonymous_0)","decl":{"start":{"line":3,"column":4},"end":{"line":3,"column":5}},"loc":{"start":{"line":6,"column":4},"end":{"line":7,"column":5}},"line":6}},"branchMap":{},"s":{},"f":{"0":2},"b":{},"_coverageSchema":"1a1c01bbd47fc00a2c39e90264f33305004495a9","hash":"fe435e303066690e9cf3102ad776fde304a4eaf4"}
,"Z:\\Personal\\cli-typescript-class-organizer\\src\\configuration\\interface-member-group-configuration.ts": {"path":"Z:\\Personal\\cli-typescript-class-organizer\\src\\configuration\\interface-member-group-configuration.ts","statementMap":{},"fnMap":{"0":{"name":"(anonymous_0)","decl":{"start":{"line":7,"column":4},"end":{"line":7,"column":5}},"loc":{"start":{"line":15,"column":6},"end":{"line":15,"column":9}},"line":15}},"branchMap":{},"s":{},"f":{"0":8},"b":{},"_coverageSchema":"1a1c01bbd47fc00a2c39e90264f33305004495a9","hash":"20ac07262e2798315e95dc3179a4b8030008fa81"}
,"Z:\\Personal\\cli-typescript-class-organizer\\src\\configuration\\module-configuration.ts": {"path":"Z:\\Personal\\cli-typescript-class-organizer\\src\\configuration\\module-configuration.ts","statementMap":{},"fnMap":{"0":{"name":"(anonymous_0)","decl":{"start":{"line":7,"column":4},"end":{"line":7,"column":5}},"loc":{"start":{"line":11,"column":4},"end":{"line":12,"column":5}},"line":11}},"branchMap":{},"s":{},"f":{"0":2},"b":{},"_coverageSchema":"1a1c01bbd47fc00a2c39e90264f33305004495a9","hash":"cb22f79cfadcd12c9e915a3186da782b34ec45bd"}
,"Z:\\Personal\\cli-typescript-class-organizer\\src\\configuration\\module-member-configuration.ts": {"path":"Z:\\Personal\\cli-typescript-class-organizer\\src\\configuration\\module-member-configuration.ts","statementMap":{},"fnMap":{"0":{"name":"(anonymous_0)","decl":{"start":{"line":3,"column":4},"end":{"line":3,"column":5}},"loc":{"start":{"line":6,"column":4},"end":{"line":7,"column":5}},"line":6}},"branchMap":{},"s":{},"f":{"0":2},"b":{},"_coverageSchema":"1a1c01bbd47fc00a2c39e90264f33305004495a9","hash":"62daf32c9659319e5b0a6e0ff1c8a0df0442d8ce"}
,"Z:\\Personal\\cli-typescript-class-organizer\\src\\configuration\\module-member-group-configuration.ts": {"path":"Z:\\Personal\\cli-typescript-class-organizer\\src\\configuration\\module-member-group-configuration.ts","statementMap":{},"fnMap":{"0":{"name":"(anonymous_0)","decl":{"start":{"line":7,"column":4},"end":{"line":7,"column":5}},"loc":{"start":{"line":15,"column":6},"end":{"line":15,"column":9}},"line":15}},"branchMap":{},"s":{},"f":{"0":17},"b":{},"_coverageSchema":"1a1c01bbd47fc00a2c39e90264f33305004495a9","hash":"ec3ad7864f2d4a9744347a7e9085113542672a86"}
,"Z:\\Personal\\cli-typescript-class-organizer\\src\\configuration\\region-configuration.ts": {"path":"Z:\\Personal\\cli-typescript-class-organizer\\src\\configuration\\region-configuration.ts","statementMap":{},"fnMap":{"0":{"name":"(anonymous_0)","decl":{"start":{"line":3,"column":4},"end":{"line":3,"column":5}},"loc":{"start":{"line":7,"column":4},"end":{"line":8,"column":5}},"line":7}},"branchMap":{},"s":{},"f":{"0":8},"b":{},"_coverageSchema":"1a1c01bbd47fc00a2c39e90264f33305004495a9","hash":"93766d840f0c28b26d8af4ea9f35550b5ac6ef11"}
,"Z:\\Personal\\cli-typescript-class-organizer\\src\\configuration\\type-configuration.ts": {"path":"Z:\\Personal\\cli-typescript-class-organizer\\src\\configuration\\type-configuration.ts","statementMap":{},"fnMap":{"0":{"name":"(anonymous_0)","decl":{"start":{"line":7,"column":4},"end":{"line":7,"column":5}},"loc":{"start":{"line":11,"column":4},"end":{"line":12,"column":5}},"line":11}},"branchMap":{},"s":{},"f":{"0":2},"b":{},"_coverageSchema":"1a1c01bbd47fc00a2c39e90264f33305004495a9","hash":"666c1ab480d8ccfa04765a10cf95990ceeace8ce"}
,"Z:\\Personal\\cli-typescript-class-organizer\\src\\configuration\\type-member-configuration.ts": {"path":"Z:\\Personal\\cli-typescript-class-organizer\\src\\configuration\\type-member-configuration.ts","statementMap":{},"fnMap":{"0":{"name":"(anonymous_0)","decl":{"start":{"line":3,"column":4},"end":{"line":3,"column":5}},"loc":{"start":{"line":5,"column":4},"end":{"line":6,"column":5}},"line":5}},"branchMap":{},"s":{},"f":{"0":2},"b":{},"_coverageSchema":"1a1c01bbd47fc00a2c39e90264f33305004495a9","hash":"2961a8753665a89a82ae10eb0f76cc3e1cb8d755"}
,"Z:\\Personal\\cli-typescript-class-organizer\\src\\configuration\\type-member-group-configuration.ts": {"path":"Z:\\Personal\\cli-typescript-class-organizer\\src\\configuration\\type-member-group-configuration.ts","statementMap":{},"fnMap":{"0":{"name":"(anonymous_0)","decl":{"start":{"line":7,"column":4},"end":{"line":7,"column":5}},"loc":{"start":{"line":15,"column":6},"end":{"line":15,"column":9}},"line":15}},"branchMap":{},"s":{},"f":{"0":6},"b":{},"_coverageSchema":"1a1c01bbd47fc00a2c39e90264f33305004495a9","hash":"184c869dd5cbb5c22e097c62259c7191818a09b0"}
,"Z:\\Personal\\cli-typescript-class-organizer\\src\\elements\\accessor-node.ts": {"path":"Z:\\Personal\\cli-typescript-class-organizer\\src\\elements\\accessor-node.ts","statementMap":{"0":{"start":{"line":22,"column":8},"end":{"line":22,"column":45}},"1":{"start":{"line":24,"column":8},"end":{"line":24,"column":185}},"2":{"start":{"line":26,"column":8},"end":{"line":26,"column":67}},"3":{"start":{"line":27,"column":8},"end":{"line":27,"column":71}},"4":{"start":{"line":29,"column":8},"end":{"line":29,"column":59}},"5":{"start":{"line":30,"column":8},"end":{"line":30,"column":55}}},"fnMap":{"0":{"name":"(anonymous_0)","decl":{"start":{"line":20,"column":4},"end":{"line":20,"column":5}},"loc":{"start":{"line":21,"column":4},"end":{"line":31,"column":5}},"line":21}},"branchMap":{"0":{"loc":{"start":{"line":24,"column":20},"end":{"line":24,"column":184}},"type":"binary-expr","locations":[{"start":{"line":24,"column":20},"end":{"line":24,"column":83}},{"start":{"line":24,"column":87},"end":{"line":24,"column":184}}],"line":24}},"s":{"0":20,"1":20,"2":20,"3":20,"4":20,"5":20},"f":{"0":20},"b":{"0":[20,0]},"_coverageSchema":"1a1c01bbd47fc00a2c39e90264f33305004495a9","hash":"20fb4bde5571e35968178f0e9c104b90769d3718"}
,"Z:\\Personal\\cli-typescript-class-organizer\\src\\elements\\class-node.ts": {"path":"Z:\\Personal\\cli-typescript-class-organizer\\src\\elements\\class-node.ts","statementMap":{"0":{"start":{"line":19,"column":48},"end":{"line":19,"column":50}},"1":{"start":{"line":20,"column":54},"end":{"line":20,"column":56}},"2":{"start":{"line":22,"column":44},"end":{"line":22,"column":46}},"3":{"start":{"line":25,"column":41},"end":{"line":25,"column":42}},"4":{"start":{"line":26,"column":43},"end":{"line":26,"column":44}},"5":{"start":{"line":27,"column":61},"end":{"line":27,"column":63}},"6":{"start":{"line":29,"column":49},"end":{"line":29,"column":51}},"7":{"start":{"line":30,"column":44},"end":{"line":30,"column":46}},"8":{"start":{"line":31,"column":76},"end":{"line":31,"column":78}},"9":{"start":{"line":39,"column":8},"end":{"line":39,"column":44}},"10":{"start":{"line":41,"column":8},"end":{"line":41,"column":82}},"11":{"start":{"line":43,"column":8},"end":{"line":47,"column":9}},"12":{"start":{"line":45,"column":12},"end":{"line":45,"column":113}},"13":{"start":{"line":46,"column":12},"end":{"line":46,"column":140}},"14":{"start":{"line":49,"column":8},"end":{"line":49,"column":70}},"15":{"start":{"line":51,"column":8},"end":{"line":51,"column":58}},"16":{"start":{"line":52,"column":8},"end":{"line":52,"column":54}},"17":{"start":{"line":55,"column":8},"end":{"line":92,"column":9}},"18":{"start":{"line":57,"column":12},"end":{"line":91,"column":13}},"19":{"start":{"line":59,"column":16},"end":{"line":59,"column":102}},"20":{"start":{"line":61,"column":17},"end":{"line":91,"column":13}},"21":{"start":{"line":63,"column":16},"end":{"line":63,"column":80}},"22":{"start":{"line":65,"column":17},"end":{"line":91,"column":13}},"23":{"start":{"line":67,"column":16},"end":{"line":67,"column":74}},"24":{"start":{"line":69,"column":17},"end":{"line":91,"column":13}},"25":{"start":{"line":71,"column":16},"end":{"line":78,"column":17}},"26":{"start":{"line":73,"column":20},"end":{"line":73,"column":76}},"27":{"start":{"line":77,"column":20},"end":{"line":77,"column":79}},"28":{"start":{"line":80,"column":17},"end":{"line":91,"column":13}},"29":{"start":{"line":82,"column":16},"end":{"line":82,"column":70}},"30":{"start":{"line":84,"column":17},"end":{"line":91,"column":13}},"31":{"start":{"line":86,"column":16},"end":{"line":86,"column":70}},"32":{"start":{"line":88,"column":17},"end":{"line":91,"column":13}},"33":{"start":{"line":90,"column":16},"end":{"line":90,"column":70}},"34":{"start":{"line":101,"column":42},"end":{"line":101,"column":44}},"35":{"start":{"line":103,"column":8},"end":{"line":285,"column":9}},"36":{"start":{"line":105,"column":25},"end":{"line":105,"column":41}},"37":{"start":{"line":106,"column":34},"end":{"line":106,"column":59}},"38":{"start":{"line":107,"column":31},"end":{"line":107,"column":53}},"39":{"start":{"line":108,"column":31},"end":{"line":108,"column":53}},"40":{"start":{"line":109,"column":53},"end":{"line":109,"column":55}},"41":{"start":{"line":111,"column":12},"end":{"line":272,"column":13}},"42":{"start":{"line":113,"column":35},"end":{"line":113,"column":55}},"43":{"start":{"line":115,"column":16},"end":{"line":266,"column":17}},"44":{"start":{"line":117,"column":20},"end":{"line":117,"column":77}},"45":{"start":{"line":119,"column":21},"end":{"line":266,"column":17}},"46":{"start":{"line":121,"column":20},"end":{"line":121,"column":71}},"47":{"start":{"line":123,"column":21},"end":{"line":266,"column":17}},"48":{"start":{"line":125,"column":20},"end":{"line":125,"column":69}},"49":{"start":{"line":127,"column":21},"end":{"line":266,"column":17}},"50":{"start":{"line":129,"column":20},"end":{"line":129,"column":63}},"51":{"start":{"line":131,"column":21},"end":{"line":266,"column":17}},"52":{"start":{"line":133,"column":20},"end":{"line":133,"column":79}},"53":{"start":{"line":135,"column":21},"end":{"line":266,"column":17}},"54":{"start":{"line":137,"column":20},"end":{"line":137,"column":73}},"55":{"start":{"line":139,"column":21},"end":{"line":266,"column":17}},"56":{"start":{"line":141,"column":20},"end":{"line":141,"column":71}},"57":{"start":{"line":143,"column":21},"end":{"line":266,"column":17}},"58":{"start":{"line":145,"column":20},"end":{"line":145,"column":65}},"59":{"start":{"line":147,"column":21},"end":{"line":266,"column":17}},"60":{"start":{"line":149,"column":20},"end":{"line":149,"column":76}},"61":{"start":{"line":151,"column":21},"end":{"line":266,"column":17}},"62":{"start":{"line":153,"column":20},"end":{"line":153,"column":70}},"63":{"start":{"line":155,"column":21},"end":{"line":266,"column":17}},"64":{"start":{"line":157,"column":20},"end":{"line":157,"column":68}},"65":{"start":{"line":159,"column":21},"end":{"line":266,"column":17}},"66":{"start":{"line":161,"column":20},"end":{"line":161,"column":62}},"67":{"start":{"line":163,"column":21},"end":{"line":266,"column":17}},"68":{"start":{"line":165,"column":20},"end":{"line":165,"column":64}},"69":{"start":{"line":167,"column":21},"end":{"line":266,"column":17}},"70":{"start":{"line":169,"column":20},"end":{"line":169,"column":53}},"71":{"start":{"line":171,"column":21},"end":{"line":266,"column":17}},"72":{"start":{"line":173,"column":20},"end":{"line":173,"column":67}},"73":{"start":{"line":175,"column":21},"end":{"line":266,"column":17}},"74":{"start":{"line":177,"column":20},"end":{"line":177,"column":61}},"75":{"start":{"line":179,"column":21},"end":{"line":266,"column":17}},"76":{"start":{"line":181,"column":20},"end":{"line":181,"column":69}},"77":{"start":{"line":183,"column":21},"end":{"line":266,"column":17}},"78":{"start":{"line":185,"column":20},"end":{"line":185,"column":70}},"79":{"start":{"line":187,"column":21},"end":{"line":266,"column":17}},"80":{"start":{"line":189,"column":20},"end":{"line":189,"column":64}},"81":{"start":{"line":191,"column":21},"end":{"line":266,"column":17}},"82":{"start":{"line":193,"column":20},"end":{"line":193,"column":72}},"83":{"start":{"line":195,"column":21},"end":{"line":266,"column":17}},"84":{"start":{"line":197,"column":20},"end":{"line":197,"column":68}},"85":{"start":{"line":199,"column":21},"end":{"line":266,"column":17}},"86":{"start":{"line":201,"column":20},"end":{"line":201,"column":62}},"87":{"start":{"line":203,"column":21},"end":{"line":266,"column":17}},"88":{"start":{"line":205,"column":20},"end":{"line":205,"column":75}},"89":{"start":{"line":207,"column":21},"end":{"line":266,"column":17}},"90":{"start":{"line":209,"column":20},"end":{"line":209,"column":69}},"91":{"start":{"line":211,"column":21},"end":{"line":266,"column":17}},"92":{"start":{"line":213,"column":20},"end":{"line":213,"column":77}},"93":{"start":{"line":215,"column":21},"end":{"line":266,"column":17}},"94":{"start":{"line":217,"column":20},"end":{"line":217,"column":78}},"95":{"start":{"line":219,"column":21},"end":{"line":266,"column":17}},"96":{"start":{"line":221,"column":20},"end":{"line":221,"column":72}},"97":{"start":{"line":223,"column":21},"end":{"line":266,"column":17}},"98":{"start":{"line":225,"column":20},"end":{"line":225,"column":80}},"99":{"start":{"line":227,"column":21},"end":{"line":266,"column":17}},"100":{"start":{"line":229,"column":20},"end":{"line":229,"column":76}},"101":{"start":{"line":231,"column":21},"end":{"line":266,"column":17}},"102":{"start":{"line":233,"column":20},"end":{"line":233,"column":70}},"103":{"start":{"line":235,"column":21},"end":{"line":266,"column":17}},"104":{"start":{"line":237,"column":20},"end":{"line":237,"column":65}},"105":{"start":{"line":239,"column":21},"end":{"line":266,"column":17}},"106":{"start":{"line":241,"column":20},"end":{"line":241,"column":59}},"107":{"start":{"line":243,"column":21},"end":{"line":266,"column":17}},"108":{"start":{"line":245,"column":20},"end":{"line":245,"column":67}},"109":{"start":{"line":247,"column":21},"end":{"line":266,"column":17}},"110":{"start":{"line":249,"column":20},"end":{"line":249,"column":68}},"111":{"start":{"line":251,"column":21},"end":{"line":266,"column":17}},"112":{"start":{"line":253,"column":20},"end":{"line":253,"column":62}},"113":{"start":{"line":255,"column":21},"end":{"line":266,"column":17}},"114":{"start":{"line":257,"column":20},"end":{"line":257,"column":70}},"115":{"start":{"line":259,"column":21},"end":{"line":266,"column":17}},"116":{"start":{"line":261,"column":20},"end":{"line":261,"column":66}},"117":{"start":{"line":263,"column":21},"end":{"line":266,"column":17}},"118":{"start":{"line":265,"column":20},"end":{"line":265,"column":60}},"119":{"start":{"line":268,"column":16},"end":{"line":271,"column":17}},"120":{"start":{"line":270,"column":20},"end":{"line":270,"column":140}},"121":{"start":{"line":274,"column":12},"end":{"line":284,"column":13}},"122":{"start":{"line":276,"column":16},"end":{"line":283,"column":17}},"123":{"start":{"line":278,"column":20},"end":{"line":278,"column":123}},"124":{"start":{"line":282,"column":20},"end":{"line":282,"column":206}},"125":{"start":{"line":282,"column":133},"end":{"line":282,"column":141}},"126":{"start":{"line":287,"column":8},"end":{"line":287,"column":23}},"127":{"start":{"line":296,"column":8},"end":{"line":296,"column":88}},"128":{"start":{"line":296,"column":42},"end":{"line":296,"column":86}},"129":{"start":{"line":301,"column":8},"end":{"line":301,"column":107}},"130":{"start":{"line":301,"column":61},"end":{"line":301,"column":105}},"131":{"start":{"line":306,"column":8},"end":{"line":306,"column":86}},"132":{"start":{"line":306,"column":40},"end":{"line":306,"column":84}},"133":{"start":{"line":311,"column":8},"end":{"line":311,"column":89}},"134":{"start":{"line":311,"column":43},"end":{"line":311,"column":87}},"135":{"start":{"line":316,"column":8},"end":{"line":316,"column":89}},"136":{"start":{"line":316,"column":43},"end":{"line":316,"column":87}},"137":{"start":{"line":321,"column":8},"end":{"line":321,"column":87}},"138":{"start":{"line":321,"column":42},"end":{"line":321,"column":85}},"139":{"start":{"line":326,"column":8},"end":{"line":326,"column":106}},"140":{"start":{"line":326,"column":61},"end":{"line":326,"column":104}},"141":{"start":{"line":331,"column":8},"end":{"line":331,"column":85}},"142":{"start":{"line":331,"column":40},"end":{"line":331,"column":83}},"143":{"start":{"line":336,"column":8},"end":{"line":336,"column":88}},"144":{"start":{"line":336,"column":43},"end":{"line":336,"column":86}},"145":{"start":{"line":341,"column":8},"end":{"line":341,"column":88}},"146":{"start":{"line":341,"column":43},"end":{"line":341,"column":86}},"147":{"start":{"line":346,"column":8},"end":{"line":346,"column":89}},"148":{"start":{"line":346,"column":42},"end":{"line":346,"column":87}},"149":{"start":{"line":351,"column":8},"end":{"line":351,"column":108}},"150":{"start":{"line":351,"column":61},"end":{"line":351,"column":106}},"151":{"start":{"line":356,"column":8},"end":{"line":356,"column":87}},"152":{"start":{"line":356,"column":40},"end":{"line":356,"column":85}},"153":{"start":{"line":361,"column":8},"end":{"line":361,"column":90}},"154":{"start":{"line":361,"column":42},"end":{"line":361,"column":88}},"155":{"start":{"line":366,"column":8},"end":{"line":366,"column":109}},"156":{"start":{"line":366,"column":61},"end":{"line":366,"column":107}},"157":{"start":{"line":371,"column":8},"end":{"line":371,"column":88}},"158":{"start":{"line":371,"column":40},"end":{"line":371,"column":86}},"159":{"start":{"line":376,"column":8},"end":{"line":376,"column":91}},"160":{"start":{"line":376,"column":43},"end":{"line":376,"column":89}},"161":{"start":{"line":381,"column":8},"end":{"line":381,"column":91}},"162":{"start":{"line":381,"column":43},"end":{"line":381,"column":89}},"163":{"start":{"line":386,"column":8},"end":{"line":386,"column":89}},"164":{"start":{"line":386,"column":42},"end":{"line":386,"column":87}},"165":{"start":{"line":391,"column":8},"end":{"line":391,"column":108}},"166":{"start":{"line":391,"column":61},"end":{"line":391,"column":106}},"167":{"start":{"line":396,"column":8},"end":{"line":396,"column":87}},"168":{"start":{"line":396,"column":40},"end":{"line":396,"column":85}},"169":{"start":{"line":401,"column":8},"end":{"line":401,"column":90}},"170":{"start":{"line":401,"column":43},"end":{"line":401,"column":88}},"171":{"start":{"line":406,"column":8},"end":{"line":406,"column":90}},"172":{"start":{"line":406,"column":43},"end":{"line":406,"column":88}},"173":{"start":{"line":411,"column":8},"end":{"line":411,"column":86}},"174":{"start":{"line":411,"column":42},"end":{"line":411,"column":84}},"175":{"start":{"line":416,"column":8},"end":{"line":416,"column":105}},"176":{"start":{"line":416,"column":61},"end":{"line":416,"column":103}},"177":{"start":{"line":421,"column":8},"end":{"line":421,"column":84}},"178":{"start":{"line":421,"column":40},"end":{"line":421,"column":82}},"179":{"start":{"line":426,"column":8},"end":{"line":426,"column":87}},"180":{"start":{"line":426,"column":42},"end":{"line":426,"column":85}},"181":{"start":{"line":431,"column":8},"end":{"line":431,"column":106}},"182":{"start":{"line":431,"column":61},"end":{"line":431,"column":104}},"183":{"start":{"line":436,"column":8},"end":{"line":436,"column":85}},"184":{"start":{"line":436,"column":40},"end":{"line":436,"column":83}},"185":{"start":{"line":441,"column":8},"end":{"line":441,"column":88}},"186":{"start":{"line":441,"column":43},"end":{"line":441,"column":86}},"187":{"start":{"line":446,"column":8},"end":{"line":446,"column":88}},"188":{"start":{"line":446,"column":43},"end":{"line":446,"column":86}},"189":{"start":{"line":451,"column":8},"end":{"line":451,"column":86}},"190":{"start":{"line":451,"column":42},"end":{"line":451,"column":84}},"191":{"start":{"line":456,"column":8},"end":{"line":456,"column":105}},"192":{"start":{"line":456,"column":61},"end":{"line":456,"column":103}},"193":{"start":{"line":461,"column":8},"end":{"line":461,"column":84}},"194":{"start":{"line":461,"column":40},"end":{"line":461,"column":82}},"195":{"start":{"line":466,"column":8},"end":{"line":466,"column":87}},"196":{"start":{"line":466,"column":43},"end":{"line":466,"column":85}},"197":{"start":{"line":471,"column":8},"end":{"line":471,"column":87}},"198":{"start":{"line":471,"column":43},"end":{"line":471,"column":85}}},"fnMap":{"0":{"name":"(anonymous_0)","decl":{"start":{"line":37,"column":4},"end":{"line":37,"column":5}},"loc":{"start":{"line":38,"column":4},"end":{"line":93,"column":5}},"line":38},"1":{"name":"(anonymous_1)","decl":{"start":{"line":99,"column":4},"end":{"line":99,"column":5}},"loc":{"start":{"line":100,"column":4},"end":{"line":288,"column":5}},"line":100},"2":{"name":"(anonymous_2)","decl":{"start":{"line":282,"column":127},"end":{"line":282,"column":128}},"loc":{"start":{"line":282,"column":133},"end":{"line":282,"column":141}},"line":282},"3":{"name":"(anonymous_3)","decl":{"start":{"line":294,"column":4},"end":{"line":294,"column":5}},"loc":{"start":{"line":295,"column":4},"end":{"line":297,"column":5}},"line":295},"4":{"name":"(anonymous_4)","decl":{"start":{"line":296,"column":37},"end":{"line":296,"column":38}},"loc":{"start":{"line":296,"column":42},"end":{"line":296,"column":86}},"line":296},"5":{"name":"(anonymous_5)","decl":{"start":{"line":299,"column":4},"end":{"line":299,"column":5}},"loc":{"start":{"line":300,"column":4},"end":{"line":302,"column":5}},"line":300},"6":{"name":"(anonymous_6)","decl":{"start":{"line":301,"column":56},"end":{"line":301,"column":57}},"loc":{"start":{"line":301,"column":61},"end":{"line":301,"column":105}},"line":301},"7":{"name":"(anonymous_7)","decl":{"start":{"line":304,"column":4},"end":{"line":304,"column":5}},"loc":{"start":{"line":305,"column":4},"end":{"line":307,"column":5}},"line":305},"8":{"name":"(anonymous_8)","decl":{"start":{"line":306,"column":35},"end":{"line":306,"column":36}},"loc":{"start":{"line":306,"column":40},"end":{"line":306,"column":84}},"line":306},"9":{"name":"(anonymous_9)","decl":{"start":{"line":309,"column":4},"end":{"line":309,"column":5}},"loc":{"start":{"line":310,"column":4},"end":{"line":312,"column":5}},"line":310},"10":{"name":"(anonymous_10)","decl":{"start":{"line":311,"column":38},"end":{"line":311,"column":39}},"loc":{"start":{"line":311,"column":43},"end":{"line":311,"column":87}},"line":311},"11":{"name":"(anonymous_11)","decl":{"start":{"line":314,"column":4},"end":{"line":314,"column":5}},"loc":{"start":{"line":315,"column":4},"end":{"line":317,"column":5}},"line":315},"12":{"name":"(anonymous_12)","decl":{"start":{"line":316,"column":38},"end":{"line":316,"column":39}},"loc":{"start":{"line":316,"column":43},"end":{"line":316,"column":87}},"line":316},"13":{"name":"(anonymous_13)","decl":{"start":{"line":319,"column":4},"end":{"line":319,"column":5}},"loc":{"start":{"line":320,"column":4},"end":{"line":322,"column":5}},"line":320},"14":{"name":"(anonymous_14)","decl":{"start":{"line":321,"column":37},"end":{"line":321,"column":38}},"loc":{"start":{"line":321,"column":42},"end":{"line":321,"column":85}},"line":321},"15":{"name":"(anonymous_15)","decl":{"start":{"line":324,"column":4},"end":{"line":324,"column":5}},"loc":{"start":{"line":325,"column":4},"end":{"line":327,"column":5}},"line":325},"16":{"name":"(anonymous_16)","decl":{"start":{"line":326,"column":56},"end":{"line":326,"column":57}},"loc":{"start":{"line":326,"column":61},"end":{"line":326,"column":104}},"line":326},"17":{"name":"(anonymous_17)","decl":{"start":{"line":329,"column":4},"end":{"line":329,"column":5}},"loc":{"start":{"line":330,"column":4},"end":{"line":332,"column":5}},"line":330},"18":{"name":"(anonymous_18)","decl":{"start":{"line":331,"column":35},"end":{"line":331,"column":36}},"loc":{"start":{"line":331,"column":40},"end":{"line":331,"column":83}},"line":331},"19":{"name":"(anonymous_19)","decl":{"start":{"line":334,"column":4},"end":{"line":334,"column":5}},"loc":{"start":{"line":335,"column":4},"end":{"line":337,"column":5}},"line":335},"20":{"name":"(anonymous_20)","decl":{"start":{"line":336,"column":38},"end":{"line":336,"column":39}},"loc":{"start":{"line":336,"column":43},"end":{"line":336,"column":86}},"line":336},"21":{"name":"(anonymous_21)","decl":{"start":{"line":339,"column":4},"end":{"line":339,"column":5}},"loc":{"start":{"line":340,"column":4},"end":{"line":342,"column":5}},"line":340},"22":{"name":"(anonymous_22)","decl":{"start":{"line":341,"column":38},"end":{"line":341,"column":39}},"loc":{"start":{"line":341,"column":43},"end":{"line":341,"column":86}},"line":341},"23":{"name":"(anonymous_23)","decl":{"start":{"line":344,"column":4},"end":{"line":344,"column":5}},"loc":{"start":{"line":345,"column":4},"end":{"line":347,"column":5}},"line":345},"24":{"name":"(anonymous_24)","decl":{"start":{"line":346,"column":37},"end":{"line":346,"column":38}},"loc":{"start":{"line":346,"column":42},"end":{"line":346,"column":87}},"line":346},"25":{"name":"(anonymous_25)","decl":{"start":{"line":349,"column":4},"end":{"line":349,"column":5}},"loc":{"start":{"line":350,"column":4},"end":{"line":352,"column":5}},"line":350},"26":{"name":"(anonymous_26)","decl":{"start":{"line":351,"column":56},"end":{"line":351,"column":57}},"loc":{"start":{"line":351,"column":61},"end":{"line":351,"column":106}},"line":351},"27":{"name":"(anonymous_27)","decl":{"start":{"line":354,"column":4},"end":{"line":354,"column":5}},"loc":{"start":{"line":355,"column":4},"end":{"line":357,"column":5}},"line":355},"28":{"name":"(anonymous_28)","decl":{"start":{"line":356,"column":35},"end":{"line":356,"column":36}},"loc":{"start":{"line":356,"column":40},"end":{"line":356,"column":85}},"line":356},"29":{"name":"(anonymous_29)","decl":{"start":{"line":359,"column":4},"end":{"line":359,"column":5}},"loc":{"start":{"line":360,"column":4},"end":{"line":362,"column":5}},"line":360},"30":{"name":"(anonymous_30)","decl":{"start":{"line":361,"column":37},"end":{"line":361,"column":38}},"loc":{"start":{"line":361,"column":42},"end":{"line":361,"column":88}},"line":361},"31":{"name":"(anonymous_31)","decl":{"start":{"line":364,"column":4},"end":{"line":364,"column":5}},"loc":{"start":{"line":365,"column":4},"end":{"line":367,"column":5}},"line":365},"32":{"name":"(anonymous_32)","decl":{"start":{"line":366,"column":56},"end":{"line":366,"column":57}},"loc":{"start":{"line":366,"column":61},"end":{"line":366,"column":107}},"line":366},"33":{"name":"(anonymous_33)","decl":{"start":{"line":369,"column":4},"end":{"line":369,"column":5}},"loc":{"start":{"line":370,"column":4},"end":{"line":372,"column":5}},"line":370},"34":{"name":"(anonymous_34)","decl":{"start":{"line":371,"column":35},"end":{"line":371,"column":36}},"loc":{"start":{"line":371,"column":40},"end":{"line":371,"column":86}},"line":371},"35":{"name":"(anonymous_35)","decl":{"start":{"line":374,"column":4},"end":{"line":374,"column":5}},"loc":{"start":{"line":375,"column":4},"end":{"line":377,"column":5}},"line":375},"36":{"name":"(anonymous_36)","decl":{"start":{"line":376,"column":38},"end":{"line":376,"column":39}},"loc":{"start":{"line":376,"column":43},"end":{"line":376,"column":89}},"line":376},"37":{"name":"(anonymous_37)","decl":{"start":{"line":379,"column":4},"end":{"line":379,"column":5}},"loc":{"start":{"line":380,"column":4},"end":{"line":382,"column":5}},"line":380},"38":{"name":"(anonymous_38)","decl":{"start":{"line":381,"column":38},"end":{"line":381,"column":39}},"loc":{"start":{"line":381,"column":43},"end":{"line":381,"column":89}},"line":381},"39":{"name":"(anonymous_39)","decl":{"start":{"line":384,"column":4},"end":{"line":384,"column":5}},"loc":{"start":{"line":385,"column":4},"end":{"line":387,"column":5}},"line":385},"40":{"name":"(anonymous_40)","decl":{"start":{"line":386,"column":37},"end":{"line":386,"column":38}},"loc":{"start":{"line":386,"column":42},"end":{"line":386,"column":87}},"line":386},"41":{"name":"(anonymous_41)","decl":{"start":{"line":389,"column":4},"end":{"line":389,"column":5}},"loc":{"start":{"line":390,"column":4},"end":{"line":392,"column":5}},"line":390},"42":{"name":"(anonymous_42)","decl":{"start":{"line":391,"column":56},"end":{"line":391,"column":57}},"loc":{"start":{"line":391,"column":61},"end":{"line":391,"column":106}},"line":391},"43":{"name":"(anonymous_43)","decl":{"start":{"line":394,"column":4},"end":{"line":394,"column":5}},"loc":{"start":{"line":395,"column":4},"end":{"line":397,"column":5}},"line":395},"44":{"name":"(anonymous_44)","decl":{"start":{"line":396,"column":35},"end":{"line":396,"column":36}},"loc":{"start":{"line":396,"column":40},"end":{"line":396,"column":85}},"line":396},"45":{"name":"(anonymous_45)","decl":{"start":{"line":399,"column":4},"end":{"line":399,"column":5}},"loc":{"start":{"line":400,"column":4},"end":{"line":402,"column":5}},"line":400},"46":{"name":"(anonymous_46)","decl":{"start":{"line":401,"column":38},"end":{"line":401,"column":39}},"loc":{"start":{"line":401,"column":43},"end":{"line":401,"column":88}},"line":401},"47":{"name":"(anonymous_47)","decl":{"start":{"line":404,"column":4},"end":{"line":404,"column":5}},"loc":{"start":{"line":405,"column":4},"end":{"line":407,"column":5}},"line":405},"48":{"name":"(anonymous_48)","decl":{"start":{"line":406,"column":38},"end":{"line":406,"column":39}},"loc":{"start":{"line":406,"column":43},"end":{"line":406,"column":88}},"line":406},"49":{"name":"(anonymous_49)","decl":{"start":{"line":409,"column":4},"end":{"line":409,"column":5}},"loc":{"start":{"line":410,"column":4},"end":{"line":412,"column":5}},"line":410},"50":{"name":"(anonymous_50)","decl":{"start":{"line":411,"column":37},"end":{"line":411,"column":38}},"loc":{"start":{"line":411,"column":42},"end":{"line":411,"column":84}},"line":411},"51":{"name":"(anonymous_51)","decl":{"start":{"line":414,"column":4},"end":{"line":414,"column":5}},"loc":{"start":{"line":415,"column":4},"end":{"line":417,"column":5}},"line":415},"52":{"name":"(anonymous_52)","decl":{"start":{"line":416,"column":56},"end":{"line":416,"column":57}},"loc":{"start":{"line":416,"column":61},"end":{"line":416,"column":103}},"line":416},"53":{"name":"(anonymous_53)","decl":{"start":{"line":419,"column":4},"end":{"line":419,"column":5}},"loc":{"start":{"line":420,"column":4},"end":{"line":422,"column":5}},"line":420},"54":{"name":"(anonymous_54)","decl":{"start":{"line":421,"column":35},"end":{"line":421,"column":36}},"loc":{"start":{"line":421,"column":40},"end":{"line":421,"column":82}},"line":421},"55":{"name":"(anonymous_55)","decl":{"start":{"line":424,"column":4},"end":{"line":424,"column":5}},"loc":{"start":{"line":425,"column":4},"end":{"line":427,"column":5}},"line":425},"56":{"name":"(anonymous_56)","decl":{"start":{"line":426,"column":37},"end":{"line":426,"column":38}},"loc":{"start":{"line":426,"column":42},"end":{"line":426,"column":85}},"line":426},"57":{"name":"(anonymous_57)","decl":{"start":{"line":429,"column":4},"end":{"line":429,"column":5}},"loc":{"start":{"line":430,"column":4},"end":{"line":432,"column":5}},"line":430},"58":{"name":"(anonymous_58)","decl":{"start":{"line":431,"column":56},"end":{"line":431,"column":57}},"loc":{"start":{"line":431,"column":61},"end":{"line":431,"column":104}},"line":431},"59":{"name":"(anonymous_59)","decl":{"start":{"line":434,"column":4},"end":{"line":434,"column":5}},"loc":{"start":{"line":435,"column":4},"end":{"line":437,"column":5}},"line":435},"60":{"name":"(anonymous_60)","decl":{"start":{"line":436,"column":35},"end":{"line":436,"column":36}},"loc":{"start":{"line":436,"column":40},"end":{"line":436,"column":83}},"line":436},"61":{"name":"(anonymous_61)","decl":{"start":{"line":439,"column":4},"end":{"line":439,"column":5}},"loc":{"start":{"line":440,"column":4},"end":{"line":442,"column":5}},"line":440},"62":{"name":"(anonymous_62)","decl":{"start":{"line":441,"column":38},"end":{"line":441,"column":39}},"loc":{"start":{"line":441,"column":43},"end":{"line":441,"column":86}},"line":441},"63":{"name":"(anonymous_63)","decl":{"start":{"line":444,"column":4},"end":{"line":444,"column":5}},"loc":{"start":{"line":445,"column":4},"end":{"line":447,"column":5}},"line":445},"64":{"name":"(anonymous_64)","decl":{"start":{"line":446,"column":38},"end":{"line":446,"column":39}},"loc":{"start":{"line":446,"column":43},"end":{"line":446,"column":86}},"line":446},"65":{"name":"(anonymous_65)","decl":{"start":{"line":449,"column":4},"end":{"line":449,"column":5}},"loc":{"start":{"line":450,"column":4},"end":{"line":452,"column":5}},"line":450},"66":{"name":"(anonymous_66)","decl":{"start":{"line":451,"column":37},"end":{"line":451,"column":38}},"loc":{"start":{"line":451,"column":42},"end":{"line":451,"column":84}},"line":451},"67":{"name":"(anonymous_67)","decl":{"start":{"line":454,"column":4},"end":{"line":454,"column":5}},"loc":{"start":{"line":455,"column":4},"end":{"line":457,"column":5}},"line":455},"68":{"name":"(anonymous_68)","decl":{"start":{"line":456,"column":56},"end":{"line":456,"column":57}},"loc":{"start":{"line":456,"column":61},"end":{"line":456,"column":103}},"line":456},"69":{"name":"(anonymous_69)","decl":{"start":{"line":459,"column":4},"end":{"line":459,"column":5}},"loc":{"start":{"line":460,"column":4},"end":{"line":462,"column":5}},"line":460},"70":{"name":"(anonymous_70)","decl":{"start":{"line":461,"column":35},"end":{"line":461,"column":36}},"loc":{"start":{"line":461,"column":40},"end":{"line":461,"column":82}},"line":461},"71":{"name":"(anonymous_71)","decl":{"start":{"line":464,"column":4},"end":{"line":464,"column":5}},"loc":{"start":{"line":465,"column":4},"end":{"line":467,"column":5}},"line":465},"72":{"name":"(anonymous_72)","decl":{"start":{"line":466,"column":38},"end":{"line":466,"column":39}},"loc":{"start":{"line":466,"column":43},"end":{"line":466,"column":85}},"line":466},"73":{"name":"(anonymous_73)","decl":{"start":{"line":469,"column":4},"end":{"line":469,"column":5}},"loc":{"start":{"line":470,"column":4},"end":{"line":472,"column":5}},"line":470},"74":{"name":"(anonymous_74)","decl":{"start":{"line":471,"column":38},"end":{"line":471,"column":39}},"loc":{"start":{"line":471,"column":43},"end":{"line":471,"column":85}},"line":471}},"branchMap":{"0":{"loc":{"start":{"line":43,"column":8},"end":{"line":47,"column":9}},"type":"if","locations":[{"start":{"line":43,"column":8},"end":{"line":47,"column":9}},{"start":{},"end":{}}],"line":43},"1":{"loc":{"start":{"line":43,"column":12},"end":{"line":43,"column":75}},"type":"binary-expr","locations":[{"start":{"line":43,"column":12},"end":{"line":43,"column":36}},{"start":{"line":43,"column":40},"end":{"line":43,"column":75}}],"line":43},"2":{"loc":{"start":{"line":57,"column":12},"end":{"line":91,"column":13}},"type":"if","locations":[{"start":{"line":57,"column":12},"end":{"line":91,"column":13}},{"start":{"line":61,"column":17},"end":{"line":91,"column":13}}],"line":57},"3":{"loc":{"start":{"line":61,"column":17},"end":{"line":91,"column":13}},"type":"if","locations":[{"start":{"line":61,"column":17},"end":{"line":91,"column":13}},{"start":{"line":65,"column":17},"end":{"line":91,"column":13}}],"line":61},"4":{"loc":{"start":{"line":65,"column":17},"end":{"line":91,"column":13}},"type":"if","locations":[{"start":{"line":65,"column":17},"end":{"line":91,"column":13}},{"start":{"line":69,"column":17},"end":{"line":91,"column":13}}],"line":65},"5":{"loc":{"start":{"line":69,"column":17},"end":{"line":91,"column":13}},"type":"if","locations":[{"start":{"line":69,"column":17},"end":{"line":91,"column":13}},{"start":{"line":80,"column":17},"end":{"line":91,"column":13}}],"line":69},"6":{"loc":{"start":{"line":71,"column":16},"end":{"line":78,"column":17}},"type":"if","locations":[{"start":{"line":71,"column":16},"end":{"line":78,"column":17}},{"start":{"line":76,"column":16},"end":{"line":78,"column":17}}],"line":71},"7":{"loc":{"start":{"line":71,"column":20},"end":{"line":71,"column":117}},"type":"binary-expr","locations":[{"start":{"line":71,"column":20},"end":{"line":71,"column":57}},{"start":{"line":71,"column":61},"end":{"line":71,"column":117}}],"line":71},"8":{"loc":{"start":{"line":80,"column":17},"end":{"line":91,"column":13}},"type":"if","locations":[{"start":{"line":80,"column":17},"end":{"line":91,"column":13}},{"start":{"line":84,"column":17},"end":{"line":91,"column":13}}],"line":80},"9":{"loc":{"start":{"line":84,"column":17},"end":{"line":91,"column":13}},"type":"if","locations":[{"start":{"line":84,"column":17},"end":{"line":91,"column":13}},{"start":{"line":88,"column":17},"end":{"line":91,"column":13}}],"line":84},"10":{"loc":{"start":{"line":88,"column":17},"end":{"line":91,"column":13}},"type":"if","locations":[{"start":{"line":88,"column":17},"end":{"line":91,"column":13}},{"start":{},"end":{}}],"line":88},"11":{"loc":{"start":{"line":115,"column":16},"end":{"line":266,"column":17}},"type":"if","locations":[{"start":{"line":115,"column":16},"end":{"line":266,"column":17}},{"start":{"line":119,"column":21},"end":{"line":266,"column":17}}],"line":115},"12":{"loc":{"start":{"line":119,"column":21},"end":{"line":266,"column":17}},"type":"if","locations":[{"start":{"line":119,"column":21},"end":{"line":266,"column":17}},{"start":{"line":123,"column":21},"end":{"line":266,"column":17}}],"line":119},"13":{"loc":{"start":{"line":123,"column":21},"end":{"line":266,"column":17}},"type":"if","locations":[{"start":{"line":123,"column":21},"end":{"line":266,"column":17}},{"start":{"line":127,"column":21},"end":{"line":266,"column":17}}],"line":123},"14":{"loc":{"start":{"line":127,"column":21},"end":{"line":266,"column":17}},"type":"if","locations":[{"start":{"line":127,"column":21},"end":{"line":266,"column":17}},{"start":{"line":131,"column":21},"end":{"line":266,"column":17}}],"line":127},"15":{"loc":{"start":{"line":131,"column":21},"end":{"line":266,"column":17}},"type":"if","locations":[{"start":{"line":131,"column":21},"end":{"line":266,"column":17}},{"start":{"line":135,"column":21},"end":{"line":266,"column":17}}],"line":131},"16":{"loc":{"start":{"line":135,"column":21},"end":{"line":266,"column":17}},"type":"if","locations":[{"start":{"line":135,"column":21},"end":{"line":266,"column":17}},{"start":{"line":139,"column":21},"end":{"line":266,"column":17}}],"line":135},"17":{"loc":{"start":{"line":139,"column":21},"end":{"line":266,"column":17}},"type":"if","locations":[{"start":{"line":139,"column":21},"end":{"line":266,"column":17}},{"start":{"line":143,"column":21},"end":{"line":266,"column":17}}],"line":139},"18":{"loc":{"start":{"line":143,"column":21},"end":{"line":266,"column":17}},"type":"if","locations":[{"start":{"line":143,"column":21},"end":{"line":266,"column":17}},{"start":{"line":147,"column":21},"end":{"line":266,"column":17}}],"line":143},"19":{"loc":{"start":{"line":147,"column":21},"end":{"line":266,"column":17}},"type":"if","locations":[{"start":{"line":147,"column":21},"end":{"line":266,"column":17}},{"start":{"line":151,"column":21},"end":{"line":266,"column":17}}],"line":147},"20":{"loc":{"start":{"line":151,"column":21},"end":{"line":266,"column":17}},"type":"if","locations":[{"start":{"line":151,"column":21},"end":{"line":266,"column":17}},{"start":{"line":155,"column":21},"end":{"line":266,"column":17}}],"line":151},"21":{"loc":{"start":{"line":155,"column":21},"end":{"line":266,"column":17}},"type":"if","locations":[{"start":{"line":155,"column":21},"end":{"line":266,"column":17}},{"start":{"line":159,"column":21},"end":{"line":266,"column":17}}],"line":155},"22":{"loc":{"start":{"line":159,"column":21},"end":{"line":266,"column":17}},"type":"if","locations":[{"start":{"line":159,"column":21},"end":{"line":266,"column":17}},{"start":{"line":163,"column":21},"end":{"line":266,"column":17}}],"line":159},"23":{"loc":{"start":{"line":163,"column":21},"end":{"line":266,"column":17}},"type":"if","locations":[{"start":{"line":163,"column":21},"end":{"line":266,"column":17}},{"start":{"line":167,"column":21},"end":{"line":266,"column":17}}],"line":163},"24":{"loc":{"start":{"line":167,"column":21},"end":{"line":266,"column":17}},"type":"if","locations":[{"start":{"line":167,"column":21},"end":{"line":266,"column":17}},{"start":{"line":171,"column":21},"end":{"line":266,"column":17}}],"line":167},"25":{"loc":{"start":{"line":171,"column":21},"end":{"line":266,"column":17}},"type":"if","locations":[{"start":{"line":171,"column":21},"end":{"line":266,"column":17}},{"start":{"line":175,"column":21},"end":{"line":266,"column":17}}],"line":171},"26":{"loc":{"start":{"line":175,"column":21},"end":{"line":266,"column":17}},"type":"if","locations":[{"start":{"line":175,"column":21},"end":{"line":266,"column":17}},{"start":{"line":179,"column":21},"end":{"line":266,"column":17}}],"line":175},"27":{"loc":{"start":{"line":179,"column":21},"end":{"line":266,"column":17}},"type":"if","locations":[{"start":{"line":179,"column":21},"end":{"line":266,"column":17}},{"start":{"line":183,"column":21},"end":{"line":266,"column":17}}],"line":179},"28":{"loc":{"start":{"line":183,"column":21},"end":{"line":266,"column":17}},"type":"if","locations":[{"start":{"line":183,"column":21},"end":{"line":266,"column":17}},{"start":{"line":187,"column":21},"end":{"line":266,"column":17}}],"line":183},"29":{"loc":{"start":{"line":187,"column":21},"end":{"line":266,"column":17}},"type":"if","locations":[{"start":{"line":187,"column":21},"end":{"line":266,"column":17}},{"start":{"line":191,"column":21},"end":{"line":266,"column":17}}],"line":187},"30":{"loc":{"start":{"line":191,"column":21},"end":{"line":266,"column":17}},"type":"if","locations":[{"start":{"line":191,"column":21},"end":{"line":266,"column":17}},{"start":{"line":195,"column":21},"end":{"line":266,"column":17}}],"line":191},"31":{"loc":{"start":{"line":195,"column":21},"end":{"line":266,"column":17}},"type":"if","locations":[{"start":{"line":195,"column":21},"end":{"line":266,"column":17}},{"start":{"line":199,"column":21},"end":{"line":266,"column":17}}],"line":195},"32":{"loc":{"start":{"line":199,"column":21},"end":{"line":266,"column":17}},"type":"if","locations":[{"start":{"line":199,"column":21},"end":{"line":266,"column":17}},{"start":{"line":203,"column":21},"end":{"line":266,"column":17}}],"line":199},"33":{"loc":{"start":{"line":203,"column":21},"end":{"line":266,"column":17}},"type":"if","locations":[{"start":{"line":203,"column":21},"end":{"line":266,"column":17}},{"start":{"line":207,"column":21},"end":{"line":266,"column":17}}],"line":203},"34":{"loc":{"start":{"line":207,"column":21},"end":{"line":266,"column":17}},"type":"if","locations":[{"start":{"line":207,"column":21},"end":{"line":266,"column":17}},{"start":{"line":211,"column":21},"end":{"line":266,"column":17}}],"line":207},"35":{"loc":{"start":{"line":211,"column":21},"end":{"line":266,"column":17}},"type":"if","locations":[{"start":{"line":211,"column":21},"end":{"line":266,"column":17}},{"start":{"line":215,"column":21},"end":{"line":266,"column":17}}],"line":211},"36":{"loc":{"start":{"line":215,"column":21},"end":{"line":266,"column":17}},"type":"if","locations":[{"start":{"line":215,"column":21},"end":{"line":266,"column":17}},{"start":{"line":219,"column":21},"end":{"line":266,"column":17}}],"line":215},"37":{"loc":{"start":{"line":219,"column":21},"end":{"line":266,"column":17}},"type":"if","locations":[{"start":{"line":219,"column":21},"end":{"line":266,"column":17}},{"start":{"line":223,"column":21},"end":{"line":266,"column":17}}],"line":219},"38":{"loc":{"start":{"line":223,"column":21},"end":{"line":266,"column":17}},"type":"if","locations":[{"start":{"line":223,"column":21},"end":{"line":266,"column":17}},{"start":{"line":227,"column":21},"end":{"line":266,"column":17}}],"line":223},"39":{"loc":{"start":{"line":227,"column":21},"end":{"line":266,"column":17}},"type":"if","locations":[{"start":{"line":227,"column":21},"end":{"line":266,"column":17}},{"start":{"line":231,"column":21},"end":{"line":266,"c
[...]
,"end":{"line":128,"column":27}},"loc":{"start":{"line":128,"column":49},"end":{"line":128,"column":126}},"line":128},"23":{"name":"(anonymous_23)","decl":{"start":{"line":128,"column":83},"end":{"line":128,"column":84}},"loc":{"start":{"line":128,"column":88},"end":{"line":128,"column":96}},"line":128},"24":{"name":"(anonymous_24)","decl":{"start":{"line":128,"column":102},"end":{"line":128,"column":103}},"loc":{"start":{"line":128,"column":107},"end":{"line":128,"column":115}},"line":128},"25":{"name":"(anonymous_25)","decl":{"start":{"line":129,"column":25},"end":{"line":129,"column":26}},"loc":{"start":{"line":129,"column":48},"end":{"line":129,"column":126}},"line":129},"26":{"name":"(anonymous_26)","decl":{"start":{"line":129,"column":74},"end":{"line":129,"column":75}},"loc":{"start":{"line":129,"column":79},"end":{"line":129,"column":87}},"line":129},"27":{"name":"(anonymous_27)","decl":{"start":{"line":129,"column":93},"end":{"line":129,"column":94}},"loc":{"start":{"line":129,"column":98},"end":{"line":129,"column":106}},"line":129},"28":{"name":"(anonymous_28)","decl":{"start":{"line":174,"column":4},"end":{"line":174,"column":5}},"loc":{"start":{"line":175,"column":4},"end":{"line":199,"column":5}},"line":175},"29":{"name":"(anonymous_29)","decl":{"start":{"line":201,"column":4},"end":{"line":201,"column":5}},"loc":{"start":{"line":202,"column":4},"end":{"line":239,"column":5}},"line":202},"30":{"name":"(anonymous_30)","decl":{"start":{"line":241,"column":4},"end":{"line":241,"column":5}},"loc":{"start":{"line":242,"column":4},"end":{"line":279,"column":5}},"line":242},"31":{"name":"(anonymous_31)","decl":{"start":{"line":281,"column":4},"end":{"line":281,"column":5}},"loc":{"start":{"line":282,"column":4},"end":{"line":284,"column":5}},"line":282},"32":{"name":"(anonymous_32)","decl":{"start":{"line":286,"column":4},"end":{"line":286,"column":5}},"loc":{"start":{"line":287,"column":4},"end":{"line":289,"column":5}},"line":287},"33":{"name":"(anonymous_33)","decl":{"start":{"line":295,"column":4},"end":{"line":295,"column":5}},"loc":{"start":{"line":296,"column":4},"end":{"line":309,"column":5}},"line":296}},"branchMap":{"0":{"loc":{"start":{"line":21,"column":24},"end":{"line":21,"column":39}},"type":"default-arg","locations":[{"start":{"line":21,"column":37},"end":{"line":21,"column":39}}],"line":21},"1":{"loc":{"start":{"line":31,"column":8},"end":{"line":38,"column":9}},"type":"if","locations":[{"start":{"line":31,"column":8},"end":{"line":38,"column":9}},{"start":{"line":36,"column":8},"end":{"line":38,"column":9}}],"line":31},"2":{"loc":{"start":{"line":43,"column":8},"end":{"line":50,"column":9}},"type":"if","locations":[{"start":{"line":43,"column":8},"end":{"line":50,"column":9}},{"start":{},"end":{}}],"line":43},"3":{"loc":{"start":{"line":43,"column":12},"end":{"line":43,"column":41}},"type":"binary-expr","locations":[{"start":{"line":43,"column":12},"end":{"line":43,"column":19}},{"start":{"line":43,"column":23},"end":{"line":43,"column":41}}],"line":43},"4":{"loc":{"start":{"line":60,"column":8},"end":{"line":63,"column":9}},"type":"if","locations":[{"start":{"line":60,"column":8},"end":{"line":63,"column":9}},{"start":{},"end":{}}],"line":60},"5":{"loc":{"start":{"line":69,"column":47},"end":{"line":69,"column":70}},"type":"cond-expr","locations":[{"start":{"line":69,"column":57},"end":{"line":69,"column":65}},{"start":{"line":69,"column":68},"end":{"line":69,"column":70}}],"line":69},"6":{"loc":{"start":{"line":70,"column":49},"end":{"line":70,"column":74}},"type":"cond-expr","locations":[{"start":{"line":70,"column":60},"end":{"line":70,"column":69}},{"start":{"line":70,"column":72},"end":{"line":70,"column":74}}],"line":70},"7":{"loc":{"start":{"line":71,"column":53},"end":{"line":71,"column":82}},"type":"cond-expr","locations":[{"start":{"line":71,"column":66},"end":{"line":71,"column":77}},{"start":{"line":71,"column":80},"end":{"line":71,"column":82}}],"line":71},"8":{"loc":{"start":{"line":72,"column":58},"end":{"line":72,"column":113}},"type":"cond-expr","locations":[{"start":{"line":72,"column":97},"end":{"line":72,"column":108}},{"start":{"line":72,"column":111},"end":{"line":72,"column":113}}],"line":72},"9":{"loc":{"start":{"line":77,"column":8},"end":{"line":118,"column":9}},"type":"if","locations":[{"start":{"line":77,"column":8},"end":{"line":118,"column":9}},{"start":{},"end":{}}],"line":77},"10":{"loc":{"start":{"line":77,"column":12},"end":{"line":77,"column":87}},"type":"binary-expr","locations":[{"start":{"line":77,"column":12},"end":{"line":77,"column":37}},{"start":{"line":77,"column":41},"end":{"line":77,"column":87}}],"line":77},"11":{"loc":{"start":{"line":82,"column":12},"end":{"line":106,"column":13}},"type":"if","locations":[{"start":{"line":82,"column":12},"end":{"line":106,"column":13}},{"start":{"line":87,"column":17},"end":{"line":106,"column":13}}],"line":82},"12":{"loc":{"start":{"line":87,"column":17},"end":{"line":106,"column":13}},"type":"if","locations":[{"start":{"line":87,"column":17},"end":{"line":106,"column":13}},{"start":{"line":92,"column":17},"end":{"line":106,"column":13}}],"line":87},"13":{"loc":{"start":{"line":92,"column":17},"end":{"line":106,"column":13}},"type":"if","locations":[{"start":{"line":92,"column":17},"end":{"line":106,"column":13}},{"start":{"line":97,"column":17},"end":{"line":106,"column":13}}],"line":92},"14":{"loc":{"start":{"line":97,"column":17},"end":{"line":106,"column":13}},"type":"if","locations":[{"start":{"line":97,"column":17},"end":{"line":106,"column":13}},{"start":{"line":102,"column":17},"end":{"line":106,"column":13}}],"line":97},"15":{"loc":{"start":{"line":102,"column":17},"end":{"line":106,"column":13}},"type":"if","locations":[{"start":{"line":102,"column":17},"end":{"line":106,"column":13}},{"start":{},"end":{}}],"line":102},"16":{"loc":{"start":{"line":108,"column":12},"end":{"line":117,"column":13}},"type":"if","locations":[{"start":{"line":108,"column":12},"end":{"line":117,"column":13}},{"start":{},"end":{}}],"line":108},"17":{"loc":{"start":{"line":108,"column":16},"end":{"line":108,"column":36}},"type":"binary-expr","locations":[{"start":{"line":108,"column":16},"end":{"line":108,"column":21}},{"start":{"line":108,"column":25},"end":{"line":108,"column":36}}],"line":108},"18":{"loc":{"start":{"line":110,"column":47},"end":{"line":110,"column":209}},"type":"cond-expr","locations":[{"start":{"line":110,"column":78},"end":{"line":110,"column":79}},{"start":{"line":110,"column":83},"end":{"line":110,"column":208}}],"line":110},"19":{"loc":{"start":{"line":124,"column":47},"end":{"line":124,"column":70}},"type":"cond-expr","locations":[{"start":{"line":124,"column":57},"end":{"line":124,"column":65}},{"start":{"line":124,"column":68},"end":{"line":124,"column":70}}],"line":124},"20":{"loc":{"start":{"line":125,"column":49},"end":{"line":125,"column":74}},"type":"cond-expr","locations":[{"start":{"line":125,"column":60},"end":{"line":125,"column":69}},{"start":{"line":125,"column":72},"end":{"line":125,"column":74}}],"line":125},"21":{"loc":{"start":{"line":126,"column":53},"end":{"line":126,"column":82}},"type":"cond-expr","locations":[{"start":{"line":126,"column":66},"end":{"line":126,"column":77}},{"start":{"line":126,"column":80},"end":{"line":126,"column":82}}],"line":126},"22":{"loc":{"start":{"line":127,"column":58},"end":{"line":127,"column":113}},"type":"cond-expr","locations":[{"start":{"line":127,"column":97},"end":{"line":127,"column":108}},{"start":{"line":127,"column":111},"end":{"line":127,"column":113}}],"line":127},"23":{"loc":{"start":{"line":131,"column":8},"end":{"line":171,"column":9}},"type":"if","locations":[{"start":{"line":131,"column":8},"end":{"line":171,"column":9}},{"start":{},"end":{}}],"line":131},"24":{"loc":{"start":{"line":131,"column":12},"end":{"line":131,"column":70}},"type":"binary-expr","locations":[{"start":{"line":131,"column":12},"end":{"line":131,"column":38}},{"start":{"line":131,"column":42},"end":{"line":131,"column":70}}],"line":131},"25":{"loc":{"start":{"line":136,"column":12},"end":{"line":160,"column":13}},"type":"if","locations":[{"start":{"line":136,"column":12},"end":{"line":160,"column":13}},{"start":{"line":141,"column":17},"end":{"line":160,"column":13}}],"line":136},"26":{"loc":{"start":{"line":141,"column":17},"end":{"line":160,"column":13}},"type":"if","locations":[{"start":{"line":141,"column":17},"end":{"line":160,"column":13}},{"start":{"line":146,"column":17},"end":{"line":160,"column":13}}],"line":141},"27":{"loc":{"start":{"line":146,"column":17},"end":{"line":160,"column":13}},"type":"if","locations":[{"start":{"line":146,"column":17},"end":{"line":160,"column":13}},{"start":{"line":151,"column":17},"end":{"line":160,"column":13}}],"line":146},"28":{"loc":{"start":{"line":151,"column":17},"end":{"line":160,"column":13}},"type":"if","locations":[{"start":{"line":151,"column":17},"end":{"line":160,"column":13}},{"start":{"line":156,"column":17},"end":{"line":160,"column":13}}],"line":151},"29":{"loc":{"start":{"line":156,"column":17},"end":{"line":160,"column":13}},"type":"if","locations":[{"start":{"line":156,"column":17},"end":{"line":160,"column":13}},{"start":{},"end":{}}],"line":156},"30":{"loc":{"start":{"line":162,"column":12},"end":{"line":170,"column":13}},"type":"if","locations":[{"start":{"line":162,"column":12},"end":{"line":170,"column":13}},{"start":{},"end":{}}],"line":162},"31":{"loc":{"start":{"line":162,"column":16},"end":{"line":162,"column":36}},"type":"binary-expr","locations":[{"start":{"line":162,"column":16},"end":{"line":162,"column":21}},{"start":{"line":162,"column":25},"end":{"line":162,"column":36}}],"line":162},"32":{"loc":{"start":{"line":164,"column":47},"end":{"line":164,"column":209}},"type":"cond-expr","locations":[{"start":{"line":164,"column":78},"end":{"line":164,"column":79}},{"start":{"line":164,"column":83},"end":{"line":164,"column":208}}],"line":164},"33":{"loc":{"start":{"line":184,"column":18},"end":{"line":184,"column":96}},"type":"cond-expr","locations":[{"start":{"line":184,"column":67},"end":{"line":184,"column":91}},{"start":{"line":184,"column":94},"end":{"line":184,"column":96}}],"line":184},"34":{"loc":{"start":{"line":189,"column":21},"end":{"line":189,"column":89}},"type":"cond-expr","locations":[{"start":{"line":189,"column":71},"end":{"line":189,"column":84}},{"start":{"line":189,"column":87},"end":{"line":189,"column":89}}],"line":189},"35":{"loc":{"start":{"line":213,"column":12},"end":{"line":235,"column":13}},"type":"if","locations":[{"start":{"line":213,"column":12},"end":{"line":235,"column":13}},{"start":{"line":221,"column":17},"end":{"line":235,"column":13}}],"line":213},"36":{"loc":{"start":{"line":213,"column":16},"end":{"line":214,"column":49}},"type":"binary-expr","locations":[{"start":{"line":213,"column":16},"end":{"line":213,"column":48}},{"start":{"line":214,"column":16},"end":{"line":214,"column":49}}],"line":213},"37":{"loc":{"start":{"line":221,"column":17},"end":{"line":235,"column":13}},"type":"if","locations":[{"start":{"line":221,"column":17},"end":{"line":235,"column":13}},{"start":{"line":229,"column":17},"end":{"line":235,"column":13}}],"line":221},"38":{"loc":{"start":{"line":221,"column":21},"end":{"line":222,"column":52}},"type":"binary-expr","locations":[{"start":{"line":221,"column":21},"end":{"line":221,"column":50}},{"start":{"line":222,"column":16},"end":{"line":222,"column":52}}],"line":221},"39":{"loc":{"start":{"line":229,"column":17},"end":{"line":235,"column":13}},"type":"if","locations":[{"start":{"line":229,"column":17},"end":{"line":235,"column":13}},{"start":{},"end":{}}],"line":229},"40":{"loc":{"start":{"line":229,"column":21},"end":{"line":230,"column":49}},"type":"binary-expr","locations":[{"start":{"line":229,"column":21},"end":{"line":229,"column":50}},{"start":{"line":230,"column":16},"end":{"line":230,"column":49}}],"line":229},"41":{"loc":{"start":{"line":257,"column":12},"end":{"line":275,"column":13}},"type":"if","locations":[{"start":{"line":257,"column":12},"end":{"line":275,"column":13}},{"start":{"line":263,"column":12},"end":{"line":275,"column":13}}],"line":257},"42":{"loc":{"start":{"line":257,"column":16},"end":{"line":258,"column":54}},"type":"binary-expr","locations":[{"start":{"line":257,"column":16},"end":{"line":257,"column":56}},{"start":{"line":258,"column":16},"end":{"line":258,"column":54}}],"line":257},"43":{"loc":{"start":{"line":264,"column":23},"end":{"line":265,"column":42}},"type":"binary-expr","locations":[{"start":{"line":264,"column":23},"end":{"line":264,"column":39}},{"start":{"line":265,"column":20},"end":{"line":265,"column":42}}],"line":264},"44":{"loc":{"start":{"line":270,"column":23},"end":{"line":271,"column":59}},"type":"binary-expr","locations":[{"start":{"line":270,"column":23},"end":{"line":270,"column":40}},{"start":{"line":271,"column":20},"end":{"line":271,"column":59}}],"line":270},"45":{"loc":{"start":{"line":302,"column":12},"end":{"line":305,"column":13}},"type":"if","locations":[{"start":{"line":302,"column":12},"end":{"line":305,"column":13}},{"start":{},"end":{}}],"line":302},"46":{"loc":{"start":{"line":302,"column":16},"end":{"line":302,"column":82}},"type":"binary-expr","locations":[{"start":{"line":302,"column":16},"end":{"line":302,"column":46}},{"start":{"line":302,"column":50},"end":{"line":302,"column":82}}],"line":302}},"s":{"0":266,"1":711,"2":263,"3":448,"4":0,"5":0,"6":0,"7":0,"8":0,"9":370,"10":44,"11":4,"12":0,"13":0,"14":0,"15":0,"16":0,"17":0,"18":0,"19":0,"20":0,"21":0,"22":0,"23":0,"24":0,"25":0,"26":0,"27":0,"28":0,"29":0,"30":0,"31":0,"32":0,"33":0,"34":0,"35":0,"36":0,"37":0,"38":0,"39":0,"40":0,"41":0,"42":0,"43":0,"44":0,"45":0,"46":0,"47":0,"48":0,"49":0,"50":0,"51":0,"52":0,"53":0,"54":0,"55":0,"56":124,"57":124,"58":12,"59":124,"60":34,"61":124,"62":34,"63":124,"64":12,"65":124,"66":17,"67":85,"68":53,"69":124,"70":17,"71":68,"72":36,"73":124,"74":17,"75":17,"76":17,"77":6,"78":6,"79":11,"80":6,"81":6,"82":5,"83":0,"84":0,"85":5,"86":2,"87":2,"88":3,"89":3,"90":3,"91":17,"92":17,"93":17,"94":17,"95":17,"96":17,"97":38,"98":38,"99":38,"100":38,"101":38,"102":38,"103":38,"104":38,"105":38,"106":38,"107":38,"108":38,"109":38,"110":38,"111":38,"112":38,"113":38,"114":38,"115":38,"116":38,"117":1,"118":1,"119":1,"120":1,"121":1,"122":1,"123":1,"124":1,"125":542,"126":0,"127":0,"128":542,"129":0,"130":0,"131":542,"132":0,"133":0,"134":1,"135":1,"136":1,"137":1,"138":1,"139":1,"140":1,"141":1,"142":1,"143":1,"144":1,"145":1,"146":1,"147":338,"148":338,"149":0,"150":0,"151":0,"152":0,"153":1,"154":265,"155":1,"156":38,"157":38,"158":38,"159":38,"160":38,"161":0},"f":{"0":266,"1":711,"2":0,"3":370,"4":44,"5":0,"6":0,"7":0,"8":0,"9":0,"10":0,"11":0,"12":0,"13":0,"14":0,"15":0,"16":0,"17":124,"18":12,"19":34,"20":34,"21":12,"22":17,"23":85,"24":53,"25":17,"26":68,"27":36,"28":38,"29":1,"30":1,"31":265,"32":1,"33":38},"b":{"0":[137],"1":[263,448],"2":[0,0],"3":[0,0],"4":[4,40],"5":[0,0],"6":[0,0],"7":[0,0],"8":[0,0],"9":[0,0],"10":[0,0],"11":[0,0],"12":[0,0],"13":[0,0],"14":[0,0],"15":[0,0],"16":[0,0],"17":[0,0],"18":[0,0],"19":[0,12],"20":[10,24],"21":[12,22],"22":[6,6],"23":[17,107],"24":[124,122],"25":[6,11],"26":[6,5],"27":[0,5],"28":[2,3],"29":[3,0],"30":[17,0],"31":[17,17],"32":[14,3],"33":[38,0],"34":[38,0],"35":[0,542],"36":[542,0],"37":[0,542],"38":[542,0],"39":[0,542],"40":[542,0],"41":[338,0],"42":[338,338],"43":[0,0],"44":[0,0],"45":[38,0],"46":[38,38]},"_coverageSchema":"1a1c01bbd47fc00a2c39e90264f33305004495a9","hash":"00cd380259d3f75ba6ae3e0355f3660dcd64dc68"}
,"Z:\\Personal\\cli-typescript-class-organizer\\test\\helpers\\configuration-helper.ts": {"path":"Z:\\Personal\\cli-typescript-class-organizer\\test\\helpers\\configuration-helper.ts","statementMap":{"0":{"start":{"line":1,"column":46},"end":{"line":1,"column":69}},"1":{"start":{"line":2,"column":49},"end":{"line":2,"column":127}},"2":{"start":{"line":3,"column":47},"end":{"line":3,"column":122}},"3":{"start":{"line":4,"column":57},"end":{"line":4,"column":144}},"4":{"start":{"line":5,"column":78},"end":{"line":5,"column":191}},"5":{"start":{"line":6,"column":98},"end":{"line":6,"column":209}},"6":{"start":{"line":7,"column":73},"end":{"line":7,"column":155}},"7":{"start":{"line":8,"column":101},"end":{"line":8,"column":216}},"8":{"start":{"line":9,"column":88},"end":{"line":9,"column":188}},"9":{"start":{"line":10,"column":92},"end":{"line":10,"column":197}},"10":{"start":{"line":11,"column":87},"end":{"line":11,"column":185}},"11":{"start":{"line":12,"column":71},"end":{"line":12,"column":151}}},"fnMap":{},"branchMap":{},"s":{"0":1,"1":1,"2":1,"3":1,"4":1,"5":1,"6":1,"7":1,"8":1,"9":1,"10":1,"11":1},"f":{},"b":{},"_coverageSchema":"1a1c01bbd47fc00a2c39e90264f33305004495a9","hash":"f81c8961df073a505f30d64dcade51ddb17a0e14"}
,"Z:\\Personal\\cli-typescript-class-organizer\\test\\helpers\\organize-test-helper.ts": {"path":"Z:\\Personal\\cli-typescript-class-organizer\\test\\helpers\\organize-test-helper.ts","statementMap":{"0":{"start":{"line":9,"column":35},"end":{"line":21,"column":5}},"1":{"start":{"line":22,"column":18},"end":{"line":30,"column":5}},"2":{"start":{"line":31,"column":63},"end":{"line":31,"column":65}},"3":{"start":{"line":33,"column":4},"end":{"line":44,"column":5}},"4":{"start":{"line":35,"column":8},"end":{"line":43,"column":9}},"5":{"start":{"line":37,"column":32},"end":{"line":37,"column":131}},"6":{"start":{"line":38,"column":34},"end":{"line":38,"column":52}},"7":{"start":{"line":39,"column":40},"end":{"line":39,"column":64}},"8":{"start":{"line":40,"column":35},"end":{"line":40,"column":124}},"9":{"start":{"line":42,"column":12},"end":{"line":42,"column":137}},"10":{"start":{"line":46,"column":4},"end":{"line":46,"column":36}},"11":{"start":{"line":53,"column":32},"end":{"line":53,"column":64}},"12":{"start":{"line":54,"column":37},"end":{"line":54,"column":71}},"13":{"start":{"line":55,"column":42},"end":{"line":55,"column":81}},"14":{"start":{"line":56,"column":40},"end":{"line":56,"column":77}},"15":{"start":{"line":57,"column":41},"end":{"line":57,"column":79}},"16":{"start":{"line":58,"column":38},"end":{"line":58,"column":73}},"17":{"start":{"line":59,"column":36},"end":{"line":59,"column":69}},"18":{"start":{"line":60,"column":40},"end":{"line":60,"column":77}},"19":{"start":{"line":61,"column":31},"end":{"line":61,"column":63}},"20":{"start":{"line":62,"column":31},"end":{"line":62,"column":78}},"21":{"start":{"line":63,"column":36},"end":{"line":63,"column":93}},"22":{"start":{"line":64,"column":34},"end":{"line":64,"column":87}},"23":{"start":{"line":65,"column":35},"end":{"line":65,"column":90}},"24":{"start":{"line":66,"column":32},"end":{"line":66,"column":81}},"25":{"start":{"line":67,"column":30},"end":{"line":67,"column":75}},"26":{"start":{"line":68,"column":34},"end":{"line":68,"column":87}}},"fnMap":{"0":{"name":"getOrganizeTestParameters","decl":{"start":{"line":7,"column":16},"end":{"line":7,"column":41}},"loc":{"start":{"line":8,"column":0},"end":{"line":47,"column":1}},"line":8}},"branchMap":{},"s":{"0":1,"1":1,"2":1,"3":1,"4":7,"5":77,"6":77,"7":77,"8":77,"9":77,"10":1,"11":1,"12":1,"13":1,"14":1,"15":1,"16":1,"17":1,"18":1,"19":1,"20":1,"21":1,"22":1,"23":1,"24":1,"25":1,"26":1},"f":{"0":1},"b":{},"_coverageSchema":"1a1c01bbd47fc00a2c39e90264f33305004495a9","hash":"ab2865f5d5f4545ac3569f32c5e942953b6bc123"}
,"Z:\\Personal\\cli-typescript-class-organizer\\test\\helpers\\organize-test-parameters.ts": {"path":"Z:\\Personal\\cli-typescript-class-organizer\\test\\helpers\\organize-test-parameters.ts","statementMap":{},"fnMap":{"0":{"name":"(anonymous_0)","decl":{"start":{"line":5,"column":4},"end":{"line":5,"column":5}},"loc":{"start":{"line":10,"column":4},"end":{"line":11,"column":5}},"line":10}},"branchMap":{},"s":{},"f":{"0":77},"b":{},"_coverageSchema":"1a1c01bbd47fc00a2c39e90264f33305004495a9","hash":"21fae39ca792f78ba913b02377a7b9e5410c69ec"}
}
