TN:
SF:src\configuration\class-configuration.ts
FN:7,(anonymous_0)
FNF:1
FNH:1
FNDA:2,(anonymous_0)
LF:0
LH:0
BRF:0
BRH:0
end_of_record
TN:
SF:src\configuration\class-member-configuration.ts
FN:8,(anonymous_0)
FNF:1
FNH:1
FNDA:2,(anonymous_0)
LF:0
LH:0
BRF:0
BRH:0
end_of_record
TN:
SF:src\configuration\class-member-group-configuration.ts
FN:7,(anonymous_0)
FNF:1
FNH:1
FNDA:57,(anonymous_0)
LF:0
LH:0
BRF:0
BRH:0
end_of_record
TN:
SF:src\configuration\configuration.ts
FN:27,(anonymous_0)
FN:41,(anonymous_1)
FN:72,(anonymous_2)
FN:90,(anonymous_3)
FN:105,(anonymous_4)
FN:119,(anonymous_5)
FN:124,(anonymous_6)
FN:140,(anonymous_7)
FN:158,(anonymous_8)
FN:173,(anonymous_9)
FN:187,(anonymous_10)
FN:196,(anonymous_11)
FN:198,(anonymous_12)
FN:199,(anonymous_13)
FN:200,(anonymous_14)
FN:218,(anonymous_15)
FN:220,(anonymous_16)
FN:221,(anonymous_17)
FN:222,(anonymous_18)
FN:240,(anonymous_19)
FN:242,(anonymous_20)
FN:243,(anonymous_21)
FN:244,(anonymous_22)
FN:262,(anonymous_23)
FN:264,(anonymous_24)
FN:265,(anonymous_25)
FN:266,(anonymous_26)
FN:284,(anonymous_27)
FN:289,(anonymous_28)
FN:289,(anonymous_29)
FN:306,(anonymous_30)
FN:311,(anonymous_31)
FN:311,(anonymous_32)
FN:328,(anonymous_33)
FN:333,(anonymous_34)
FN:333,(anonymous_35)
FN:350,(anonymous_36)
FN:355,(anonymous_37)
FN:355,(anonymous_38)
FNF:39
FNH:39
FNDA:2,(anonymous_0)
FNDA:1,(anonymous_1)
FNDA:10,(anonymous_2)
FNDA:40,(anonymous_3)
FNDA:4,(anonymous_4)
FNDA:3,(anonymous_5)
FNDA:1,(anonymous_6)
FNDA:7,(anonymous_7)
FNDA:17,(anonymous_8)
FNDA:4,(anonymous_9)
FNDA:3,(anonymous_10)
FNDA:1,(anonymous_11)
FNDA:40,(anonymous_12)
FNDA:17,(anonymous_13)
FNDA:38,(anonymous_14)
FNDA:1,(anonymous_15)
FNDA:4,(anonymous_16)
FNDA:4,(anonymous_17)
FNDA:5,(anonymous_18)
FNDA:1,(anonymous_19)
FNDA:10,(anonymous_20)
FNDA:7,(anonymous_21)
FNDA:10,(anonymous_22)
FNDA:1,(anonymous_23)
FNDA:3,(anonymous_24)
FNDA:3,(anonymous_25)
FNDA:3,(anonymous_26)
FNDA:57,(anonymous_27)
FNDA:80,(anonymous_28)
FNDA:80,(anonymous_29)
FNDA:8,(anonymous_30)
FNDA:10,(anonymous_31)
FNDA:10,(anonymous_32)
FNDA:17,(anonymous_33)
FNDA:20,(anonymous_34)
FNDA:20,(anonymous_35)
FNDA:6,(anonymous_36)
FNDA:6,(anonymous_37)
FNDA:6,(anonymous_38)
DA:43,1
DA:44,1
DA:46,1
DA:48,1
DA:50,1
DA:55,0
DA:58,1
DA:72,10
DA:90,40
DA:105,4
DA:119,3
DA:126,1
DA:140,7
DA:158,17
DA:173,4
DA:187,3
DA:198,40
DA:199,17
DA:200,38
DA:201,1
DA:204,1
DA:206,40
DA:210,1
DA:212,0
DA:215,1
DA:220,4
DA:221,4
DA:222,5
DA:223,1
DA:226,1
DA:228,4
DA:232,1
DA:234,0
DA:237,1
DA:242,10
DA:243,7
DA:244,10
DA:245,1
DA:248,1
DA:250,10
DA:254,1
DA:256,0
DA:259,1
DA:264,3
DA:265,3
DA:266,3
DA:267,1
DA:270,1
DA:272,3
DA:276,1
DA:278,0
DA:281,1
DA:286,57
DA:287,57
DA:288,57
DA:289,80
DA:290,57
DA:291,57
DA:292,57
DA:294,57
DA:296,0
DA:299,0
DA:303,57
DA:308,8
DA:309,8
DA:310,8
DA:311,10
DA:312,8
DA:313,8
DA:314,8
DA:316,8
DA:318,0
DA:321,0
DA:325,8
DA:330,17
DA:331,17
DA:332,17
DA:333,20
DA:334,17
DA:335,17
DA:336,17
DA:338,17
DA:340,0
DA:343,0
DA:347,17
DA:352,6
DA:353,6
DA:354,6
DA:355,6
DA:356,6
DA:357,6
DA:358,6
DA:360,6
DA:362,0
DA:365,0
DA:369,6
LF:96
LH:83
BRDA:48,0,0,1
BRDA:48,0,1,0
BRDA:63,1,0,1
BRDA:63,1,1,0
BRDA:64,2,0,1
BRDA:64,2,1,0
BRDA:65,3,0,1
BRDA:65,3,1,0
BRDA:69,4,0,1
BRDA:69,4,1,0
BRDA:70,5,0,1
BRDA:70,5,1,0
BRDA:72,6,0,10
BRDA:72,6,1,0
BRDA:78,7,0,1
BRDA:78,7,1,0
BRDA:79,8,0,1
BRDA:79,8,1,0
BRDA:80,9,0,1
BRDA:80,9,1,0
BRDA:84,10,0,1
BRDA:84,10,1,0
BRDA:85,11,0,1
BRDA:85,11,1,0
BRDA:86,12,0,1
BRDA:86,12,1,0
BRDA:87,13,0,1
BRDA:87,13,1,0
BRDA:88,14,0,1
BRDA:88,14,1,0
BRDA:90,15,0,40
BRDA:90,15,1,0
BRDA:96,16,0,1
BRDA:96,16,1,0
BRDA:97,17,0,1
BRDA:97,17,1,0
BRDA:98,18,0,1
BRDA:98,18,1,0
BRDA:102,19,0,1
BRDA:102,19,1,0
BRDA:103,20,0,1
BRDA:103,20,1,0
BRDA:105,21,0,4
BRDA:105,21,1,0
BRDA:111,22,0,1
BRDA:111,22,1,0
BRDA:112,23,0,1
BRDA:112,23,1,0
BRDA:113,24,0,1
BRDA:113,24,1,0
BRDA:117,25,0,1
BRDA:117,25,1,0
BRDA:119,26,0,3
BRDA:119,26,1,0
BRDA:140,27,0,7
BRDA:140,27,1,0
BRDA:158,28,0,17
BRDA:158,28,1,0
BRDA:173,29,0,4
BRDA:173,29,1,0
BRDA:187,30,0,3
BRDA:187,30,1,0
BRDA:286,31,0,57
BRDA:286,31,1,0
BRDA:287,32,0,57
BRDA:287,32,1,0
BRDA:288,33,0,57
BRDA:288,33,1,0
BRDA:289,34,0,57
BRDA:289,34,1,0
BRDA:290,35,0,57
BRDA:290,35,1,0
BRDA:291,36,0,57
BRDA:291,36,1,0
BRDA:292,37,0,57
BRDA:292,37,1,0
BRDA:296,38,0,0
BRDA:296,38,1,0
BRDA:308,39,0,8
BRDA:308,39,1,0
BRDA:309,40,0,8
BRDA:309,40,1,0
BRDA:310,41,0,8
BRDA:310,41,1,0
BRDA:311,42,0,8
BRDA:311,42,1,0
BRDA:312,43,0,8
BRDA:312,43,1,0
BRDA:313,44,0,8
BRDA:313,44,1,0
BRDA:314,45,0,8
BRDA:314,45,1,0
BRDA:318,46,0,0
BRDA:318,46,1,0
BRDA:330,47,0,17
BRDA:330,47,1,0
BRDA:331,48,0,17
BRDA:331,48,1,0
BRDA:332,49,0,17
BRDA:332,49,1,0
BRDA:333,50,0,17
BRDA:333,50,1,0
BRDA:334,51,0,17
BRDA:334,51,1,0
BRDA:335,52,0,17
BRDA:335,52,1,0
BRDA:336,53,0,17
BRDA:336,53,1,0
BRDA:340,54,0,0
BRDA:340,54,1,0
BRDA:352,55,0,6
BRDA:352,55,1,0
BRDA:353,56,0,6
BRDA:353,56,1,0
BRDA:354,57,0,6
BRDA:354,57,1,0
BRDA:355,58,0,6
BRDA:355,58,1,0
BRDA:356,59,0,6
BRDA:356,59,1,0
BRDA:357,60,0,6
BRDA:357,60,1,0
BRDA:358,61,0,6
BRDA:358,61,1,0
BRDA:362,62,0,0
BRDA:362,62,1,0
BRF:126
BRH:59
end_of_record
TN:
SF:src\configuration\interface-configuration.ts
FN:7,(anonymous_0)
FNF:1
FNH:1
FNDA:2,(anonymous_0)
LF:0
LH:0
BRF:0
BRH:0
end_of_record
TN:
SF:src\configuration\interface-member-configuration.ts
FN:3,(anonymous_0)
FNF:1
FNH:1
FNDA:2,(anonymous_0)
LF:0
LH:0
BRF:0
BRH:0
end_of_record
TN:
SF:src\configuration\interface-member-group-configuration.ts
FN:7,(anonymous_0)
FNF:1
FNH:1
FNDA:8,(anonymous_0)
LF:0
LH:0
BRF:0
BRH:0
end_of_record
TN:
SF:src\configuration\module-configuration.ts
FN:7,(anonymous_0)
FNF:1
FNH:1
FNDA:2,(anonymous_0)
LF:0
LH:0
BRF:0
BRH:0
end_of_record
TN:
SF:src\configuration\module-member-configuration.ts
FN:3,(anonymous_0)
FNF:1
FNH:1
FNDA:2,(anonymous_0)
LF:0
LH:0
BRF:0
BRH:0
end_of_record
TN:
SF:src\configuration\module-member-group-configuration.ts
FN:7,(anonymous_0)
FNF:1
FNH:1
FNDA:17,(anonymous_0)
LF:0
LH:0
BRF:0
BRH:0
end_of_record
TN:
SF:src\configuration\region-configuration.ts
FN:3,(anonymous_0)
FNF:1
FNH:1
FNDA:8,(anonymous_0)
LF:0
LH:0
BRF:0
BRH:0
end_of_record
TN:
SF:src\configuration\type-configuration.ts
FN:7,(anonymous_0)
FNF:1
FNH:1
FNDA:2,(anonymous_0)
LF:0
LH:0
BRF:0
BRH:0
end_of_record
TN:
SF:src\configuration\type-member-configuration.ts
FN:3,(anonymous_0)
FNF:1
FNH:1
FNDA:2,(anonymous_0)
LF:0
LH:0
BRF:0
BRH:0
end_of_record
TN:
SF:src\configuration\type-member-group-configuration.ts
FN:7,(anonymous_0)
FNF:1
FNH:1
FNDA:6,(anonymous_0)
LF:0
LH:0
BRF:0
BRH:0
end_of_record
TN:
SF:src\elements\accessor-node.ts
FN:20,(anonymous_0)
FNF:1
FNH:1
FNDA:20,(anonymous_0)
DA:22,20
DA:24,20
DA:26,20
DA:27,20
DA:29,20
DA:30,20
LF:6
LH:6
BRDA:24,0,0,20
BRDA:24,0,1,0
BRF:2
BRH:1
end_of_record
TN:
SF:src\elements\class-node.ts
FN:37,(anonymous_0)
FN:99,(anonymous_1)
FN:282,(anonymous_2)
FN:294,(anonymous_3)
FN:296,(anonymous_4)
FN:299,(anonymous_5)
FN:301,(anonymous_6)
FN:304,(anonymous_7)
FN:306,(anonymous_8)
FN:309,(anonymous_9)
FN:311,(anonymous_10)
FN:314,(anonymous_11)
FN:316,(anonymous_12)
FN:319,(anonymous_13)
FN:321,(anonymous_14)
FN:324,(anonymous_15)
FN:326,(anonymous_16)
FN:329,(anonymous_17)
FN:331,(anonymous_18)
FN:334,(anonymous_19)
FN:336,(anonymous_20)
FN:339,(anonymous_21)
FN:341,(anonymous_22)
FN:344,(anonymous_23)
FN:346,(anonymous_24)
FN:349,(anonymous_25)
FN:351,(anonymous_26)
FN:354,(anonymous_27)
FN:356,(anonymous_28)
FN:359,(anonymous_29)
FN:361,(anonymous_30)
FN:364,(anonymous_31)
FN:366,(anonymous_32)
FN:369,(anonymous_33)
FN:371,(anonymous_34)
FN:374,(anonymous_35)
FN:376,(anonymous_36)
FN:379,(anonymous_37)
FN:381,(anonymous_38)
FN:384,(anonymous_39)
FN:386,(anonymous_40)
FN:389,(anonymous_41)
FN:391,(anonymous_42)
FN:394,(anonymous_43)
FN:396,(anonymous_44)
FN:399,(anonymous_45)
FN:401,(anonymous_46)
FN:404,(anonymous_47)
FN:406,(anonymous_48)
FN:409,(anonymous_49)
FN:411,(anonymous_50)
FN:414,(anonymous_51)
FN:416,(anonymous_52)
FN:419,(anonymous_53)
FN:421,(anonymous_54)
FN:424,(anonymous_55)
FN:426,(anonymous_56)
FN:429,(anonymous_57)
FN:431,(anonymous_58)
FN:434,(anonymous_59)
FN:436,(anonymous_60)
FN:439,(anonymous_61)
FN:441,(anonymous_62)
FN:444,(anonymous_63)
FN:446,(anonymous_64)
FN:449,(anonymous_65)
FN:451,(anonymous_66)
FN:454,(anonymous_67)
FN:456,(anonymous_68)
FN:459,(anonymous_69)
FN:461,(anonymous_70)
FN:464,(anonymous_71)
FN:466,(anonymous_72)
FN:469,(anonymous_73)
FN:471,(anonymous_74)
FNF:75
FNH:75
FNDA:1,(anonymous_0)
FNDA:1,(anonymous_1)
FNDA:12,(anonymous_2)
FNDA:1,(anonymous_3)
FNDA:20,(anonymous_4)
FNDA:1,(anonymous_5)
FNDA:36,(anonymous_6)
FNDA:1,(anonymous_7)
FNDA:28,(anonymous_8)
FNDA:1,(anonymous_9)
FNDA:40,(anonymous_10)
FNDA:1,(anonymous_11)
FNDA:40,(anonymous_12)
FNDA:1,(anonymous_13)
FNDA:20,(anonymous_14)
FNDA:1,(anonymous_15)
FNDA:36,(anonymous_16)
FNDA:1,(anonymous_17)
FNDA:28,(anonymous_18)
FNDA:1,(anonymous_19)
FNDA:40,(anonymous_20)
FNDA:1,(anonymous_21)
FNDA:40,(anonymous_22)
FNDA:1,(anonymous_23)
FNDA:20,(anonymous_24)
FNDA:1,(anonymous_25)
FNDA:36,(anonymous_26)
FNDA:1,(anonymous_27)
FNDA:28,(anonymous_28)
FNDA:1,(anonymous_29)
FNDA:20,(anonymous_30)
FNDA:1,(anonymous_31)
FNDA:36,(anonymous_32)
FNDA:1,(anonymous_33)
FNDA:28,(anonymous_34)
FNDA:1,(anonymous_35)
FNDA:40,(anonymous_36)
FNDA:1,(anonymous_37)
FNDA:40,(anonymous_38)
FNDA:1,(anonymous_39)
FNDA:20,(anonymous_40)
FNDA:1,(anonymous_41)
FNDA:36,(anonymous_42)
FNDA:1,(anonymous_43)
FNDA:28,(anonymous_44)
FNDA:1,(anonymous_45)
FNDA:40,(anonymous_46)
FNDA:1,(anonymous_47)
FNDA:40,(anonymous_48)
FNDA:1,(anonymous_49)
FNDA:20,(anonymous_50)
FNDA:1,(anonymous_51)
FNDA:36,(anonymous_52)
FNDA:1,(anonymous_53)
FNDA:28,(anonymous_54)
FNDA:1,(anonymous_55)
FNDA:20,(anonymous_56)
FNDA:1,(anonymous_57)
FNDA:36,(anonymous_58)
FNDA:1,(anonymous_59)
FNDA:28,(anonymous_60)
FNDA:1,(anonymous_61)
FNDA:40,(anonymous_62)
FNDA:1,(anonymous_63)
FNDA:40,(anonymous_64)
FNDA:1,(anonymous_65)
FNDA:20,(anonymous_66)
FNDA:1,(anonymous_67)
FNDA:36,(anonymous_68)
FNDA:1,(anonymous_69)
FNDA:28,(anonymous_70)
FNDA:1,(anonymous_71)
FNDA:40,(anonymous_72)
FNDA:1,(anonymous_73)
FNDA:40,(anonymous_74)
DA:19,1
DA:20,1
DA:22,1
DA:25,1
DA:26,1
DA:27,1
DA:29,1
DA:30,1
DA:31,1
DA:39,1
DA:41,1
DA:43,1
DA:45,1
DA:46,1
DA:49,1
DA:51,1
DA:52,1
DA:55,1
DA:57,126
DA:59,1
DA:61,125
DA:63,1
DA:65,124
DA:67,20
DA:69,104
DA:71,44
DA:73,4
DA:77,40
DA:80,60
DA:82,18
DA:84,42
DA:86,18
DA:88,24
DA:90,24
DA:101,1
DA:103,1
DA:105,40
DA:106,40
DA:107,40
DA:108,40
DA:109,40
DA:111,40
DA:113,38
DA:115,38
DA:117,1
DA:119,37
DA:121,1
DA:123,36
DA:125,1
DA:127,35
DA:129,1
DA:131,34
DA:133,1
DA:135,33
DA:137,1
DA:139,32
DA:141,1
DA:143,31
DA:145,1
DA:147,30
DA:149,1
DA:151,29
DA:153,1
DA:155,28
DA:157,1
DA:159,27
DA:161,1
DA:163,26
DA:165,1
DA:167,25
DA:169,1
DA:171,24
DA:173,1
DA:175,23
DA:177,1
DA:179,22
DA:181,1
DA:183,21
DA:185,1
DA:187,20
DA:189,1
DA:191,19
DA:193,1
DA:195,18
DA:197,1
DA:199,17
DA:201,1
DA:203,16
DA:205,1
DA:207,15
DA:209,1
DA:211,14
DA:213,1
DA:215,13
DA:217,1
DA:219,12
DA:221,1
DA:223,11
DA:225,1
DA:227,10
DA:229,1
DA:231,9
DA:233,1
DA:235,8
DA:237,1
DA:239,7
DA:241,1
DA:243,6
DA:245,1
DA:247,5
DA:249,1
DA:251,4
DA:253,1
DA:255,3
DA:257,1
DA:259,2
DA:261,1
DA:263,1
DA:265,1
DA:268,38
DA:270,38
DA:274,40
DA:276,38
DA:278,26
DA:282,12
DA:287,1
DA:296,20
DA:301,36
DA:306,28
DA:311,40
DA:316,40
DA:321,20
DA:326,36
DA:331,28
DA:336,40
DA:341,40
DA:346,20
DA:351,36
DA:356,28
DA:361,20
DA:366,36
DA:371,28
DA:376,40
DA:381,40
DA:386,20
DA:391,36
DA:396,28
DA:401,40
DA:406,40
DA:411,20
DA:416,36
DA:421,28
DA:426,20
DA:431,36
DA:436,28
DA:441,40
DA:446,40
DA:451,20
DA:456,36
DA:461,28
DA:466,40
DA:471,40
LF:162
LH:162
BRDA:43,0,0,1
BRDA:43,0,1,0
BRDA:43,1,0,1
BRDA:43,1,1,1
BRDA:57,2,0,1
BRDA:57,2,1,125
BRDA:61,3,0,1
BRDA:61,3,1,124
BRDA:65,4,0,20
BRDA:65,4,1,104
BRDA:69,5,0,44
BRDA:69,5,1,60
BRDA:71,6,0,4
BRDA:71,6,1,40
BRDA:71,7,0,44
BRDA:71,7,1,44
BRDA:80,8,0,18
BRDA:80,8,1,42
BRDA:84,9,0,18
BRDA:84,9,1,24
BRDA:88,10,0,24
BRDA:88,10,1,0
BRDA:115,11,0,1
BRDA:115,11,1,37
BRDA:119,12,0,1
BRDA:119,12,1,36
BRDA:123,13,0,1
BRDA:123,13,1,35
BRDA:127,14,0,1
BRDA:127,14,1,34
BRDA:131,15,0,1
BRDA:131,15,1,33
BRDA:135,16,0,1
BRDA:135,16,1,32
BRDA:139,17,0,1
BRDA:139,17,1,31
BRDA:143,18,0,1
BRDA:143,18,1,30
BRDA:147,19,0,1
BRDA:147,19,1,29
BRDA:151,20,0,1
BRDA:151,20,1,28
BRDA:155,21,0,1
BRDA:155,21,1,27
BRDA:159,22,0,1
BRDA:159,22,1,26
BRDA:163,23,0,1
BRDA:163,23,1,25
BRDA:167,24,0,1
BRDA:167,24,1,24
BRDA:171,25,0,1
BRDA:171,25,1,23
BRDA:175,26,0,1
BRDA:175,26,1,22
BRDA:179,27,0,1
BRDA:179,27,1,21
BRDA:183,28,0,1
BRDA:183,28,1,20
BRDA:187,29,0,1
BRDA:187,29,1,19
BRDA:191,30,0,1
BRDA:191,30,1,18
BRDA:195,31,0,1
BRDA:195,31,1,17
BRDA:199,32,0,1
BRDA:199,32,1,16
BRDA:203,33,0,1
BRDA:203,33,1,15
BRDA:207,34,0,1
BRDA:207,34,1,14
BRDA:211,35,0,1
BRDA:211,35,1,13
BRDA:215,36,0,1
BRDA:215,36,1,12
BRDA:219,37,0,1
BRDA:219,37,1,11
BRDA:223,38,0,1
BRDA:223,38,1,10
BRDA:227,39,0,1
BRDA:227,39,1,9
BRDA:231,40,0,1
BRDA:231,40,1,8
BRDA:235,41,0,1
BRDA:235,41,1,7
BRDA:239,42,0,1
BRDA:239,42,1,6
BRDA:243,43,0,1
BRDA:243,43,1,5
BRDA:247,44,0,1
BRDA:247,44,1,4
BRDA:251,45,0,1
BRDA:251,45,1,3
BRDA:255,46,0,1
BRDA:255,46,1,2
BRDA:259,47,0,1
BRDA:259,47,1,1
BRDA:263,48,0,1
BRDA:263,48,1,0
BRDA:268,49,0,38
BRDA:268,49,1,0
BRDA:274,50,0,38
BRDA:274,50,1,2
BRDA:276,51,0,26
BRDA:276,51,1,12
BRDA:296,52,0,20
BRDA:296,52,1,4
BRDA:296,52,2,2
BRDA:301,53,0,36
BRDA:301,53,1,8
BRDA:301,53,2,2
BRDA:306,54,0,28
BRDA:306,54,1,9
BRDA:306,54,2,6
BRDA:311,55,0,40
BRDA:311,55,1,19
BRDA:311,55,2,14
BRDA:316,56,0,40
BRDA:316,56,1,19
BRDA:316,56,2,5
BRDA:321,57,0,20
BRDA:321,57,1,4
BRDA:321,57,2,2
BRDA:326,58,0,36
BRDA:326,58,1,8
BRDA:326,58,2,6
BRDA:331,59,0,28
BRDA:331,59,1,9
BRDA:331,59,2,3
BRDA:336,60,0,40
BRDA:336,60,1,19
BRDA:336,60,2,14
BRDA:341,61,0,40
BRDA:341,61,1,19
BRDA:341,61,2,5
BRDA:346,62,0,20
BRDA:346,62,1,7
BRDA:346,62,2,5
BRDA:351,63,0,36
BRDA:351,63,1,14
BRDA:351,63,2,8
BRDA:356,64,0,28
BRDA:356,64,1,9
BRDA:356,64,2,6
BRDA:361,65,0,20
BRDA:361,65,1,7
BRDA:361,65,2,5
BRDA:366,66,0,36
BRDA:366,66,1,14
BRDA:366,66,2,8
BRDA:371,67,0,28
BRDA:371,67,1,9
BRDA:371,67,2,6
BRDA:376,68,0,40
BRDA:376,68,1,12
BRDA:376,68,2,4
BRDA:381,69,0,40
BRDA:381,69,1,12
BRDA:381,69,2,8
BRDA:386,70,0,20
BRDA:386,70,1,7
BRDA:386,70,2,2
BRDA:391,71,0,36
BRDA:391,71,1,14
BRDA:391,71,2,6
BRDA:396,72,0,28
BRDA:396,72,1,9
BRDA:396,72,2,3
BRDA:401,73,0,40
BRDA:401,73,1,12
BRDA:401,73,2,4
BRDA:406,74,0,40
BRDA:406,74,1,12
BRDA:406,74,2,8
BRDA:411,75,0,20
BRDA:411,75,1,9
BRDA:411,75,2,6
BRDA:416,76,0,36
BRDA:416,76,1,14
BRDA:416,76,2,8
BRDA:421,77,0,28
BRDA:421,77,1,10
BRDA:421,77,2,6
BRDA:426,78,0,20
BRDA:426,78,1,9
BRDA:426,78,2,6
BRDA:431,79,0,36
BRDA:431,79,1,14
BRDA:431,79,2,8
BRDA:436,80,0,28
BRDA:436,80,1,10
BRDA:436,80,2,6
BRDA:441,81,0,40
BRDA:441,81,1,9
BRDA:441,81,2,4
BRDA:446,82,0,40
BRDA:446,82,1,9
BRDA:446,82,2,5
BRDA:451,83,0,20
BRDA:451,83,1,9
BRDA:451,83,2,3
BRDA:456,84,0,36
BRDA:456,84,1,14
BRDA:456,84,2,6
BRDA:461,85,0,28
BRDA:461,85,1,10
BRDA:461,85,2,4
BRDA:466,86,0,40
BRDA:466,86,1,9
BRDA:466,86,2,4
BRDA:471,87,0,40
BRDA:471,87,1,9
BRDA:471,87,2,5
BRF:212
BRH:208
end_of_record
TN:
SF:src\elements\constructor-node.ts
FN:17,(anonymous_0)
FNF:1
FNH:1
FNDA:1,(anonymous_0)
DA:19,1
DA:21,1
DA:22,1
LF:3
LH:3
BRF:0
BRH:0
end_of_record
TN:
SF:src\elements\element-node-group.ts
FN:8,(anonymous_0)
FN:16,(anonymous_1)
FN:18,(anonymous_2)
FNF:3
FNH:3
FNDA:79,(anonymous_0)
FNDA:282,(anonymous_1)
FNDA:81,(anonymous_2)
DA:18,282
LF:1
LH:1
BRF:0
BRH:0
end_of_record
TN:
SF:src\elements\element-node.ts
FN:14,(anonymous_0)
FN:23,(anonymous_1)
FNF:2
FNH:2
FNDA:128,(anonymous_0)
FNDA:128,(anonymous_1)
DA:16,128
DA:25,128
DA:27,128
DA:29,326
DA:32,128
LF:5
LH:5
BRDA:27,0,0,454
BRDA:27,0,1,291
BRF:2
BRH:2
end_of_record
TN:
SF:src\elements\enum-node.ts
FN:14,(anonymous_0)
FNF:1
FNH:0
FNDA:0,(anonymous_0)
DA:16,0
DA:18,0
LF:2
LH:0
BRDA:18,0,0,0
BRDA:18,0,1,0
BRF:2
BRH:0
end_of_record
TN:
SF:src\elements\expression-node.ts
FN:15,(anonymous_0)
FNF:1
FNH:0
FNDA:0,(anonymous_0)
DA:17,0
DA:19,0
LF:2
LH:0
BRF:0
BRH:0
end_of_record
TN:
SF:src\elements\function-node.ts
FN:16,(anonymous_0)
FNF:1
FNH:0
FNDA:0,(anonymous_0)
DA:18,0
DA:20,0
DA:22,0
LF:3
LH:0
BRF:0
BRH:0
end_of_record
TN:
SF:src\elements\getter-node.ts
FN:20,(anonymous_0)
FNF:1
FNH:1
FNDA:18,(anonymous_0)
DA:22,18
DA:24,18
DA:26,18
DA:27,18
DA:29,18
DA:30,18
LF:6
LH:6
BRDA:24,0,0,18
BRDA:24,0,1,0
BRF:2
BRH:1
end_of_record
TN:
SF:src\elements\import-node.ts
FN:15,(anonymous_0)
FNF:1
FNH:1
FNDA:1,(anonymous_0)
DA:17,1
DA:19,1
LF:2
LH:2
BRF:0
BRH:0
end_of_record
TN:
SF:src\elements\index-signature-node.ts
FN:18,(anonymous_0)
FNF:1
FNH:0
FNDA:0,(anonymous_0)
DA:20,0
DA:22,0
DA:24,0
LF:3
LH:0
BRF:0
BRH:0
end_of_record
TN:
SF:src\elements\interface-node.ts
FN:32,(anonymous_0)
FN:83,(anonymous_1)
FN:134,(anonymous_2)
FN:146,(anonymous_3)
FN:151,(anonymous_4)
FN:153,(anonymous_5)
FN:156,(anonymous_6)
FN:158,(anonymous_7)
FNF:8
FNH:0
FNDA:0,(anonymous_0)
FNDA:0,(anonymous_1)
FNDA:0,(anonymous_2)
FNDA:0,(anonymous_3)
FNDA:0,(anonymous_4)
FNDA:0,(anonymous_5)
FNDA:0,(anonymous_6)
FNDA:0,(anonymous_7)
DA:19,0
DA:20,0
DA:21,0
DA:22,0
DA:23,0
DA:25,0
DA:26,0
DA:34,0
DA:36,0
DA:38,0
DA:40,0
DA:41,0
DA:45,0
DA:47,0
DA:49,0
DA:51,0
DA:53,0
DA:57,0
DA:60,0
DA:62,0
DA:64,0
DA:66,0
DA:68,0
DA:70,0
DA:72,0
DA:74,0
DA:85,0
DA:87,0
DA:89,0
DA:90,0
DA:91,0
DA:92,0
DA:93,0
DA:95,0
DA:97,0
DA:99,0
DA:101,0
DA:103,0
DA:105,0
DA:107,0
DA:109,0
DA:111,0
DA:113,0
DA:115,0
DA:117,0
DA:120,0
DA:122,0
DA:126,0
DA:128,0
DA:130,0
DA:134,0
DA:139,0
DA:148,0
DA:153,0
DA:158,0
LF:55
LH:0
BRDA:36,0,0,0
BRDA:36,0,1,0
BRDA:38,1,0,0
BRDA:38,1,1,0
BRDA:38,2,0,0
BRDA:38,2,1,0
BRDA:47,3,0,0
BRDA:47,3,1,0
BRDA:51,4,0,0
BRDA:51,4,1,0
BRDA:51,5,0,0
BRDA:51,5,1,0
BRDA:60,6,0,0
BRDA:60,6,1,0
BRDA:64,7,0,0
BRDA:64,7,1,0
BRDA:68,8,0,0
BRDA:68,8,1,0
BRDA:72,9,0,0
BRDA:72,9,1,0
BRDA:99,10,0,0
BRDA:99,10,1,0
BRDA:103,11,0,0
BRDA:103,11,1,0
BRDA:107,12,0,0
BRDA:107,12,1,0
BRDA:111,13,0,0
BRDA:111,13,1,0
BRDA:115,14,0,0
BRDA:115,14,1,0
BRDA:120,15,0,0
BRDA:120,15,1,0
BRDA:126,16,0,0
BRDA:126,16,1,0
BRDA:128,17,0,0
BRDA:128,17,1,0
BRF:36
BRH:0
end_of_record
TN:
SF:src\elements\method-node.ts
FN:21,(anonymous_0)
FNF:1
FNH:1
FNDA:24,(anonymous_0)
DA:23,24
DA:25,24
DA:28,24
DA:29,24
DA:31,24
DA:32,24
DA:33,24
LF:7
LH:7
BRDA:25,0,0,24
BRDA:25,0,1,0
BRDA:28,1,0,0
BRDA:28,1,1,24
BRF:4
BRH:2
end_of_record
TN:
SF:src\elements\method-signature-node.ts
FN:14,(anonymous_0)
FNF:1
FNH:0
FNDA:0,(anonymous_0)
DA:16,0
DA:18,0
LF:2
LH:0
BRDA:18,0,0,0
BRDA:18,0,1,0
BRF:2
BRH:0
end_of_record
TN:
SF:src\elements\property-node.ts
FN:23,(anonymous_0)
FN:49,(anonymous_1)
FNF:2
FNH:2
FNDA:44,(anonymous_0)
FNDA:44,(anonymous_1)
DA:25,44
DA:27,44
DA:29,44
DA:30,44
DA:32,44
DA:35,2
DA:38,44
DA:39,44
DA:40,44
DA:42,44
DA:51,44
LF:11
LH:11
BRDA:27,0,0,44
BRDA:27,0,1,0
BRDA:32,1,0,2
BRDA:32,1,1,42
BRDA:51,2,0,44
BRDA:51,2,1,31
BRF:6
BRH:5
end_of_record
TN:
SF:src\elements\property-signature-node.ts
FN:17,(anonymous_0)
FNF:1
FNH:0
FNDA:0,(anonymous_0)
DA:19,0
DA:21,0
DA:23,0
LF:3
LH:0
BRF:0
BRH:0
end_of_record
TN:
SF:src\elements\setter-node.ts
FN:20,(anonymous_0)
FNF:1
FNH:1
FNDA:18,(anonymous_0)
DA:22,18
DA:24,18
DA:26,18
DA:27,18
DA:29,18
DA:30,18
LF:6
LH:6
BRDA:24,0,0,18
BRDA:24,0,1,0
BRF:2
BRH:1
end_of_record
TN:
SF:src\elements\static-block-declaration-node.ts
FN:15,(anonymous_0)
FNF:1
FNH:1
FNDA:1,(anonymous_0)
DA:17,1
DA:19,1
LF:2
LH:2
BRF:0
BRH:0
end_of_record
TN:
SF:src\elements\type-alias-node.ts
FN:26,(anonymous_0)
FN:73,(anonymous_1)
FN:116,(anonymous_2)
FNF:3
FNH:0
FNDA:0,(anonymous_0)
FNDA:0,(anonymous_1)
FNDA:0,(anonymous_2)
DA:15,0
DA:16,0
DA:17,0
DA:19,0
DA:20,0
DA:28,0
DA:30,0
DA:32,0
DA:34,0
DA:36,0
DA:38,0
DA:40,0
DA:41,0
DA:44,0
DA:46,0
DA:48,0
DA:50,0
DA:52,0
DA:56,0
DA:59,0
DA:61,0
DA:75,0
DA:77,0
DA:79,0
DA:80,0
DA:81,0
DA:82,0
DA:83,0
DA:85,0
DA:87,0
DA:89,0
DA:91,0
DA:93,0
DA:95,0
DA:97,0
DA:99,0
DA:102,0
DA:104,0
DA:108,0
DA:110,0
DA:112,0
DA:116,0
DA:121,0
LF:43
LH:0
BRDA:30,0,0,0
BRDA:30,0,1,0
BRDA:34,1,0,0
BRDA:34,1,1,0
BRDA:38,2,0,0
BRDA:38,2,1,0
BRDA:38,3,0,0
BRDA:38,3,1,0
BRDA:46,4,0,0
BRDA:46,4,1,0
BRDA:50,5,0,0
BRDA:50,5,1,0
BRDA:50,6,0,0
BRDA:50,6,1,0
BRDA:59,7,0,0
BRDA:59,7,1,0
BRDA:89,8,0,0
BRDA:89,8,1,0
BRDA:93,9,0,0
BRDA:93,9,1,0
BRDA:97,10,0,0
BRDA:97,10,1,0
BRDA:102,11,0,0
BRDA:102,11,1,0
BRDA:108,12,0,0
BRDA:108,12,1,0
BRDA:110,13,0,0
BRDA:110,13,1,0
BRF:28
BRH:0
end_of_record
TN:
SF:src\elements\variable-node.ts
FN:19,(anonymous_0)
FN:23,(anonymous_1)
FN:38,(anonymous_2)
FNF:3
FNH:0
FNDA:0,(anonymous_0)
FNDA:0,(anonymous_1)
FNDA:0,(anonymous_2)
DA:21,0
DA:23,0
DA:25,0
DA:26,0
DA:29,0
DA:31,0
DA:40,0
LF:7
LH:0
BRDA:31,0,0,0
BRDA:31,0,1,0
BRDA:40,1,0,0
BRDA:40,1,1,0
BRDA:40,1,2,0
BRDA:40,1,3,0
BRDA:40,1,4,0
BRF:7
BRH:0
end_of_record
TN:
SF:src\enums\access-modifier.ts
FNF:0
FNH:0
LF:0
LH:0
BRF:0
BRH:0
end_of_record
TN:
SF:src\enums\class-member-type.ts
FNF:0
FNH:0
LF:0
LH:0
BRF:0
BRH:0
end_of_record
TN:
SF:src\enums\interface-member-type.ts
FNF:0
FNH:0
LF:0
LH:0
BRF:0
BRH:0
end_of_record
TN:
SF:src\enums\module-member-type.ts
FNF:0
FNH:0
LF:0
LH:0
BRF:0
BRH:0
end_of_record
TN:
SF:src\enums\type-member-type.ts
FNF:0
FNH:0
LF:0
LH:0
BRF:0
BRH:0
end_of_record
TN:
SF:src\enums\write-modifier.ts
FNF:0
FNH:0
LF:0
LH:0
BRF:0
BRH:0
end_of_record
TN:
SF:src\helpers\array-helper.ts
FN:3,distinct
FN:5,(anonymous_1)
FNF:2
FNH:2
FNDA:264,distinct
FNDA:116,(anonymous_1)
DA:5,264
LF:1
LH:1
BRF:0
BRH:0
end_of_record
TN:
SF:src\helpers\comparing-helper.ts
FN:3,compareNumbers
FN:19,compareStrings
FNF:2
FNH:1
FNDA:0,compareNumbers
FNDA:183,compareStrings
DA:5,0
DA:7,0
DA:9,0
DA:11,0
DA:15,0
DA:21,183
DA:23,81
DA:25,102
DA:27,82
DA:31,20
LF:10
LH:5
BRDA:5,0,0,0
BRDA:5,0,1,0
BRDA:9,1,0,0
BRDA:9,1,1,0
BRDA:21,2,0,81
BRDA:21,2,1,102
BRDA:25,3,0,82
BRDA:25,3,1,20
BRF:8
BRH:4
end_of_record
TN:
SF:src\helpers\file-system-helper.ts
FN:3,deleteFile
FN:11,fileExists
FN:25,getFileName
FN:30,getFileNameWithoutExtension
FN:35,joinPath
FN:40,readFile
FN:45,writeFile
FNF:7
FNH:5
FNDA:0,deleteFile
FNDA:3,fileExists
FNDA:0,getFileName
FNDA:154,getFileNameWithoutExtension
FNDA:77,joinPath
FNDA:3,readFile
FNDA:1,writeFile
DA:5,0
DA:7,0
DA:13,3
DA:15,3
DA:17,0
DA:21,3
DA:27,0
DA:32,154
DA:37,77
DA:42,3
DA:47,1
DA:49,0
DA:51,0
DA:52,0
DA:56,0
DA:61,1
DA:69,1
DA:70,1
LF:18
LH:10
BRDA:5,0,0,0
BRDA:5,0,1,0
BRDA:45,1,0,0
BRDA:47,2,0,0
BRDA:47,2,1,1
BRDA:49,3,0,0
BRDA:49,3,1,0
BRF:7
BRH:1
end_of_record
TN:
SF:src\helpers\node-helper.ts
FN:25,getAccessModifier
FN:34,(anonymous_1)
FN:56,getClasses
FN:58,(anonymous_3)
FN:58,(anonymous_4)
FN:61,getDecorators
FN:63,(anonymous_6)
FN:63,(anonymous_7)
FN:66,getDecoratorsWithoutParameters
FN:68,(anonymous_9)
FN:71,getEnums
FN:73,(anonymous_11)
FN:73,(anonymous_12)
FN:76,getExpressions
FN:79,(anonymous_14)
FN:82,getFunctions
FN:84,(anonymous_16)
FN:85,(anonymous_17)
FN:86,(anonymous_18)
FN:87,(anonymous_19)
FN:90,(anonymous_20)
FN:93,getImports
FN:95,(anonymous_22)
FN:95,(anonymous_23)
FN:98,getInterfaces
FN:100,(anonymous_25)
FN:100,(anonymous_26)
FN:103,getIsAbstract
FN:105,(anonymous_28)
FN:108,getIsAsync
FN:110,(anonymous_30)
FN:113,getIsExport
FN:120,(anonymous_32)
FN:132,getIsStatic
FN:134,(anonymous_34)
FN:137,getModifiers
FN:201,getName
FN:219,getTypeAliases
FN:221,(anonymous_38)
FN:221,(anonymous_39)
FN:224,getVariables
FN:226,(anonymous_41)
FN:226,(anonymous_42)
FN:230,(anonymous_43)
FN:233,(anonymous_44)
FN:234,(anonymous_45)
FN:235,(anonymous_46)
FN:238,getWriteMode
FN:242,(anonymous_48)
FN:259,isPrivate
FN:264,isProtected
FN:269,isPublic
FN:274,isReadOnly
FN:279,isWritable
FN:284,order
FN:293,(anonymous_55)
FN:304,splitByPlaceAboveBelow
FN:306,(anonymous_57)
FN:307,(anonymous_58)
FN:308,(anonymous_59)
FNF:60
FNH:42
FNDA:124,getAccessModifier
FNDA:152,(anonymous_1)
FNDA:1,getClasses
FNDA:2,(anonymous_3)
FNDA:0,(anonymous_4)
FNDA:126,getDecorators
FNDA:259,(anonymous_6)
FNDA:33,(anonymous_7)
FNDA:0,getDecoratorsWithoutParameters
FNDA:0,(anonymous_9)
FNDA:1,getEnums
FNDA:2,(anonymous_11)
FNDA:0,(anonymous_12)
FNDA:1,getExpressions
FNDA:2,(anonymous_14)
FNDA:2,getFunctions
FNDA:4,(anonymous_16)
FNDA:0,(anonymous_17)
FNDA:0,(anonymous_18)
FNDA:0,(anonymous_19)
FNDA:0,(anonymous_20)
FNDA:1,getImports
FNDA:2,(anonymous_22)
FNDA:0,(anonymous_23)
FNDA:1,getInterfaces
FNDA:2,(anonymous_25)
FNDA:0,(anonymous_26)
FNDA:125,getIsAbstract
FNDA:251,(anonymous_28)
FNDA:24,getIsAsync
FNDA:38,(anonymous_30)
FNDA:0,getIsExport
FNDA:0,(anonymous_32)
FNDA:125,getIsStatic
FNDA:244,(anonymous_34)
FNDA:444,getModifiers
FNDA:366,getName
FNDA:1,getTypeAliases
FNDA:2,(anonymous_38)
FNDA:0,(anonymous_39)
FNDA:4,getVariables
FNDA:8,(anonymous_41)
FNDA:0,(anonymous_42)
FNDA:0,(anonymous_43)
FNDA:0,(anonymous_44)
FNDA:0,(anonymous_45)
FNDA:0,(anonymous_46)
FNDA:44,getWriteMode
FNDA:88,(anonymous_48)
FNDA:328,isPrivate
FNDA:412,isProtected
FNDA:412,isPublic
FNDA:80,isReadOnly
FNDA:80,isWritable
FNDA:51,order
FNDA:183,(anonymous_55)
FNDA:51,splitByPlaceAboveBelow
FNDA:166,(anonymous_57)
FNDA:166,(anonymous_58)
FNDA:166,(anonymous_59)
DA:27,124
DA:28,124
DA:31,124
DA:34,152
DA:36,118
DA:38,105
DA:40,25
DA:42,80
DA:44,42
DA:46,38
DA:48,38
DA:53,124
DA:58,2
DA:63,259
DA:68,0
DA:73,2
DA:79,2
DA:84,4
DA:85,0
DA:86,0
DA:87,0
DA:88,2
DA:90,2
DA:95,2
DA:100,2
DA:105,251
DA:110,38
DA:115,0
DA:117,0
DA:120,0
DA:122,0
DA:125,0
DA:129,0
DA:134,244
DA:141,444
DA:143,3
DA:145,441
DA:147,54
DA:149,387
DA:151,54
DA:153,333
DA:155,236
DA:157,97
DA:159,96
DA:161,1
DA:165,1
DA:167,1
DA:169,0
DA:171,0
DA:173,0
DA:175,0
DA:177,0
DA:179,0
DA:181,0
DA:183,0
DA:185,0
DA:187,0
DA:189,0
DA:191,0
DA:193,0
DA:195,0
DA:198,444
DA:203,366
DA:204,366
DA:206,366
DA:213,366
DA:216,366
DA:221,2
DA:226,8
DA:228,4
DA:230,0
DA:233,4
DA:234,0
DA:235,0
DA:240,44
DA:241,44
DA:242,88
DA:244,44
DA:246,19
DA:248,0
DA:250,19
DA:252,19
DA:256,44
DA:261,328
DA:266,412
DA:271,412
DA:276,80
DA:281,80
DA:286,51
DA:287,51
DA:288,51
DA:289,51
DA:291,51
DA:293,183
DA:295,51
DA:297,0
DA:301,51
DA:306,166
DA:307,166
DA:308,166
DA:310,51
LF:101
LH:72
BRDA:31,0,0,118
BRDA:31,0,1,6
BRDA:31,1,0,124
BRDA:31,1,1,118
BRDA:36,2,0,105
BRDA:36,2,1,13
BRDA:38,3,0,25
BRDA:38,3,1,80
BRDA:42,4,0,42
BRDA:42,4,1,38
BRDA:46,5,0,38
BRDA:46,5,1,0
BRDA:63,6,0,126
BRDA:63,6,1,0
BRDA:88,7,0,0
BRDA:88,7,1,2
BRDA:117,8,0,0
BRDA:117,8,1,0
BRDA:117,9,0,0
BRDA:117,9,1,0
BRDA:122,10,0,0
BRDA:122,10,1,0
BRDA:122,11,0,0
BRDA:122,11,1,0
BRDA:141,12,0,3
BRDA:141,12,1,441
BRDA:145,13,0,54
BRDA:145,13,1,387
BRDA:149,14,0,54
BRDA:149,14,1,333
BRDA:153,15,0,236
BRDA:153,15,1,97
BRDA:157,16,0,96
BRDA:157,16,1,1
BRDA:161,17,0,0
BRDA:161,17,1,1
BRDA:165,18,0,1
BRDA:165,18,1,0
BRDA:169,19,0,0
BRDA:169,19,1,0
BRDA:173,20,0,0
BRDA:173,20,1,0
BRDA:177,21,0,0
BRDA:177,21,1,0
BRDA:181,22,0,0
BRDA:181,22,1,0
BRDA:185,23,0,0
BRDA:185,23,1,0
BRDA:189,24,0,0
BRDA:189,24,1,0
BRDA:193,25,0,0
BRDA:193,25,1,0
BRDA:198,26,0,444
BRDA:198,26,1,24
BRDA:203,27,0,9
BRDA:203,27,1,357
BRDA:206,28,0,366
BRDA:206,28,1,0
BRDA:206,29,0,366
BRDA:206,29,1,366
BRDA:206,29,2,247
BRDA:206,29,3,174
BRDA:206,29,4,108
BRDA:206,29,5,48
BRDA:213,30,0,0
BRDA:213,30,1,366
BRDA:213,31,0,366
BRDA:213,31,1,0
BRDA:228,32,0,0
BRDA:228,32,1,4
BRDA:233,33,0,0
BRDA:233,33,1,0
BRDA:244,34,0,19
BRDA:244,34,1,25
BRDA:246,35,0,0
BRDA:246,35,1,19
BRDA:250,36,0,19
BRDA:250,36,1,0
BRDA:271,37,0,412
BRDA:271,37,1,333
BRDA:291,38,0,51
BRDA:291,38,1,0
BRDA:295,39,0,0
BRDA:295,39,1,51
BRDA:306,40,0,51
BRDA:306,40,1,0
BRDA:307,41,0,51
BRDA:307,41,1,0
BRDA:308,42,0,166
BRDA:308,42,1,166
BRF:90
BRH:51
end_of_record
TN:
SF:src\helpers\sorting-helper.ts
FN:5,sortBy
FN:9,(anonymous_1)
FN:9,(anonymous_2)
FN:9,(anonymous_3)
FN:9,(anonymous_4)
FNF:5
FNH:1
FNDA:102,sortBy
FNDA:0,(anonymous_1)
FNDA:0,(anonymous_2)
FNDA:0,(anonymous_3)
FNDA:0,(anonymous_4)
DA:7,102
DA:9,0
DA:13,102
LF:3
LH:2
BRDA:7,0,0,0
BRDA:7,0,1,102
BRDA:7,1,0,102
BRDA:7,1,1,102
BRDA:7,1,2,102
BRDA:7,1,3,0
BRF:6
BRH:4
end_of_record
TN:
SF:src\helpers\string-helper.ts
FN:3,convertPascalCaseToTitleCase
FN:8,(anonymous_1)
FNF:2
FNH:0
FNDA:0,convertPascalCaseToTitleCase
FNDA:0,(anonymous_1)
DA:5,0
DA:8,0
DA:9,0
DA:12,0
LF:4
LH:0
BRDA:5,0,0,0
BRDA:5,0,1,0
BRDA:5,1,0,0
BRDA:5,1,1,0
BRF:4
BRH:0
end_of_record
TN:
SF:src\source-code\source-code-analyzer.ts
FN:18,(anonymous_0)
FN:35,(anonymous_1)
FNF:2
FNH:2
FNDA:1,(anonymous_0)
FNDA:4,(anonymous_1)
DA:20,1
DA:23,1
DA:25,2
DA:28,1
DA:37,4
DA:39,4
DA:42,1
DA:44,3
DA:47,0
DA:49,3
DA:52,0
DA:54,3
DA:57,1
DA:59,2
DA:62,0
DA:64,2
DA:67,0
DA:69,2
DA:72,0
DA:74,2
DA:77,0
DA:82,2
DA:84,2
DA:88,4
LF:24
LH:18
BRDA:39,0,0,1
BRDA:39,0,1,3
BRDA:44,1,0,0
BRDA:44,1,1,3
BRDA:49,2,0,0
BRDA:49,2,1,3
BRDA:54,3,0,1
BRDA:54,3,1,2
BRDA:59,4,0,0
BRDA:59,4,1,2
BRDA:64,5,0,0
BRDA:64,5,1,2
BRDA:69,6,0,0
BRDA:69,6,1,2
BRDA:74,7,0,0
BRDA:74,7,1,2
BRF:16
BRH:10
end_of_record
TN:
SF:src\source-code\source-code-organizer.ts
FN:18,(anonymous_0)
FN:47,(anonymous_1)
FN:80,(anonymous_2)
FN:176,(anonymous_3)
FNF:4
FNH:2
FNDA:1,(anonymous_0)
FNDA:0,(anonymous_1)
FNDA:1,(anonymous_2)
FNDA:0,(anonymous_3)
DA:20,1
DA:21,1
DA:23,1
DA:27,1
DA:29,1
DA:30,1
DA:32,1
DA:33,1
DA:34,1
DA:36,1
DA:40,0
DA:44,0
DA:49,0
DA:50,0
DA:52,0
DA:54,0
DA:58,0
DA:61,0
DA:63,0
DA:67,0
DA:70,0
DA:72,0
DA:82,1
DA:83,1
DA:84,1
DA:85,1
DA:86,1
DA:87,1
DA:88,1
DA:89,1
DA:90,1
DA:91,1
DA:92,1
DA:93,1
DA:94,1
DA:96,1
DA:98,1
DA:101,1
DA:103,10
DA:104,10
DA:105,10
DA:106,10
DA:107,10
DA:109,10
DA:111,10
DA:113,10
DA:115,1
DA:117,9
DA:119,1
DA:121,8
DA:123,1
DA:125,7
DA:127,1
DA:129,6
DA:131,1
DA:133,5
DA:135,1
DA:137,4
DA:139,1
DA:141,3
DA:143,1
DA:145,2
DA:147,1
DA:149,1
DA:151,1
DA:154,10
DA:156,1
DA:160,10
DA:162,1
DA:170,1
DA:172,1
DA:176,0
DA:181,1
DA:184,0
DA:187,1
LF:75
LH:61
BRDA:23,0,0,1
BRDA:23,0,1,0
BRDA:23,1,0,1
BRDA:23,1,1,1
BRDA:23,1,2,1
BRDA:70,2,0,0
BRDA:70,2,1,0
BRDA:90,3,0,0
BRDA:90,3,1,1
BRDA:91,4,0,0
BRDA:91,4,1,1
BRDA:96,5,0,1
BRDA:96,5,1,0
BRDA:113,6,0,1
BRDA:113,6,1,9
BRDA:117,7,0,1
BRDA:117,7,1,8
BRDA:121,8,0,1
BRDA:121,8,1,7
BRDA:125,9,0,1
BRDA:125,9,1,6
BRDA:129,10,0,1
BRDA:129,10,1,5
BRDA:133,11,0,1
BRDA:133,11,1,4
BRDA:137,12,0,1
BRDA:137,12,1,3
BRDA:141,13,0,1
BRDA:141,13,1,2
BRDA:145,14,0,1
BRDA:145,14,1,1
BRDA:149,15,0,1
BRDA:149,15,1,0
BRDA:154,16,0,1
BRDA:154,16,1,9
BRDA:160,17,0,1
BRDA:160,17,1,9
BRDA:162,18,0,1
BRDA:162,18,1,1
BRDA:162,18,2,1
BRDA:162,18,3,1
BRDA:162,18,4,1
BRDA:162,18,5,1
BRDA:162,18,6,1
BRDA:170,19,0,1
BRDA:170,19,1,0
BRDA:181,20,0,0
BRDA:181,20,1,1
BRF:48
BRH:39
end_of_record
TN:
SF:src\source-code\source-code-printer.ts
FN:20,(anonymous_0)
FN:35,(anonymous_1)
FN:45,(anonymous_2)
FN:46,(anonymous_3)
FN:47,(anonymous_4)
FN:48,(anonymous_5)
FN:49,(anonymous_6)
FN:55,(anonymous_7)
FN:56,(anonymous_8)
FN:57,(anonymous_9)
FN:58,(anonymous_10)
FN:59,(anonymous_11)
FN:70,(anonymous_12)
FN:85,(anonymous_13)
FN:113,(anonymous_14)
FN:147,(anonymous_15)
FN:150,(anonymous_16)
FN:170,(anonymous_17)
FNF:18
FNH:11
FNDA:1,(anonymous_0)
FNDA:1,(anonymous_1)
FNDA:40,(anonymous_2)
FNDA:28,(anonymous_3)
FNDA:18,(anonymous_4)
FNDA:18,(anonymous_5)
FNDA:20,(anonymous_6)
FNDA:0,(anonymous_7)
FNDA:0,(anonymous_8)
FNDA:0,(anonymous_9)
FNDA:0,(anonymous_10)
FNDA:0,(anonymous_11)
FNDA:0,(anonymous_12)
FNDA:128,(anonymous_13)
FNDA:67,(anonymous_14)
FNDA:69,(anonymous_15)
FNDA:67,(anonymous_16)
FNDA:0,(anonymous_17)
DA:22,1
DA:24,1
DA:25,1
DA:26,1
DA:28,1
DA:37,1
DA:38,1
DA:39,1
DA:40,1
DA:42,1
DA:45,40
DA:46,28
DA:47,18
DA:48,18
DA:49,20
DA:52,1
DA:55,0
DA:56,0
DA:57,0
DA:58,0
DA:59,0
DA:62,1
DA:63,1
DA:64,1
DA:65,1
DA:67,1
DA:72,0
DA:73,0
DA:74,0
DA:75,0
DA:77,0
DA:78,0
DA:79,0
DA:80,0
DA:82,0
DA:87,128
DA:89,128
DA:91,0
DA:93,128
DA:95,1
DA:97,127
DA:99,0
DA:102,128
DA:105,44
DA:108,128
DA:110,128
DA:115,67
DA:116,67
DA:119,67
DA:122,67
DA:124,128
DA:126,128
DA:130,60
DA:133,46
DA:138,67
DA:141,38
DA:144,67
DA:149,69
DA:150,69
DA:152,69
DA:154,67
DA:156,67
DA:158,67
DA:162,38
DA:167,69
DA:172,0
DA:173,0
DA:174,0
DA:175,0
DA:177,0
DA:178,0
DA:179,0
DA:180,0
DA:182,0
LF:74
LH:49
BRDA:42,0,0,1
BRDA:42,0,1,0
BRDA:52,1,0,0
BRDA:52,1,1,1
BRDA:89,2,0,0
BRDA:89,2,1,128
BRDA:93,3,0,1
BRDA:93,3,1,127
BRDA:97,4,0,0
BRDA:97,4,1,127
BRDA:102,5,0,44
BRDA:102,5,1,84
BRDA:105,6,0,44
BRDA:105,6,1,4
BRDA:126,7,0,60
BRDA:126,7,1,68
BRDA:126,8,0,128
BRDA:126,8,1,104
BRDA:126,8,2,86
BRDA:130,9,0,46
BRDA:130,9,1,14
BRDA:138,10,0,38
BRDA:138,10,1,29
BRDA:138,11,0,67
BRDA:138,11,1,38
BRDA:141,12,0,38
BRDA:141,12,1,0
BRDA:154,13,0,67
BRDA:154,13,1,0
BRDA:158,14,0,38
BRDA:158,14,1,29
BRDA:158,15,0,67
BRDA:158,15,1,40
BRF:33
BRH:27
end_of_record
TN:
SF:src\source-code\source-code.ts
FN:21,(anonymous_0)
FN:29,(anonymous_1)
FN:41,(anonymous_2)
FN:53,(anonymous_3)
FN:58,(anonymous_4)
FN:66,(anonymous_5)
FN:69,(anonymous_6)
FN:70,(anonymous_7)
FN:71,(anonymous_8)
FN:72,(anonymous_9)
FN:73,(anonymous_10)
FN:73,(anonymous_11)
FN:73,(anonymous_12)
FN:74,(anonymous_13)
FN:74,(anonymous_14)
FN:74,(anonymous_15)
FN:75,(anonymous_16)
FN:121,(anonymous_17)
FN:124,(anonymous_18)
FN:125,(anonymous_19)
FN:126,(anonymous_20)
FN:127,(anonymous_21)
FN:128,(anonymous_22)
FN:128,(anonymous_23)
FN:128,(anonymous_24)
FN:129,(anonymous_25)
FN:129,(anonymous_26)
FN:129,(anonymous_27)
FN:174,(anonymous_28)
FN:201,(anonymous_29)
FN:241,(anonymous_30)
FN:281,(anonymous_31)
FN:286,(anonymous_32)
FN:295,(anonymous_33)
FNF:34
FNH:21
FNDA:266,(anonymous_0)
FNDA:711,(anonymous_1)
FNDA:0,(anonymous_2)
FNDA:370,(anonymous_3)
FNDA:44,(anonymous_4)
FNDA:0,(anonymous_5)
FNDA:0,(anonymous_6)
FNDA:0,(anonymous_7)
FNDA:0,(anonymous_8)
FNDA:0,(anonymous_9)
FNDA:0,(anonymous_10)
FNDA:0,(anonymous_11)
FNDA:0,(anonymous_12)
FNDA:0,(anonymous_13)
FNDA:0,(anonymous_14)
FNDA:0,(anonymous_15)
FNDA:0,(anonymous_16)
FNDA:124,(anonymous_17)
FNDA:12,(anonymous_18)
FNDA:34,(anonymous_19)
FNDA:34,(anonymous_20)
FNDA:12,(anonymous_21)
FNDA:17,(anonymous_22)
FNDA:85,(anonymous_23)
FNDA:53,(anonymous_24)
FNDA:17,(anonymous_25)
FNDA:68,(anonymous_26)
FNDA:36,(anonymous_27)
FNDA:38,(anonymous_28)
FNDA:1,(anonymous_29)
FNDA:1,(anonymous_30)
FNDA:265,(anonymous_31)
FNDA:1,(anonymous_32)
FNDA:38,(anonymous_33)
DA:15,266
DA:31,711
DA:33,263
DA:37,448
DA:43,0
DA:45,0
DA:47,0
DA:48,0
DA:49,0
DA:55,370
DA:60,44
DA:62,4
DA:68,0
DA:69,0
DA:70,0
DA:71,0
DA:72,0
DA:73,0
DA:74,0
DA:75,0
DA:77,0
DA:79,0
DA:80,0
DA:82,0
DA:84,0
DA:85,0
DA:87,0
DA:89,0
DA:90,0
DA:92,0
DA:94,0
DA:95,0
DA:97,0
DA:99,0
DA:100,0
DA:102,0
DA:104,0
DA:105,0
DA:108,0
DA:110,0
DA:111,0
DA:112,0
DA:113,0
DA:115,0
DA:116,0
DA:123,124
DA:124,124
DA:125,124
DA:126,124
DA:127,124
DA:128,124
DA:129,124
DA:131,124
DA:133,17
DA:134,17
DA:136,17
DA:138,6
DA:139,6
DA:141,11
DA:143,6
DA:144,6
DA:146,5
DA:148,0
DA:149,0
DA:151,5
DA:153,2
DA:154,2
DA:156,3
DA:158,3
DA:159,3
DA:162,17
DA:164,17
DA:165,17
DA:166,17
DA:167,17
DA:169,17
DA:176,38
DA:177,38
DA:178,38
DA:179,38
DA:181,38
DA:182,38
DA:183,38
DA:184,38
DA:185,38
DA:187,38
DA:188,38
DA:189,38
DA:190,38
DA:192,38
DA:193,38
DA:194,38
DA:195,38
DA:196,38
DA:197,38
DA:198,38
DA:203,1
DA:204,1
DA:205,1
DA:206,1
DA:207,1
DA:209,1
DA:211,1
DA:213,542
DA:217,0
DA:219,0
DA:221,542
DA:225,0
DA:227,0
DA:229,542
DA:232,0
DA:234,0
DA:238,1
DA:243,1
DA:244,1
DA:245,1
DA:246,1
DA:247,1
DA:248,1
DA:250,1
DA:251,1
DA:252,1
DA:253,1
DA:255,1
DA:257,338
DA:260,338
DA:264,0
DA:267,0
DA:270,0
DA:273,0
DA:278,1
DA:283,265
DA:288,1
DA:297,38
DA:298,38
DA:300,38
DA:302,38
DA:304,38
DA:308,0
LF:139
LH:88
BRDA:21,0,0,137
BRDA:31,1,0,263
BRDA:31,1,1,448
BRDA:43,2,0,0
BRDA:43,2,1,0
BRDA:43,3,0,0
BRDA:43,3,1,0
BRDA:60,4,0,4
BRDA:60,4,1,40
BRDA:69,5,0,0
BRDA:69,5,1,0
BRDA:70,6,0,0
BRDA:70,6,1,0
BRDA:71,7,0,0
BRDA:71,7,1,0
BRDA:72,8,0,0
BRDA:72,8,1,0
BRDA:77,9,0,0
BRDA:77,9,1,0
BRDA:77,10,0,0
BRDA:77,10,1,0
BRDA:82,11,0,0
BRDA:82,11,1,0
BRDA:87,12,0,0
BRDA:87,12,1,0
BRDA:92,13,0,0
BRDA:92,13,1,0
BRDA:97,14,0,0
BRDA:97,14,1,0
BRDA:102,15,0,0
BRDA:102,15,1,0
BRDA:108,16,0,0
BRDA:108,16,1,0
BRDA:108,17,0,0
BRDA:108,17,1,0
BRDA:110,18,0,0
BRDA:110,18,1,0
BRDA:124,19,0,0
BRDA:124,19,1,12
BRDA:125,20,0,10
BRDA:125,20,1,24
BRDA:126,21,0,12
BRDA:126,21,1,22
BRDA:127,22,0,6
BRDA:127,22,1,6
BRDA:131,23,0,17
BRDA:131,23,1,107
BRDA:131,24,0,124
BRDA:131,24,1,122
BRDA:136,25,0,6
BRDA:136,25,1,11
BRDA:141,26,0,6
BRDA:141,26,1,5
BRDA:146,27,0,0
BRDA:146,27,1,5
BRDA:151,28,0,2
BRDA:151,28,1,3
BRDA:156,29,0,3
BRDA:156,29,1,0
BRDA:162,30,0,17
BRDA:162,30,1,0
BRDA:162,31,0,17
BRDA:162,31,1,17
BRDA:164,32,0,14
BRDA:164,32,1,3
BRDA:184,33,0,38
BRDA:184,33,1,0
BRDA:189,34,0,38
BRDA:189,34,1,0
BRDA:213,35,0,0
BRDA:213,35,1,542
BRDA:213,36,0,542
BRDA:213,36,1,0
BRDA:221,37,0,0
BRDA:221,37,1,542
BRDA:221,38,0,542
BRDA:221,38,1,0
BRDA:229,39,0,0
BRDA:229,39,1,542
BRDA:229,40,0,542
BRDA:229,40,1,0
BRDA:257,41,0,338
BRDA:257,41,1,0
BRDA:257,42,0,338
BRDA:257,42,1,338
BRDA:264,43,0,0
BRDA:264,43,1,0
BRDA:270,44,0,0
BRDA:270,44,1,0
BRDA:302,45,0,38
BRDA:302,45,1,0
BRDA:302,46,0,38
BRDA:302,46,1,38
BRF:93
BRH:43
end_of_record
TN:
SF:test\helpers\configuration-helper.ts
FNF:0
FNH:0
DA:1,1
DA:2,1
DA:3,1
DA:4,1
DA:5,1
DA:6,1
DA:7,1
DA:8,1
DA:9,1
DA:10,1
DA:11,1
DA:12,1
LF:12
LH:12
BRF:0
BRH:0
end_of_record
TN:
SF:test\helpers\organize-test-helper.ts
FN:7,getOrganizeTestParameters
FNF:1
FNH:1
FNDA:1,getOrganizeTestParameters
DA:9,1
DA:22,1
DA:31,1
DA:33,1
DA:35,7
DA:37,77
DA:38,77
DA:39,77
DA:40,77
DA:42,77
DA:46,1
DA:53,1
DA:54,1
DA:55,1
DA:56,1
DA:57,1
DA:58,1
DA:59,1
DA:60,1
DA:61,1
DA:62,1
DA:63,1
DA:64,1
DA:65,1
DA:66,1
DA:67,1
DA:68,1
LF:27
LH:27
BRF:0
BRH:0
end_of_record
TN:
SF:test\helpers\organize-test-parameters.ts
FN:5,(anonymous_0)
FNF:1
FNH:1
FNDA:77,(anonymous_0)
LF:0
LH:0
BRF:0
BRH:0
end_of_record
